<?xml version="1.0" encoding="UTF-8"?>
<testsuite name="com.okta.springbootvue.SpringBootVueApplication.Service.UserServiceImplTest" tests="8" skipped="1" failures="0" errors="0" timestamp="2019-11-09T05:15:22" hostname="DESKTOP-FS3LUFH" time="1.775">
  <properties/>
  <testcase name="addQuestion" classname="com.okta.springbootvue.SpringBootVueApplication.Service.UserServiceImplTest" time="1.746"/>
  <testcase name="addUser" classname="com.okta.springbootvue.SpringBootVueApplication.Service.UserServiceImplTest" time="0.003"/>
  <testcase name="findById" classname="com.okta.springbootvue.SpringBootVueApplication.Service.UserServiceImplTest" time="0.003"/>
  <testcase name="updateUser" classname="com.okta.springbootvue.SpringBootVueApplication.Service.UserServiceImplTest" time="0.004"/>
  <testcase name="castVote" classname="com.okta.springbootvue.SpringBootVueApplication.Service.UserServiceImplTest" time="0.0">
    <skipped/>
  </testcase>
  <testcase name="updateUserType" classname="com.okta.springbootvue.SpringBootVueApplication.Service.UserServiceImplTest" time="0.003"/>
  <testcase name="findAllUsers" classname="com.okta.springbootvue.SpringBootVueApplication.Service.UserServiceImplTest" time="0.003"/>
  <testcase name="deleteUserById" classname="com.okta.springbootvue.SpringBootVueApplication.Service.UserServiceImplTest" time="0.005"/>
  <system-out><![CDATA[00:15:22.492 [Test worker] DEBUG org.springframework.test.context.junit4.SpringJUnit4ClassRunner - SpringJUnit4ClassRunner constructor called with [class com.okta.springbootvue.SpringBootVueApplication.Service.UserServiceImplTest]
00:15:22.492 [Test worker] DEBUG org.springframework.test.context.BootstrapUtils - Instantiating CacheAwareContextLoaderDelegate from class [org.springframework.test.context.cache.DefaultCacheAwareContextLoaderDelegate]
00:15:22.492 [Test worker] DEBUG org.springframework.test.context.BootstrapUtils - Instantiating BootstrapContext using constructor [public org.springframework.test.context.support.DefaultBootstrapContext(java.lang.Class,org.springframework.test.context.CacheAwareContextLoaderDelegate)]
00:15:22.492 [Test worker] DEBUG org.springframework.test.context.BootstrapUtils - Instantiating TestContextBootstrapper for test class [com.okta.springbootvue.SpringBootVueApplication.Service.UserServiceImplTest] from class [org.springframework.test.context.support.DefaultTestContextBootstrapper]
00:15:22.492 [Test worker] DEBUG org.springframework.test.context.support.AbstractDelegatingSmartContextLoader - Delegating to GenericXmlContextLoader to process context configuration [ContextConfigurationAttributes@dcc2327 declaringClass = 'com.okta.springbootvue.SpringBootVueApplication.Service.UserServiceImplTest', classes = '{}', locations = '{classpath*:SpringBootVueApplication.class}', inheritLocations = true, initializers = '{}', inheritInitializers = true, name = [null], contextLoaderClass = 'org.springframework.test.context.ContextLoader'].
00:15:22.493 [Test worker] DEBUG org.springframework.test.context.support.ActiveProfilesUtils - Could not find an 'annotation declaring class' for annotation type [org.springframework.test.context.ActiveProfiles] and class [com.okta.springbootvue.SpringBootVueApplication.Service.UserServiceImplTest]
00:15:22.493 [Test worker] DEBUG org.springframework.test.context.support.DefaultTestContextBootstrapper - @TestExecutionListeners is not present for class [com.okta.springbootvue.SpringBootVueApplication.Service.UserServiceImplTest]: using defaults.
00:15:22.494 [Test worker] INFO org.springframework.test.context.support.DefaultTestContextBootstrapper - Loaded default TestExecutionListener class names from location [META-INF/spring.factories]: [org.springframework.boot.test.autoconfigure.restdocs.RestDocsTestExecutionListener, org.springframework.boot.test.autoconfigure.web.client.MockRestServiceServerResetTestExecutionListener, org.springframework.boot.test.autoconfigure.web.servlet.MockMvcPrintOnlyOnFailureTestExecutionListener, org.springframework.boot.test.autoconfigure.web.servlet.WebDriverTestExecutionListener, org.springframework.boot.test.mock.mockito.MockitoTestExecutionListener, org.springframework.boot.test.mock.mockito.ResetMocksTestExecutionListener, org.springframework.test.context.web.ServletTestExecutionListener, org.springframework.test.context.support.DirtiesContextBeforeModesTestExecutionListener, org.springframework.test.context.support.DependencyInjectionTestExecutionListener, org.springframework.test.context.support.DirtiesContextTestExecutionListener, org.springframework.test.context.transaction.TransactionalTestExecutionListener, org.springframework.test.context.jdbc.SqlScriptsTestExecutionListener]
00:15:22.494 [Test worker] INFO org.springframework.test.context.support.DefaultTestContextBootstrapper - Using TestExecutionListeners: [org.springframework.test.context.web.ServletTestExecutionListener@42ff776b, org.springframework.test.context.support.DirtiesContextBeforeModesTestExecutionListener@294c2f1e, org.springframework.boot.test.mock.mockito.MockitoTestExecutionListener@7a195373, org.springframework.test.context.support.DependencyInjectionTestExecutionListener@16a0820c, org.springframework.test.context.support.DirtiesContextTestExecutionListener@2fddfb9c, org.springframework.test.context.transaction.TransactionalTestExecutionListener@672105a6, org.springframework.test.context.jdbc.SqlScriptsTestExecutionListener@579340fa, org.springframework.boot.test.autoconfigure.restdocs.RestDocsTestExecutionListener@45b118e6, org.springframework.boot.test.autoconfigure.web.client.MockRestServiceServerResetTestExecutionListener@5f01ad7, org.springframework.boot.test.autoconfigure.web.servlet.MockMvcPrintOnlyOnFailureTestExecutionListener@6a9333fa, org.springframework.boot.test.autoconfigure.web.servlet.WebDriverTestExecutionListener@27ca2ac2, org.springframework.boot.test.mock.mockito.ResetMocksTestExecutionListener@6af170f5]
00:15:22.494 [Test worker] DEBUG org.springframework.test.annotation.ProfileValueUtils - Retrieved @ProfileValueSourceConfiguration [null] for test class [com.okta.springbootvue.SpringBootVueApplication.Service.UserServiceImplTest]
00:15:22.494 [Test worker] DEBUG org.springframework.test.annotation.ProfileValueUtils - Retrieved ProfileValueSource type [class org.springframework.test.annotation.SystemProfileValueSource] for class [com.okta.springbootvue.SpringBootVueApplication.Service.UserServiceImplTest]
00:15:22.494 [Test worker] DEBUG org.springframework.test.annotation.ProfileValueUtils - Retrieved @ProfileValueSourceConfiguration [null] for test class [com.okta.springbootvue.SpringBootVueApplication.Service.UserServiceImplTest]
00:15:22.494 [Test worker] DEBUG org.springframework.test.annotation.ProfileValueUtils - Retrieved ProfileValueSource type [class org.springframework.test.annotation.SystemProfileValueSource] for class [com.okta.springbootvue.SpringBootVueApplication.Service.UserServiceImplTest]
00:15:22.494 [Test worker] DEBUG org.springframework.test.context.support.AbstractDirtiesContextTestExecutionListener - Before test class: context [DefaultTestContext@6fd2f9de testClass = UserServiceImplTest, testInstance = [null], testMethod = [null], testException = [null], mergedContextConfiguration = [MergedContextConfiguration@1cad1b3d testClass = UserServiceImplTest, locations = '{classpath*:SpringBootVueApplication.class}', classes = '{}', contextInitializerClasses = '[]', activeProfiles = '{}', propertySourceLocations = '{}', propertySourceProperties = '{}', contextCustomizers = set[org.springframework.boot.test.autoconfigure.properties.PropertyMappingContextCustomizer@0, org.springframework.boot.test.autoconfigure.web.servlet.WebDriverContextCustomizerFactory$Customizer@5eba7a12, org.springframework.boot.test.context.filter.ExcludeFilterContextCustomizer@60e11cfd, org.springframework.boot.test.json.DuplicateJsonObjectContextCustomizerFactory$DuplicateJsonObjectContextCustomizer@736cf593, org.springframework.boot.test.mock.mockito.MockitoContextCustomizer@0], contextLoader = 'org.springframework.test.context.support.DelegatingSmartContextLoader', parent = [null]], attributes = map[[empty]]], class annotated with @DirtiesContext [false] with mode [null].
00:15:22.494 [Test worker] DEBUG org.springframework.test.annotation.ProfileValueUtils - Retrieved @ProfileValueSourceConfiguration [null] for test class [com.okta.springbootvue.SpringBootVueApplication.Service.UserServiceImplTest]
00:15:22.494 [Test worker] DEBUG org.springframework.test.annotation.ProfileValueUtils - Retrieved ProfileValueSource type [class org.springframework.test.annotation.SystemProfileValueSource] for class [com.okta.springbootvue.SpringBootVueApplication.Service.UserServiceImplTest]
00:15:22.496 [Test worker] DEBUG org.springframework.test.context.support.DependencyInjectionTestExecutionListener - Performing dependency injection for test context [[DefaultTestContext@6fd2f9de testClass = UserServiceImplTest, testInstance = com.okta.springbootvue.SpringBootVueApplication.Service.UserServiceImplTest@5be49d22, testMethod = [null], testException = [null], mergedContextConfiguration = [MergedContextConfiguration@1cad1b3d testClass = UserServiceImplTest, locations = '{classpath*:SpringBootVueApplication.class}', classes = '{}', contextInitializerClasses = '[]', activeProfiles = '{}', propertySourceLocations = '{}', propertySourceProperties = '{}', contextCustomizers = set[org.springframework.boot.test.autoconfigure.properties.PropertyMappingContextCustomizer@0, org.springframework.boot.test.autoconfigure.web.servlet.WebDriverContextCustomizerFactory$Customizer@5eba7a12, org.springframework.boot.test.context.filter.ExcludeFilterContextCustomizer@60e11cfd, org.springframework.boot.test.json.DuplicateJsonObjectContextCustomizerFactory$DuplicateJsonObjectContextCustomizer@736cf593, org.springframework.boot.test.mock.mockito.MockitoContextCustomizer@0], contextLoader = 'org.springframework.test.context.support.DelegatingSmartContextLoader', parent = [null]], attributes = map[[empty]]]].
00:15:22.496 [Test worker] DEBUG org.springframework.test.context.cache.DefaultCacheAwareContextLoaderDelegate - Retrieved ApplicationContext from cache with key [[MergedContextConfiguration@1cad1b3d testClass = UserServiceImplTest, locations = '{classpath*:SpringBootVueApplication.class}', classes = '{}', contextInitializerClasses = '[]', activeProfiles = '{}', propertySourceLocations = '{}', propertySourceProperties = '{}', contextCustomizers = set[org.springframework.boot.test.autoconfigure.properties.PropertyMappingContextCustomizer@0, org.springframework.boot.test.autoconfigure.web.servlet.WebDriverContextCustomizerFactory$Customizer@5eba7a12, org.springframework.boot.test.context.filter.ExcludeFilterContextCustomizer@60e11cfd, org.springframework.boot.test.json.DuplicateJsonObjectContextCustomizerFactory$DuplicateJsonObjectContextCustomizer@736cf593, org.springframework.boot.test.mock.mockito.MockitoContextCustomizer@0], contextLoader = 'org.springframework.test.context.support.DelegatingSmartContextLoader', parent = [null]]]
00:15:22.496 [Test worker] DEBUG org.springframework.test.context.cache - Spring test ApplicationContext cache statistics: [DefaultContextCache@fda4b80 size = 1, maxSize = 32, parentContextCount = 0, hitCount = 330, missCount = 1]
00:15:22.498 [Test worker] DEBUG org.springframework.test.context.support.AbstractDirtiesContextTestExecutionListener - Before test method: context [DefaultTestContext@6fd2f9de testClass = UserServiceImplTest, testInstance = com.okta.springbootvue.SpringBootVueApplication.Service.UserServiceImplTest@5be49d22, testMethod = addQuestion@UserServiceImplTest, testException = [null], mergedContextConfiguration = [MergedContextConfiguration@1cad1b3d testClass = UserServiceImplTest, locations = '{classpath*:SpringBootVueApplication.class}', classes = '{}', contextInitializerClasses = '[]', activeProfiles = '{}', propertySourceLocations = '{}', propertySourceProperties = '{}', contextCustomizers = set[org.springframework.boot.test.autoconfigure.properties.PropertyMappingContextCustomizer@0, org.springframework.boot.test.autoconfigure.web.servlet.WebDriverContextCustomizerFactory$Customizer@5eba7a12, org.springframework.boot.test.context.filter.ExcludeFilterContextCustomizer@60e11cfd, org.springframework.boot.test.json.DuplicateJsonObjectContextCustomizerFactory$DuplicateJsonObjectContextCustomizer@736cf593, org.springframework.boot.test.mock.mockito.MockitoContextCustomizer@0], contextLoader = 'org.springframework.test.context.support.DelegatingSmartContextLoader', parent = [null]], attributes = map[[empty]]], class annotated with @DirtiesContext [false] with mode [null], method annotated with @DirtiesContext [false] with mode [null].
00:15:22.499 [Test worker] DEBUG org.springframework.test.context.cache.DefaultCacheAwareContextLoaderDelegate - Retrieved ApplicationContext from cache with key [[MergedContextConfiguration@1cad1b3d testClass = UserServiceImplTest, locations = '{classpath*:SpringBootVueApplication.class}', classes = '{}', contextInitializerClasses = '[]', activeProfiles = '{}', propertySourceLocations = '{}', propertySourceProperties = '{}', contextCustomizers = set[org.springframework.boot.test.autoconfigure.properties.PropertyMappingContextCustomizer@0, org.springframework.boot.test.autoconfigure.web.servlet.WebDriverContextCustomizerFactory$Customizer@5eba7a12, org.springframework.boot.test.context.filter.ExcludeFilterContextCustomizer@60e11cfd, org.springframework.boot.test.json.DuplicateJsonObjectContextCustomizerFactory$DuplicateJsonObjectContextCustomizer@736cf593, org.springframework.boot.test.mock.mockito.MockitoContextCustomizer@0], contextLoader = 'org.springframework.test.context.support.DelegatingSmartContextLoader', parent = [null]]]
00:15:22.499 [Test worker] DEBUG org.springframework.test.context.cache - Spring test ApplicationContext cache statistics: [DefaultContextCache@fda4b80 size = 1, maxSize = 32, parentContextCount = 0, hitCount = 331, missCount = 1]
00:15:24.241 [Test worker] DEBUG org.springframework.test.context.cache.DefaultCacheAwareContextLoaderDelegate - Retrieved ApplicationContext from cache with key [[MergedContextConfiguration@1cad1b3d testClass = UserServiceImplTest, locations = '{classpath*:SpringBootVueApplication.class}', classes = '{}', contextInitializerClasses = '[]', activeProfiles = '{}', propertySourceLocations = '{}', propertySourceProperties = '{}', contextCustomizers = set[org.springframework.boot.test.autoconfigure.properties.PropertyMappingContextCustomizer@0, org.springframework.boot.test.autoconfigure.web.servlet.WebDriverContextCustomizerFactory$Customizer@5eba7a12, org.springframework.boot.test.context.filter.ExcludeFilterContextCustomizer@60e11cfd, org.springframework.boot.test.json.DuplicateJsonObjectContextCustomizerFactory$DuplicateJsonObjectContextCustomizer@736cf593, org.springframework.boot.test.mock.mockito.MockitoContextCustomizer@0], contextLoader = 'org.springframework.test.context.support.DelegatingSmartContextLoader', parent = [null]]]
00:15:24.242 [Test worker] DEBUG org.springframework.test.context.cache - Spring test ApplicationContext cache statistics: [DefaultContextCache@fda4b80 size = 1, maxSize = 32, parentContextCount = 0, hitCount = 332, missCount = 1]
00:15:24.242 [Test worker] DEBUG org.springframework.test.context.cache.DefaultCacheAwareContextLoaderDelegate - Retrieved ApplicationContext from cache with key [[MergedContextConfiguration@1cad1b3d testClass = UserServiceImplTest, locations = '{classpath*:SpringBootVueApplication.class}', classes = '{}', contextInitializerClasses = '[]', activeProfiles = '{}', propertySourceLocations = '{}', propertySourceProperties = '{}', contextCustomizers = set[org.springframework.boot.test.autoconfigure.properties.PropertyMappingContextCustomizer@0, org.springframework.boot.test.autoconfigure.web.servlet.WebDriverContextCustomizerFactory$Customizer@5eba7a12, org.springframework.boot.test.context.filter.ExcludeFilterContextCustomizer@60e11cfd, org.springframework.boot.test.json.DuplicateJsonObjectContextCustomizerFactory$DuplicateJsonObjectContextCustomizer@736cf593, org.springframework.boot.test.mock.mockito.MockitoContextCustomizer@0], contextLoader = 'org.springframework.test.context.support.DelegatingSmartContextLoader', parent = [null]]]
00:15:24.242 [Test worker] DEBUG org.springframework.test.context.cache - Spring test ApplicationContext cache statistics: [DefaultContextCache@fda4b80 size = 1, maxSize = 32, parentContextCount = 0, hitCount = 333, missCount = 1]
00:15:24.242 [Test worker] DEBUG org.springframework.test.context.cache.DefaultCacheAwareContextLoaderDelegate - Retrieved ApplicationContext from cache with key [[MergedContextConfiguration@1cad1b3d testClass = UserServiceImplTest, locations = '{classpath*:SpringBootVueApplication.class}', classes = '{}', contextInitializerClasses = '[]', activeProfiles = '{}', propertySourceLocations = '{}', propertySourceProperties = '{}', contextCustomizers = set[org.springframework.boot.test.autoconfigure.properties.PropertyMappingContextCustomizer@0, org.springframework.boot.test.autoconfigure.web.servlet.WebDriverContextCustomizerFactory$Customizer@5eba7a12, org.springframework.boot.test.context.filter.ExcludeFilterContextCustomizer@60e11cfd, org.springframework.boot.test.json.DuplicateJsonObjectContextCustomizerFactory$DuplicateJsonObjectContextCustomizer@736cf593, org.springframework.boot.test.mock.mockito.MockitoContextCustomizer@0], contextLoader = 'org.springframework.test.context.support.DelegatingSmartContextLoader', parent = [null]]]
00:15:24.242 [Test worker] DEBUG org.springframework.test.context.cache - Spring test ApplicationContext cache statistics: [DefaultContextCache@fda4b80 size = 1, maxSize = 32, parentContextCount = 0, hitCount = 334, missCount = 1]
00:15:24.242 [Test worker] DEBUG org.springframework.test.context.cache.DefaultCacheAwareContextLoaderDelegate - Retrieved ApplicationContext from cache with key [[MergedContextConfiguration@1cad1b3d testClass = UserServiceImplTest, locations = '{classpath*:SpringBootVueApplication.class}', classes = '{}', contextInitializerClasses = '[]', activeProfiles = '{}', propertySourceLocations = '{}', propertySourceProperties = '{}', contextCustomizers = set[org.springframework.boot.test.autoconfigure.properties.PropertyMappingContextCustomizer@0, org.springframework.boot.test.autoconfigure.web.servlet.WebDriverContextCustomizerFactory$Customizer@5eba7a12, org.springframework.boot.test.context.filter.ExcludeFilterContextCustomizer@60e11cfd, org.springframework.boot.test.json.DuplicateJsonObjectContextCustomizerFactory$DuplicateJsonObjectContextCustomizer@736cf593, org.springframework.boot.test.mock.mockito.MockitoContextCustomizer@0], contextLoader = 'org.springframework.test.context.support.DelegatingSmartContextLoader', parent = [null]]]
00:15:24.242 [Test worker] DEBUG org.springframework.test.context.cache - Spring test ApplicationContext cache statistics: [DefaultContextCache@fda4b80 size = 1, maxSize = 32, parentContextCount = 0, hitCount = 335, missCount = 1]
00:15:24.244 [Test worker] DEBUG org.springframework.test.context.support.AbstractDirtiesContextTestExecutionListener - After test method: context [DefaultTestContext@6fd2f9de testClass = UserServiceImplTest, testInstance = com.okta.springbootvue.SpringBootVueApplication.Service.UserServiceImplTest@5be49d22, testMethod = addQuestion@UserServiceImplTest, testException = [null], mergedContextConfiguration = [MergedContextConfiguration@1cad1b3d testClass = UserServiceImplTest, locations = '{classpath*:SpringBootVueApplication.class}', classes = '{}', contextInitializerClasses = '[]', activeProfiles = '{}', propertySourceLocations = '{}', propertySourceProperties = '{}', contextCustomizers = set[org.springframework.boot.test.autoconfigure.properties.PropertyMappingContextCustomizer@0, org.springframework.boot.test.autoconfigure.web.servlet.WebDriverContextCustomizerFactory$Customizer@5eba7a12, org.springframework.boot.test.context.filter.ExcludeFilterContextCustomizer@60e11cfd, org.springframework.boot.test.json.DuplicateJsonObjectContextCustomizerFactory$DuplicateJsonObjectContextCustomizer@736cf593, org.springframework.boot.test.mock.mockito.MockitoContextCustomizer@0], contextLoader = 'org.springframework.test.context.support.DelegatingSmartContextLoader', parent = [null]], attributes = map[[empty]]], class annotated with @DirtiesContext [false] with mode [null], method annotated with @DirtiesContext [false] with mode [null].
00:15:24.244 [Test worker] DEBUG org.springframework.test.annotation.ProfileValueUtils - Retrieved @ProfileValueSourceConfiguration [null] for test class [com.okta.springbootvue.SpringBootVueApplication.Service.UserServiceImplTest]
00:15:24.244 [Test worker] DEBUG org.springframework.test.annotation.ProfileValueUtils - Retrieved ProfileValueSource type [class org.springframework.test.annotation.SystemProfileValueSource] for class [com.okta.springbootvue.SpringBootVueApplication.Service.UserServiceImplTest]
00:15:24.245 [Test worker] DEBUG org.springframework.test.context.support.DependencyInjectionTestExecutionListener - Performing dependency injection for test context [[DefaultTestContext@6fd2f9de testClass = UserServiceImplTest, testInstance = com.okta.springbootvue.SpringBootVueApplication.Service.UserServiceImplTest@756e117a, testMethod = [null], testException = [null], mergedContextConfiguration = [MergedContextConfiguration@1cad1b3d testClass = UserServiceImplTest, locations = '{classpath*:SpringBootVueApplication.class}', classes = '{}', contextInitializerClasses = '[]', activeProfiles = '{}', propertySourceLocations = '{}', propertySourceProperties = '{}', contextCustomizers = set[org.springframework.boot.test.autoconfigure.properties.PropertyMappingContextCustomizer@0, org.springframework.boot.test.autoconfigure.web.servlet.WebDriverContextCustomizerFactory$Customizer@5eba7a12, org.springframework.boot.test.context.filter.ExcludeFilterContextCustomizer@60e11cfd, org.springframework.boot.test.json.DuplicateJsonObjectContextCustomizerFactory$DuplicateJsonObjectContextCustomizer@736cf593, org.springframework.boot.test.mock.mockito.MockitoContextCustomizer@0], contextLoader = 'org.springframework.test.context.support.DelegatingSmartContextLoader', parent = [null]], attributes = map[[empty]]]].
00:15:24.245 [Test worker] DEBUG org.springframework.test.context.cache.DefaultCacheAwareContextLoaderDelegate - Retrieved ApplicationContext from cache with key [[MergedContextConfiguration@1cad1b3d testClass = UserServiceImplTest, locations = '{classpath*:SpringBootVueApplication.class}', classes = '{}', contextInitializerClasses = '[]', activeProfiles = '{}', propertySourceLocations = '{}', propertySourceProperties = '{}', contextCustomizers = set[org.springframework.boot.test.autoconfigure.properties.PropertyMappingContextCustomizer@0, org.springframework.boot.test.autoconfigure.web.servlet.WebDriverContextCustomizerFactory$Customizer@5eba7a12, org.springframework.boot.test.context.filter.ExcludeFilterContextCustomizer@60e11cfd, org.springframework.boot.test.json.DuplicateJsonObjectContextCustomizerFactory$DuplicateJsonObjectContextCustomizer@736cf593, org.springframework.boot.test.mock.mockito.MockitoContextCustomizer@0], contextLoader = 'org.springframework.test.context.support.DelegatingSmartContextLoader', parent = [null]]]
00:15:24.246 [Test worker] DEBUG org.springframework.test.context.cache - Spring test ApplicationContext cache statistics: [DefaultContextCache@fda4b80 size = 1, maxSize = 32, parentContextCount = 0, hitCount = 336, missCount = 1]
00:15:24.246 [Test worker] DEBUG org.springframework.test.context.support.AbstractDirtiesContextTestExecutionListener - Before test method: context [DefaultTestContext@6fd2f9de testClass = UserServiceImplTest, testInstance = com.okta.springbootvue.SpringBootVueApplication.Service.UserServiceImplTest@756e117a, testMethod = addUser@UserServiceImplTest, testException = [null], mergedContextConfiguration = [MergedContextConfiguration@1cad1b3d testClass = UserServiceImplTest, locations = '{classpath*:SpringBootVueApplication.class}', classes = '{}', contextInitializerClasses = '[]', activeProfiles = '{}', propertySourceLocations = '{}', propertySourceProperties = '{}', contextCustomizers = set[org.springframework.boot.test.autoconfigure.properties.PropertyMappingContextCustomizer@0, org.springframework.boot.test.autoconfigure.web.servlet.WebDriverContextCustomizerFactory$Customizer@5eba7a12, org.springframework.boot.test.context.filter.ExcludeFilterContextCustomizer@60e11cfd, org.springframework.boot.test.json.DuplicateJsonObjectContextCustomizerFactory$DuplicateJsonObjectContextCustomizer@736cf593, org.springframework.boot.test.mock.mockito.MockitoContextCustomizer@0], contextLoader = 'org.springframework.test.context.support.DelegatingSmartContextLoader', parent = [null]], attributes = map[[empty]]], class annotated with @DirtiesContext [false] with mode [null], method annotated with @DirtiesContext [false] with mode [null].
00:15:24.247 [Test worker] DEBUG org.springframework.test.context.cache.DefaultCacheAwareContextLoaderDelegate - Retrieved ApplicationContext from cache with key [[MergedContextConfiguration@1cad1b3d testClass = UserServiceImplTest, locations = '{classpath*:SpringBootVueApplication.class}', classes = '{}', contextInitializerClasses = '[]', activeProfiles = '{}', propertySourceLocations = '{}', propertySourceProperties = '{}', contextCustomizers = set[org.springframework.boot.test.autoconfigure.properties.PropertyMappingContextCustomizer@0, org.springframework.boot.test.autoconfigure.web.servlet.WebDriverContextCustomizerFactory$Customizer@5eba7a12, org.springframework.boot.test.context.filter.ExcludeFilterContextCustomizer@60e11cfd, org.springframework.boot.test.json.DuplicateJsonObjectContextCustomizerFactory$DuplicateJsonObjectContextCustomizer@736cf593, org.springframework.boot.test.mock.mockito.MockitoContextCustomizer@0], contextLoader = 'org.springframework.test.context.support.DelegatingSmartContextLoader', parent = [null]]]
00:15:24.247 [Test worker] DEBUG org.springframework.test.context.cache - Spring test ApplicationContext cache statistics: [DefaultContextCache@fda4b80 size = 1, maxSize = 32, parentContextCount = 0, hitCount = 337, missCount = 1]
00:15:24.248 [Test worker] DEBUG org.springframework.test.context.cache.DefaultCacheAwareContextLoaderDelegate - Retrieved ApplicationContext from cache with key [[MergedContextConfiguration@1cad1b3d testClass = UserServiceImplTest, locations = '{classpath*:SpringBootVueApplication.class}', classes = '{}', contextInitializerClasses = '[]', activeProfiles = '{}', propertySourceLocations = '{}', propertySourceProperties = '{}', contextCustomizers = set[org.springframework.boot.test.autoconfigure.properties.PropertyMappingContextCustomizer@0, org.springframework.boot.test.autoconfigure.web.servlet.WebDriverContextCustomizerFactory$Customizer@5eba7a12, org.springframework.boot.test.context.filter.ExcludeFilterContextCustomizer@60e11cfd, org.springframework.boot.test.json.DuplicateJsonObjectContextCustomizerFactory$DuplicateJsonObjectContextCustomizer@736cf593, org.springframework.boot.test.mock.mockito.MockitoContextCustomizer@0], contextLoader = 'org.springframework.test.context.support.DelegatingSmartContextLoader', parent = [null]]]
00:15:24.248 [Test worker] DEBUG org.springframework.test.context.cache - Spring test ApplicationContext cache statistics: [DefaultContextCache@fda4b80 size = 1, maxSize = 32, parentContextCount = 0, hitCount = 338, missCount = 1]
00:15:24.248 [Test worker] DEBUG org.springframework.test.context.cache.DefaultCacheAwareContextLoaderDelegate - Retrieved ApplicationContext from cache with key [[MergedContextConfiguration@1cad1b3d testClass = UserServiceImplTest, locations = '{classpath*:SpringBootVueApplication.class}', classes = '{}', contextInitializerClasses = '[]', activeProfiles = '{}', propertySourceLocations = '{}', propertySourceProperties = '{}', contextCustomizers = set[org.springframework.boot.test.autoconfigure.properties.PropertyMappingContextCustomizer@0, org.springframework.boot.test.autoconfigure.web.servlet.WebDriverContextCustomizerFactory$Customizer@5eba7a12, org.springframework.boot.test.context.filter.ExcludeFilterContextCustomizer@60e11cfd, org.springframework.boot.test.json.DuplicateJsonObjectContextCustomizerFactory$DuplicateJsonObjectContextCustomizer@736cf593, org.springframework.boot.test.mock.mockito.MockitoContextCustomizer@0], contextLoader = 'org.springframework.test.context.support.DelegatingSmartContextLoader', parent = [null]]]
00:15:24.248 [Test worker] DEBUG org.springframework.test.context.cache - Spring test ApplicationContext cache statistics: [DefaultContextCache@fda4b80 size = 1, maxSize = 32, parentContextCount = 0, hitCount = 339, missCount = 1]
00:15:24.248 [Test worker] DEBUG org.springframework.test.context.cache.DefaultCacheAwareContextLoaderDelegate - Retrieved ApplicationContext from cache with key [[MergedContextConfiguration@1cad1b3d testClass = UserServiceImplTest, locations = '{classpath*:SpringBootVueApplication.class}', classes = '{}', contextInitializerClasses = '[]', activeProfiles = '{}', propertySourceLocations = '{}', propertySourceProperties = '{}', contextCustomizers = set[org.springframework.boot.test.autoconfigure.properties.PropertyMappingContextCustomizer@0, org.springframework.boot.test.autoconfigure.web.servlet.WebDriverContextCustomizerFactory$Customizer@5eba7a12, org.springframework.boot.test.context.filter.ExcludeFilterContextCustomizer@60e11cfd, org.springframework.boot.test.json.DuplicateJsonObjectContextCustomizerFactory$DuplicateJsonObjectContextCustomizer@736cf593, org.springframework.boot.test.mock.mockito.MockitoContextCustomizer@0], contextLoader = 'org.springframework.test.context.support.DelegatingSmartContextLoader', parent = [null]]]
00:15:24.248 [Test worker] DEBUG org.springframework.test.context.cache - Spring test ApplicationContext cache statistics: [DefaultContextCache@fda4b80 size = 1, maxSize = 32, parentContextCount = 0, hitCount = 340, missCount = 1]
00:15:24.248 [Test worker] DEBUG org.springframework.test.context.cache.DefaultCacheAwareContextLoaderDelegate - Retrieved ApplicationContext from cache with key [[MergedContextConfiguration@1cad1b3d testClass = UserServiceImplTest, locations = '{classpath*:SpringBootVueApplication.class}', classes = '{}', contextInitializerClasses = '[]', activeProfiles = '{}', propertySourceLocations = '{}', propertySourceProperties = '{}', contextCustomizers = set[org.springframework.boot.test.autoconfigure.properties.PropertyMappingContextCustomizer@0, org.springframework.boot.test.autoconfigure.web.servlet.WebDriverContextCustomizerFactory$Customizer@5eba7a12, org.springframework.boot.test.context.filter.ExcludeFilterContextCustomizer@60e11cfd, org.springframework.boot.test.json.DuplicateJsonObjectContextCustomizerFactory$DuplicateJsonObjectContextCustomizer@736cf593, org.springframework.boot.test.mock.mockito.MockitoContextCustomizer@0], contextLoader = 'org.springframework.test.context.support.DelegatingSmartContextLoader', parent = [null]]]
00:15:24.248 [Test worker] DEBUG org.springframework.test.context.cache - Spring test ApplicationContext cache statistics: [DefaultContextCache@fda4b80 size = 1, maxSize = 32, parentContextCount = 0, hitCount = 341, missCount = 1]
00:15:24.249 [Test worker] DEBUG org.springframework.test.context.support.AbstractDirtiesContextTestExecutionListener - After test method: context [DefaultTestContext@6fd2f9de testClass = UserServiceImplTest, testInstance = com.okta.springbootvue.SpringBootVueApplication.Service.UserServiceImplTest@756e117a, testMethod = addUser@UserServiceImplTest, testException = [null], mergedContextConfiguration = [MergedContextConfiguration@1cad1b3d testClass = UserServiceImplTest, locations = '{classpath*:SpringBootVueApplication.class}', classes = '{}', contextInitializerClasses = '[]', activeProfiles = '{}', propertySourceLocations = '{}', propertySourceProperties = '{}', contextCustomizers = set[org.springframework.boot.test.autoconfigure.properties.PropertyMappingContextCustomizer@0, org.springframework.boot.test.autoconfigure.web.servlet.WebDriverContextCustomizerFactory$Customizer@5eba7a12, org.springframework.boot.test.context.filter.ExcludeFilterContextCustomizer@60e11cfd, org.springframework.boot.test.json.DuplicateJsonObjectContextCustomizerFactory$DuplicateJsonObjectContextCustomizer@736cf593, org.springframework.boot.test.mock.mockito.MockitoContextCustomizer@0], contextLoader = 'org.springframework.test.context.support.DelegatingSmartContextLoader', parent = [null]], attributes = map[[empty]]], class annotated with @DirtiesContext [false] with mode [null], method annotated with @DirtiesContext [false] with mode [null].
00:15:24.249 [Test worker] DEBUG org.springframework.test.annotation.ProfileValueUtils - Retrieved @ProfileValueSourceConfiguration [null] for test class [com.okta.springbootvue.SpringBootVueApplication.Service.UserServiceImplTest]
00:15:24.249 [Test worker] DEBUG org.springframework.test.annotation.ProfileValueUtils - Retrieved ProfileValueSource type [class org.springframework.test.annotation.SystemProfileValueSource] for class [com.okta.springbootvue.SpringBootVueApplication.Service.UserServiceImplTest]
00:15:24.249 [Test worker] DEBUG org.springframework.test.context.support.DependencyInjectionTestExecutionListener - Performing dependency injection for test context [[DefaultTestContext@6fd2f9de testClass = UserServiceImplTest, testInstance = com.okta.springbootvue.SpringBootVueApplication.Service.UserServiceImplTest@14a8cabc, testMethod = [null], testException = [null], mergedContextConfiguration = [MergedContextConfiguration@1cad1b3d testClass = UserServiceImplTest, locations = '{classpath*:SpringBootVueApplication.class}', classes = '{}', contextInitializerClasses = '[]', activeProfiles = '{}', propertySourceLocations = '{}', propertySourceProperties = '{}', contextCustomizers = set[org.springframework.boot.test.autoconfigure.properties.PropertyMappingContextCustomizer@0, org.springframework.boot.test.autoconfigure.web.servlet.WebDriverContextCustomizerFactory$Customizer@5eba7a12, org.springframework.boot.test.context.filter.ExcludeFilterContextCustomizer@60e11cfd, org.springframework.boot.test.json.DuplicateJsonObjectContextCustomizerFactory$DuplicateJsonObjectContextCustomizer@736cf593, org.springframework.boot.test.mock.mockito.MockitoContextCustomizer@0], contextLoader = 'org.springframework.test.context.support.DelegatingSmartContextLoader', parent = [null]], attributes = map[[empty]]]].
00:15:24.249 [Test worker] DEBUG org.springframework.test.context.cache.DefaultCacheAwareContextLoaderDelegate - Retrieved ApplicationContext from cache with key [[MergedContextConfiguration@1cad1b3d testClass = UserServiceImplTest, locations = '{classpath*:SpringBootVueApplication.class}', classes = '{}', contextInitializerClasses = '[]', activeProfiles = '{}', propertySourceLocations = '{}', propertySourceProperties = '{}', contextCustomizers = set[org.springframework.boot.test.autoconfigure.properties.PropertyMappingContextCustomizer@0, org.springframework.boot.test.autoconfigure.web.servlet.WebDriverContextCustomizerFactory$Customizer@5eba7a12, org.springframework.boot.test.context.filter.ExcludeFilterContextCustomizer@60e11cfd, org.springframework.boot.test.json.DuplicateJsonObjectContextCustomizerFactory$DuplicateJsonObjectContextCustomizer@736cf593, org.springframework.boot.test.mock.mockito.MockitoContextCustomizer@0], contextLoader = 'org.springframework.test.context.support.DelegatingSmartContextLoader', parent = [null]]]
00:15:24.249 [Test worker] DEBUG org.springframework.test.context.cache - Spring test ApplicationContext cache statistics: [DefaultContextCache@fda4b80 size = 1, maxSize = 32, parentContextCount = 0, hitCount = 342, missCount = 1]
00:15:24.250 [Test worker] DEBUG org.springframework.test.context.support.AbstractDirtiesContextTestExecutionListener - Before test method: context [DefaultTestContext@6fd2f9de testClass = UserServiceImplTest, testInstance = com.okta.springbootvue.SpringBootVueApplication.Service.UserServiceImplTest@14a8cabc, testMethod = findById@UserServiceImplTest, testException = [null], mergedContextConfiguration = [MergedContextConfiguration@1cad1b3d testClass = UserServiceImplTest, locations = '{classpath*:SpringBootVueApplication.class}', classes = '{}', contextInitializerClasses = '[]', activeProfiles = '{}', propertySourceLocations = '{}', propertySourceProperties = '{}', contextCustomizers = set[org.springframework.boot.test.autoconfigure.properties.PropertyMappingContextCustomizer@0, org.springframework.boot.test.autoconfigure.web.servlet.WebDriverContextCustomizerFactory$Customizer@5eba7a12, org.springframework.boot.test.context.filter.ExcludeFilterContextCustomizer@60e11cfd, org.springframework.boot.test.json.DuplicateJsonObjectContextCustomizerFactory$DuplicateJsonObjectContextCustomizer@736cf593, org.springframework.boot.test.mock.mockito.MockitoContextCustomizer@0], contextLoader = 'org.springframework.test.context.support.DelegatingSmartContextLoader', parent = [null]], attributes = map[[empty]]], class annotated with @DirtiesContext [false] with mode [null], method annotated with @DirtiesContext [false] with mode [null].
00:15:24.250 [Test worker] DEBUG org.springframework.test.context.cache.DefaultCacheAwareContextLoaderDelegate - Retrieved ApplicationContext from cache with key [[MergedContextConfiguration@1cad1b3d testClass = UserServiceImplTest, locations = '{classpath*:SpringBootVueApplication.class}', classes = '{}', contextInitializerClasses = '[]', activeProfiles = '{}', propertySourceLocations = '{}', propertySourceProperties = '{}', contextCustomizers = set[org.springframework.boot.test.autoconfigure.properties.PropertyMappingContextCustomizer@0, org.springframework.boot.test.autoconfigure.web.servlet.WebDriverContextCustomizerFactory$Customizer@5eba7a12, org.springframework.boot.test.context.filter.ExcludeFilterContextCustomizer@60e11cfd, org.springframework.boot.test.json.DuplicateJsonObjectContextCustomizerFactory$DuplicateJsonObjectContextCustomizer@736cf593, org.springframework.boot.test.mock.mockito.MockitoContextCustomizer@0], contextLoader = 'org.springframework.test.context.support.DelegatingSmartContextLoader', parent = [null]]]
00:15:24.250 [Test worker] DEBUG org.springframework.test.context.cache - Spring test ApplicationContext cache statistics: [DefaultContextCache@fda4b80 size = 1, maxSize = 32, parentContextCount = 0, hitCount = 343, missCount = 1]
00:15:24.251 [Test worker] DEBUG org.springframework.test.context.cache.DefaultCacheAwareContextLoaderDelegate - Retrieved ApplicationContext from cache with key [[MergedContextConfiguration@1cad1b3d testClass = UserServiceImplTest, locations = '{classpath*:SpringBootVueApplication.class}', classes = '{}', contextInitializerClasses = '[]', activeProfiles = '{}', propertySourceLocations = '{}', propertySourceProperties = '{}', contextCustomizers = set[org.springframework.boot.test.autoconfigure.properties.PropertyMappingContextCustomizer@0, org.springframework.boot.test.autoconfigure.web.servlet.WebDriverContextCustomizerFactory$Customizer@5eba7a12, org.springframework.boot.test.context.filter.ExcludeFilterContextCustomizer@60e11cfd, org.springframework.boot.test.json.DuplicateJsonObjectContextCustomizerFactory$DuplicateJsonObjectContextCustomizer@736cf593, org.springframework.boot.test.mock.mockito.MockitoContextCustomizer@0], contextLoader = 'org.springframework.test.context.support.DelegatingSmartContextLoader', parent = [null]]]
00:15:24.251 [Test worker] DEBUG org.springframework.test.context.cache - Spring test ApplicationContext cache statistics: [DefaultContextCache@fda4b80 size = 1, maxSize = 32, parentContextCount = 0, hitCount = 344, missCount = 1]
00:15:24.252 [Test worker] DEBUG org.springframework.test.context.cache.DefaultCacheAwareContextLoaderDelegate - Retrieved ApplicationContext from cache with key [[MergedContextConfiguration@1cad1b3d testClass = UserServiceImplTest, locations = '{classpath*:SpringBootVueApplication.class}', classes = '{}', contextInitializerClasses = '[]', activeProfiles = '{}', propertySourceLocations = '{}', propertySourceProperties = '{}', contextCustomizers = set[org.springframework.boot.test.autoconfigure.properties.PropertyMappingContextCustomizer@0, org.springframework.boot.test.autoconfigure.web.servlet.WebDriverContextCustomizerFactory$Customizer@5eba7a12, org.springframework.boot.test.context.filter.ExcludeFilterContextCustomizer@60e11cfd, org.springframework.boot.test.json.DuplicateJsonObjectContextCustomizerFactory$DuplicateJsonObjectContextCustomizer@736cf593, org.springframework.boot.test.mock.mockito.MockitoContextCustomizer@0], contextLoader = 'org.springframework.test.context.support.DelegatingSmartContextLoader', parent = [null]]]
00:15:24.252 [Test worker] DEBUG org.springframework.test.context.cache - Spring test ApplicationContext cache statistics: [DefaultContextCache@fda4b80 size = 1, maxSize = 32, parentContextCount = 0, hitCount = 345, missCount = 1]
00:15:24.252 [Test worker] DEBUG org.springframework.test.context.cache.DefaultCacheAwareContextLoaderDelegate - Retrieved ApplicationContext from cache with key [[MergedContextConfiguration@1cad1b3d testClass = UserServiceImplTest, locations = '{classpath*:SpringBootVueApplication.class}', classes = '{}', contextInitializerClasses = '[]', activeProfiles = '{}', propertySourceLocations = '{}', propertySourceProperties = '{}', contextCustomizers = set[org.springframework.boot.test.autoconfigure.properties.PropertyMappingContextCustomizer@0, org.springframework.boot.test.autoconfigure.web.servlet.WebDriverContextCustomizerFactory$Customizer@5eba7a12, org.springframework.boot.test.context.filter.ExcludeFilterContextCustomizer@60e11cfd, org.springframework.boot.test.json.DuplicateJsonObjectContextCustomizerFactory$DuplicateJsonObjectContextCustomizer@736cf593, org.springframework.boot.test.mock.mockito.MockitoContextCustomizer@0], contextLoader = 'org.springframework.test.context.support.DelegatingSmartContextLoader', parent = [null]]]
00:15:24.252 [Test worker] DEBUG org.springframework.test.context.cache - Spring test ApplicationContext cache statistics: [DefaultContextCache@fda4b80 size = 1, maxSize = 32, parentContextCount = 0, hitCount = 346, missCount = 1]
00:15:24.252 [Test worker] DEBUG org.springframework.test.context.cache.DefaultCacheAwareContextLoaderDelegate - Retrieved ApplicationContext from cache with key [[MergedContextConfiguration@1cad1b3d testClass = UserServiceImplTest, locations = '{classpath*:SpringBootVueApplication.class}', classes = '{}', contextInitializerClasses = '[]', activeProfiles = '{}', propertySourceLocations = '{}', propertySourceProperties = '{}', contextCustomizers = set[org.springframework.boot.test.autoconfigure.properties.PropertyMappingContextCustomizer@0, org.springframework.boot.test.autoconfigure.web.servlet.WebDriverContextCustomizerFactory$Customizer@5eba7a12, org.springframework.boot.test.context.filter.ExcludeFilterContextCustomizer@60e11cfd, org.springframework.boot.test.json.DuplicateJsonObjectContextCustomizerFactory$DuplicateJsonObjectContextCustomizer@736cf593, org.springframework.boot.test.mock.mockito.MockitoContextCustomizer@0], contextLoader = 'org.springframework.test.context.support.DelegatingSmartContextLoader', parent = [null]]]
00:15:24.252 [Test worker] DEBUG org.springframework.test.context.cache - Spring test ApplicationContext cache statistics: [DefaultContextCache@fda4b80 size = 1, maxSize = 32, parentContextCount = 0, hitCount = 347, missCount = 1]
00:15:24.253 [Test worker] DEBUG org.springframework.test.context.support.AbstractDirtiesContextTestExecutionListener - After test method: context [DefaultTestContext@6fd2f9de testClass = UserServiceImplTest, testInstance = com.okta.springbootvue.SpringBootVueApplication.Service.UserServiceImplTest@14a8cabc, testMethod = findById@UserServiceImplTest, testException = [null], mergedContextConfiguration = [MergedContextConfiguration@1cad1b3d testClass = UserServiceImplTest, locations = '{classpath*:SpringBootVueApplication.class}', classes = '{}', contextInitializerClasses = '[]', activeProfiles = '{}', propertySourceLocations = '{}', propertySourceProperties = '{}', contextCustomizers = set[org.springframework.boot.test.autoconfigure.properties.PropertyMappingContextCustomizer@0, org.springframework.boot.test.autoconfigure.web.servlet.WebDriverContextCustomizerFactory$Customizer@5eba7a12, org.springframework.boot.test.context.filter.ExcludeFilterContextCustomizer@60e11cfd, org.springframework.boot.test.json.DuplicateJsonObjectContextCustomizerFactory$DuplicateJsonObjectContextCustomizer@736cf593, org.springframework.boot.test.mock.mockito.MockitoContextCustomizer@0], contextLoader = 'org.springframework.test.context.support.DelegatingSmartContextLoader', parent = [null]], attributes = map[[empty]]], class annotated with @DirtiesContext [false] with mode [null], method annotated with @DirtiesContext [false] with mode [null].
00:15:24.253 [Test worker] DEBUG org.springframework.test.annotation.ProfileValueUtils - Retrieved @ProfileValueSourceConfiguration [null] for test class [com.okta.springbootvue.SpringBootVueApplication.Service.UserServiceImplTest]
00:15:24.253 [Test worker] DEBUG org.springframework.test.annotation.ProfileValueUtils - Retrieved ProfileValueSource type [class org.springframework.test.annotation.SystemProfileValueSource] for class [com.okta.springbootvue.SpringBootVueApplication.Service.UserServiceImplTest]
00:15:24.254 [Test worker] DEBUG org.springframework.test.context.support.DependencyInjectionTestExecutionListener - Performing dependency injection for test context [[DefaultTestContext@6fd2f9de testClass = UserServiceImplTest, testInstance = com.okta.springbootvue.SpringBootVueApplication.Service.UserServiceImplTest@47716228, testMethod = [null], testException = [null], mergedContextConfiguration = [MergedContextConfiguration@1cad1b3d testClass = UserServiceImplTest, locations = '{classpath*:SpringBootVueApplication.class}', classes = '{}', contextInitializerClasses = '[]', activeProfiles = '{}', propertySourceLocations = '{}', propertySourceProperties = '{}', contextCustomizers = set[org.springframework.boot.test.autoconfigure.properties.PropertyMappingContextCustomizer@0, org.springframework.boot.test.autoconfigure.web.servlet.WebDriverContextCustomizerFactory$Customizer@5eba7a12, org.springframework.boot.test.context.filter.ExcludeFilterContextCustomizer@60e11cfd, org.springframework.boot.test.json.DuplicateJsonObjectContextCustomizerFactory$DuplicateJsonObjectContextCustomizer@736cf593, org.springframework.boot.test.mock.mockito.MockitoContextCustomizer@0], contextLoader = 'org.springframework.test.context.support.DelegatingSmartContextLoader', parent = [null]], attributes = map[[empty]]]].
00:15:24.254 [Test worker] DEBUG org.springframework.test.context.cache.DefaultCacheAwareContextLoaderDelegate - Retrieved ApplicationContext from cache with key [[MergedContextConfiguration@1cad1b3d testClass = UserServiceImplTest, locations = '{classpath*:SpringBootVueApplication.class}', classes = '{}', contextInitializerClasses = '[]', activeProfiles = '{}', propertySourceLocations = '{}', propertySourceProperties = '{}', contextCustomizers = set[org.springframework.boot.test.autoconfigure.properties.PropertyMappingContextCustomizer@0, org.springframework.boot.test.autoconfigure.web.servlet.WebDriverContextCustomizerFactory$Customizer@5eba7a12, org.springframework.boot.test.context.filter.ExcludeFilterContextCustomizer@60e11cfd, org.springframework.boot.test.json.DuplicateJsonObjectContextCustomizerFactory$DuplicateJsonObjectContextCustomizer@736cf593, org.springframework.boot.test.mock.mockito.MockitoContextCustomizer@0], contextLoader = 'org.springframework.test.context.support.DelegatingSmartContextLoader', parent = [null]]]
00:15:24.254 [Test worker] DEBUG org.springframework.test.context.cache - Spring test ApplicationContext cache statistics: [DefaultContextCache@fda4b80 size = 1, maxSize = 32, parentContextCount = 0, hitCount = 348, missCount = 1]
00:15:24.254 [Test worker] DEBUG org.springframework.test.context.support.AbstractDirtiesContextTestExecutionListener - Before test method: context [DefaultTestContext@6fd2f9de testClass = UserServiceImplTest, testInstance = com.okta.springbootvue.SpringBootVueApplication.Service.UserServiceImplTest@47716228, testMethod = updateUser@UserServiceImplTest, testException = [null], mergedContextConfiguration = [MergedContextConfiguration@1cad1b3d testClass = UserServiceImplTest, locations = '{classpath*:SpringBootVueApplication.class}', classes = '{}', contextInitializerClasses = '[]', activeProfiles = '{}', propertySourceLocations = '{}', propertySourceProperties = '{}', contextCustomizers = set[org.springframework.boot.test.autoconfigure.properties.PropertyMappingContextCustomizer@0, org.springframework.boot.test.autoconfigure.web.servlet.WebDriverContextCustomizerFactory$Customizer@5eba7a12, org.springframework.boot.test.context.filter.ExcludeFilterContextCustomizer@60e11cfd, org.springframework.boot.test.json.DuplicateJsonObjectContextCustomizerFactory$DuplicateJsonObjectContextCustomizer@736cf593, org.springframework.boot.test.mock.mockito.MockitoContextCustomizer@0], contextLoader = 'org.springframework.test.context.support.DelegatingSmartContextLoader', parent = [null]], attributes = map[[empty]]], class annotated with @DirtiesContext [false] with mode [null], method annotated with @DirtiesContext [false] with mode [null].
00:15:24.255 [Test worker] DEBUG org.springframework.test.context.cache.DefaultCacheAwareContextLoaderDelegate - Retrieved ApplicationContext from cache with key [[MergedContextConfiguration@1cad1b3d testClass = UserServiceImplTest, locations = '{classpath*:SpringBootVueApplication.class}', classes = '{}', contextInitializerClasses = '[]', activeProfiles = '{}', propertySourceLocations = '{}', propertySourceProperties = '{}', contextCustomizers = set[org.springframework.boot.test.autoconfigure.properties.PropertyMappingContextCustomizer@0, org.springframework.boot.test.autoconfigure.web.servlet.WebDriverContextCustomizerFactory$Customizer@5eba7a12, org.springframework.boot.test.context.filter.ExcludeFilterContextCustomizer@60e11cfd, org.springframework.boot.test.json.DuplicateJsonObjectContextCustomizerFactory$DuplicateJsonObjectContextCustomizer@736cf593, org.springframework.boot.test.mock.mockito.MockitoContextCustomizer@0], contextLoader = 'org.springframework.test.context.support.DelegatingSmartContextLoader', parent = [null]]]
00:15:24.255 [Test worker] DEBUG org.springframework.test.context.cache - Spring test ApplicationContext cache statistics: [DefaultContextCache@fda4b80 size = 1, maxSize = 32, parentContextCount = 0, hitCount = 349, missCount = 1]
00:15:24.256 [Test worker] DEBUG org.springframework.test.context.cache.DefaultCacheAwareContextLoaderDelegate - Retrieved ApplicationContext from cache with key [[MergedContextConfiguration@1cad1b3d testClass = UserServiceImplTest, locations = '{classpath*:SpringBootVueApplication.class}', classes = '{}', contextInitializerClasses = '[]', activeProfiles = '{}', propertySourceLocations = '{}', propertySourceProperties = '{}', contextCustomizers = set[org.springframework.boot.test.autoconfigure.properties.PropertyMappingContextCustomizer@0, org.springframework.boot.test.autoconfigure.web.servlet.WebDriverContextCustomizerFactory$Customizer@5eba7a12, org.springframework.boot.test.context.filter.ExcludeFilterContextCustomizer@60e11cfd, org.springframework.boot.test.json.DuplicateJsonObjectContextCustomizerFactory$DuplicateJsonObjectContextCustomizer@736cf593, org.springframework.boot.test.mock.mockito.MockitoContextCustomizer@0], contextLoader = 'org.springframework.test.context.support.DelegatingSmartContextLoader', parent = [null]]]
00:15:24.256 [Test worker] DEBUG org.springframework.test.context.cache - Spring test ApplicationContext cache statistics: [DefaultContextCache@fda4b80 size = 1, maxSize = 32, parentContextCount = 0, hitCount = 350, missCount = 1]
00:15:24.256 [Test worker] DEBUG org.springframework.test.context.cache.DefaultCacheAwareContextLoaderDelegate - Retrieved ApplicationContext from cache with key [[MergedContextConfiguration@1cad1b3d testClass = UserServiceImplTest, locations = '{classpath*:SpringBootVueApplication.class}', classes = '{}', contextInitializerClasses = '[]', activeProfiles = '{}', propertySourceLocations = '{}', propertySourceProperties = '{}', contextCustomizers = set[org.springframework.boot.test.autoconfigure.properties.PropertyMappingContextCustomizer@0, org.springframework.boot.test.autoconfigure.web.servlet.WebDriverContextCustomizerFactory$Customizer@5eba7a12, org.springframework.boot.test.context.filter.ExcludeFilterContextCustomizer@60e11cfd, org.springframework.boot.test.json.DuplicateJsonObjectContextCustomizerFactory$DuplicateJsonObjectContextCustomizer@736cf593, org.springframework.boot.test.mock.mockito.MockitoContextCustomizer@0], contextLoader = 'org.springframework.test.context.support.DelegatingSmartContextLoader', parent = [null]]]
00:15:24.256 [Test worker] DEBUG org.springframework.test.context.cache - Spring test ApplicationContext cache statistics: [DefaultContextCache@fda4b80 size = 1, maxSize = 32, parentContextCount = 0, hitCount = 351, missCount = 1]
00:15:24.257 [Test worker] DEBUG org.springframework.test.context.cache.DefaultCacheAwareContextLoaderDelegate - Retrieved ApplicationContext from cache with key [[MergedContextConfiguration@1cad1b3d testClass = UserServiceImplTest, locations = '{classpath*:SpringBootVueApplication.class}', classes = '{}', contextInitializerClasses = '[]', activeProfiles = '{}', propertySourceLocations = '{}', propertySourceProperties = '{}', contextCustomizers = set[org.springframework.boot.test.autoconfigure.properties.PropertyMappingContextCustomizer@0, org.springframework.boot.test.autoconfigure.web.servlet.WebDriverContextCustomizerFactory$Customizer@5eba7a12, org.springframework.boot.test.context.filter.ExcludeFilterContextCustomizer@60e11cfd, org.springframework.boot.test.json.DuplicateJsonObjectContextCustomizerFactory$DuplicateJsonObjectContextCustomizer@736cf593, org.springframework.boot.test.mock.mockito.MockitoContextCustomizer@0], contextLoader = 'org.springframework.test.context.support.DelegatingSmartContextLoader', parent = [null]]]
00:15:24.257 [Test worker] DEBUG org.springframework.test.context.cache - Spring test ApplicationContext cache statistics: [DefaultContextCache@fda4b80 size = 1, maxSize = 32, parentContextCount = 0, hitCount = 352, missCount = 1]
00:15:24.257 [Test worker] DEBUG org.springframework.test.context.cache.DefaultCacheAwareContextLoaderDelegate - Retrieved ApplicationContext from cache with key [[MergedContextConfiguration@1cad1b3d testClass = UserServiceImplTest, locations = '{classpath*:SpringBootVueApplication.class}', classes = '{}', contextInitializerClasses = '[]', activeProfiles = '{}', propertySourceLocations = '{}', propertySourceProperties = '{}', contextCustomizers = set[org.springframework.boot.test.autoconfigure.properties.PropertyMappingContextCustomizer@0, org.springframework.boot.test.autoconfigure.web.servlet.WebDriverContextCustomizerFactory$Customizer@5eba7a12, org.springframework.boot.test.context.filter.ExcludeFilterContextCustomizer@60e11cfd, org.springframework.boot.test.json.DuplicateJsonObjectContextCustomizerFactory$DuplicateJsonObjectContextCustomizer@736cf593, org.springframework.boot.test.mock.mockito.MockitoContextCustomizer@0], contextLoader = 'org.springframework.test.context.support.DelegatingSmartContextLoader', parent = [null]]]
00:15:24.257 [Test worker] DEBUG org.springframework.test.context.cache - Spring test ApplicationContext cache statistics: [DefaultContextCache@fda4b80 size = 1, maxSize = 32, parentContextCount = 0, hitCount = 353, missCount = 1]
00:15:24.258 [Test worker] DEBUG org.springframework.test.context.support.AbstractDirtiesContextTestExecutionListener - After test method: context [DefaultTestContext@6fd2f9de testClass = UserServiceImplTest, testInstance = com.okta.springbootvue.SpringBootVueApplication.Service.UserServiceImplTest@47716228, testMethod = updateUser@UserServiceImplTest, testException = [null], mergedContextConfiguration = [MergedContextConfiguration@1cad1b3d testClass = UserServiceImplTest, locations = '{classpath*:SpringBootVueApplication.class}', classes = '{}', contextInitializerClasses = '[]', activeProfiles = '{}', propertySourceLocations = '{}', propertySourceProperties = '{}', contextCustomizers = set[org.springframework.boot.test.autoconfigure.properties.PropertyMappingContextCustomizer@0, org.springframework.boot.test.autoconfigure.web.servlet.WebDriverContextCustomizerFactory$Customizer@5eba7a12, org.springframework.boot.test.context.filter.ExcludeFilterContextCustomizer@60e11cfd, org.springframework.boot.test.json.DuplicateJsonObjectContextCustomizerFactory$DuplicateJsonObjectContextCustomizer@736cf593, org.springframework.boot.test.mock.mockito.MockitoContextCustomizer@0], contextLoader = 'org.springframework.test.context.support.DelegatingSmartContextLoader', parent = [null]], attributes = map[[empty]]], class annotated with @DirtiesContext [false] with mode [null], method annotated with @DirtiesContext [false] with mode [null].
00:15:24.258 [Test worker] DEBUG org.springframework.test.annotation.ProfileValueUtils - Retrieved @ProfileValueSourceConfiguration [null] for test class [com.okta.springbootvue.SpringBootVueApplication.Service.UserServiceImplTest]
00:15:24.258 [Test worker] DEBUG org.springframework.test.annotation.ProfileValueUtils - Retrieved ProfileValueSource type [class org.springframework.test.annotation.SystemProfileValueSource] for class [com.okta.springbootvue.SpringBootVueApplication.Service.UserServiceImplTest]
00:15:24.259 [Test worker] DEBUG org.springframework.test.context.support.DependencyInjectionTestExecutionListener - Performing dependency injection for test context [[DefaultTestContext@6fd2f9de testClass = UserServiceImplTest, testInstance = com.okta.springbootvue.SpringBootVueApplication.Service.UserServiceImplTest@2e373a31, testMethod = [null], testException = [null], mergedContextConfiguration = [MergedContextConfiguration@1cad1b3d testClass = UserServiceImplTest, locations = '{classpath*:SpringBootVueApplication.class}', classes = '{}', contextInitializerClasses = '[]', activeProfiles = '{}', propertySourceLocations = '{}', propertySourceProperties = '{}', contextCustomizers = set[org.springframework.boot.test.autoconfigure.properties.PropertyMappingContextCustomizer@0, org.springframework.boot.test.autoconfigure.web.servlet.WebDriverContextCustomizerFactory$Customizer@5eba7a12, org.springframework.boot.test.context.filter.ExcludeFilterContextCustomizer@60e11cfd, org.springframework.boot.test.json.DuplicateJsonObjectContextCustomizerFactory$DuplicateJsonObjectContextCustomizer@736cf593, org.springframework.boot.test.mock.mockito.MockitoContextCustomizer@0], contextLoader = 'org.springframework.test.context.support.DelegatingSmartContextLoader', parent = [null]], attributes = map[[empty]]]].
00:15:24.259 [Test worker] DEBUG org.springframework.test.context.cache.DefaultCacheAwareContextLoaderDelegate - Retrieved ApplicationContext from cache with key [[MergedContextConfiguration@1cad1b3d testClass = UserServiceImplTest, locations = '{classpath*:SpringBootVueApplication.class}', classes = '{}', contextInitializerClasses = '[]', activeProfiles = '{}', propertySourceLocations = '{}', propertySourceProperties = '{}', contextCustomizers = set[org.springframework.boot.test.autoconfigure.properties.PropertyMappingContextCustomizer@0, org.springframework.boot.test.autoconfigure.web.servlet.WebDriverContextCustomizerFactory$Customizer@5eba7a12, org.springframework.boot.test.context.filter.ExcludeFilterContextCustomizer@60e11cfd, org.springframework.boot.test.json.DuplicateJsonObjectContextCustomizerFactory$DuplicateJsonObjectContextCustomizer@736cf593, org.springframework.boot.test.mock.mockito.MockitoContextCustomizer@0], contextLoader = 'org.springframework.test.context.support.DelegatingSmartContextLoader', parent = [null]]]
00:15:24.259 [Test worker] DEBUG org.springframework.test.context.cache - Spring test ApplicationContext cache statistics: [DefaultContextCache@fda4b80 size = 1, maxSize = 32, parentContextCount = 0, hitCount = 354, missCount = 1]
00:15:24.259 [Test worker] DEBUG org.springframework.test.context.support.AbstractDirtiesContextTestExecutionListener - Before test method: context [DefaultTestContext@6fd2f9de testClass = UserServiceImplTest, testInstance = com.okta.springbootvue.SpringBootVueApplication.Service.UserServiceImplTest@2e373a31, testMethod = updateUserType@UserServiceImplTest, testException = [null], mergedContextConfiguration = [MergedContextConfiguration@1cad1b3d testClass = UserServiceImplTest, locations = '{classpath*:SpringBootVueApplication.class}', classes = '{}', contextInitializerClasses = '[]', activeProfiles = '{}', propertySourceLocations = '{}', propertySourceProperties = '{}', contextCustomizers = set[org.springframework.boot.test.autoconfigure.properties.PropertyMappingContextCustomizer@0, org.springframework.boot.test.autoconfigure.web.servlet.WebDriverContextCustomizerFactory$Customizer@5eba7a12, org.springframework.boot.test.context.filter.ExcludeFilterContextCustomizer@60e11cfd, org.springframework.boot.test.json.DuplicateJsonObjectContextCustomizerFactory$DuplicateJsonObjectContextCustomizer@736cf593, org.springframework.boot.test.mock.mockito.MockitoContextCustomizer@0], contextLoader = 'org.springframework.test.context.support.DelegatingSmartContextLoader', parent = [null]], attributes = map[[empty]]], class annotated with @DirtiesContext [false] with mode [null], method annotated with @DirtiesContext [false] with mode [null].
00:15:24.260 [Test worker] DEBUG org.springframework.test.context.cache.DefaultCacheAwareContextLoaderDelegate - Retrieved ApplicationContext from cache with key [[MergedContextConfiguration@1cad1b3d testClass = UserServiceImplTest, locations = '{classpath*:SpringBootVueApplication.class}', classes = '{}', contextInitializerClasses = '[]', activeProfiles = '{}', propertySourceLocations = '{}', propertySourceProperties = '{}', contextCustomizers = set[org.springframework.boot.test.autoconfigure.properties.PropertyMappingContextCustomizer@0, org.springframework.boot.test.autoconfigure.web.servlet.WebDriverContextCustomizerFactory$Customizer@5eba7a12, org.springframework.boot.test.context.filter.ExcludeFilterContextCustomizer@60e11cfd, org.springframework.boot.test.json.DuplicateJsonObjectContextCustomizerFactory$DuplicateJsonObjectContextCustomizer@736cf593, org.springframework.boot.test.mock.mockito.MockitoContextCustomizer@0], contextLoader = 'org.springframework.test.context.support.DelegatingSmartContextLoader', parent = [null]]]
00:15:24.260 [Test worker] DEBUG org.springframework.test.context.cache - Spring test ApplicationContext cache statistics: [DefaultContextCache@fda4b80 size = 1, maxSize = 32, parentContextCount = 0, hitCount = 355, missCount = 1]
00:15:24.261 [Test worker] DEBUG org.springframework.test.context.cache.DefaultCacheAwareContextLoaderDelegate - Retrieved ApplicationContext from cache with key [[MergedContextConfiguration@1cad1b3d testClass = UserServiceImplTest, locations = '{classpath*:SpringBootVueApplication.class}', classes = '{}', contextInitializerClasses = '[]', activeProfiles = '{}', propertySourceLocations = '{}', propertySourceProperties = '{}', contextCustomizers = set[org.springframework.boot.test.autoconfigure.properties.PropertyMappingContextCustomizer@0, org.springframework.boot.test.autoconfigure.web.servlet.WebDriverContextCustomizerFactory$Customizer@5eba7a12, org.springframework.boot.test.context.filter.ExcludeFilterContextCustomizer@60e11cfd, org.springframework.boot.test.json.DuplicateJsonObjectContextCustomizerFactory$DuplicateJsonObjectContextCustomizer@736cf593, org.springframework.boot.test.mock.mockito.MockitoContextCustomizer@0], contextLoader = 'org.springframework.test.context.support.DelegatingSmartContextLoader', parent = [null]]]
00:15:24.261 [Test worker] DEBUG org.springframework.test.context.cache - Spring test ApplicationContext cache statistics: [DefaultContextCache@fda4b80 size = 1, maxSize = 32, parentContextCount = 0, hitCount = 356, missCount = 1]
00:15:24.261 [Test worker] DEBUG org.springframework.test.context.cache.DefaultCacheAwareContextLoaderDelegate - Retrieved ApplicationContext from cache with key [[MergedContextConfiguration@1cad1b3d testClass = UserServiceImplTest, locations = '{classpath*:SpringBootVueApplication.class}', classes = '{}', contextInitializerClasses = '[]', activeProfiles = '{}', propertySourceLocations = '{}', propertySourceProperties = '{}', contextCustomizers = set[org.springframework.boot.test.autoconfigure.properties.PropertyMappingContextCustomizer@0, org.springframework.boot.test.autoconfigure.web.servlet.WebDriverContextCustomizerFactory$Customizer@5eba7a12, org.springframework.boot.test.context.filter.ExcludeFilterContextCustomizer@60e11cfd, org.springframework.boot.test.json.DuplicateJsonObjectContextCustomizerFactory$DuplicateJsonObjectContextCustomizer@736cf593, org.springframework.boot.test.mock.mockito.MockitoContextCustomizer@0], contextLoader = 'org.springframework.test.context.support.DelegatingSmartContextLoader', parent = [null]]]
00:15:24.261 [Test worker] DEBUG org.springframework.test.context.cache - Spring test ApplicationContext cache statistics: [DefaultContextCache@fda4b80 size = 1, maxSize = 32, parentContextCount = 0, hitCount = 357, missCount = 1]
00:15:24.261 [Test worker] DEBUG org.springframework.test.context.cache.DefaultCacheAwareContextLoaderDelegate - Retrieved ApplicationContext from cache with key [[MergedContextConfiguration@1cad1b3d testClass = UserServiceImplTest, locations = '{classpath*:SpringBootVueApplication.class}', classes = '{}', contextInitializerClasses = '[]', activeProfiles = '{}', propertySourceLocations = '{}', propertySourceProperties = '{}', contextCustomizers = set[org.springframework.boot.test.autoconfigure.properties.PropertyMappingContextCustomizer@0, org.springframework.boot.test.autoconfigure.web.servlet.WebDriverContextCustomizerFactory$Customizer@5eba7a12, org.springframework.boot.test.context.filter.ExcludeFilterContextCustomizer@60e11cfd, org.springframework.boot.test.json.DuplicateJsonObjectContextCustomizerFactory$DuplicateJsonObjectContextCustomizer@736cf593, org.springframework.boot.test.mock.mockito.MockitoContextCustomizer@0], contextLoader = 'org.springframework.test.context.support.DelegatingSmartContextLoader', parent = [null]]]
00:15:24.261 [Test worker] DEBUG org.springframework.test.context.cache - Spring test ApplicationContext cache statistics: [DefaultContextCache@fda4b80 size = 1, maxSize = 32, parentContextCount = 0, hitCount = 358, missCount = 1]
00:15:24.262 [Test worker] DEBUG org.springframework.test.context.cache.DefaultCacheAwareContextLoaderDelegate - Retrieved ApplicationContext from cache with key [[MergedContextConfiguration@1cad1b3d testClass = UserServiceImplTest, locations = '{classpath*:SpringBootVueApplication.class}', classes = '{}', contextInitializerClasses = '[]', activeProfiles = '{}', propertySourceLocations = '{}', propertySourceProperties = '{}', contextCustomizers = set[org.springframework.boot.test.autoconfigure.properties.PropertyMappingContextCustomizer@0, org.springframework.boot.test.autoconfigure.web.servlet.WebDriverContextCustomizerFactory$Customizer@5eba7a12, org.springframework.boot.test.context.filter.ExcludeFilterContextCustomizer@60e11cfd, org.springframework.boot.test.json.DuplicateJsonObjectContextCustomizerFactory$DuplicateJsonObjectContextCustomizer@736cf593, org.springframework.boot.test.mock.mockito.MockitoContextCustomizer@0], contextLoader = 'org.springframework.test.context.support.DelegatingSmartContextLoader', parent = [null]]]
00:15:24.262 [Test worker] DEBUG org.springframework.test.context.cache - Spring test ApplicationContext cache statistics: [DefaultContextCache@fda4b80 size = 1, maxSize = 32, parentContextCount = 0, hitCount = 359, missCount = 1]
00:15:24.262 [Test worker] DEBUG org.springframework.test.context.support.AbstractDirtiesContextTestExecutionListener - After test method: context [DefaultTestContext@6fd2f9de testClass = UserServiceImplTest, testInstance = com.okta.springbootvue.SpringBootVueApplication.Service.UserServiceImplTest@2e373a31, testMethod = updateUserType@UserServiceImplTest, testException = [null], mergedContextConfiguration = [MergedContextConfiguration@1cad1b3d testClass = UserServiceImplTest, locations = '{classpath*:SpringBootVueApplication.class}', classes = '{}', contextInitializerClasses = '[]', activeProfiles = '{}', propertySourceLocations = '{}', propertySourceProperties = '{}', contextCustomizers = set[org.springframework.boot.test.autoconfigure.properties.PropertyMappingContextCustomizer@0, org.springframework.boot.test.autoconfigure.web.servlet.WebDriverContextCustomizerFactory$Customizer@5eba7a12, org.springframework.boot.test.context.filter.ExcludeFilterContextCustomizer@60e11cfd, org.springframework.boot.test.json.DuplicateJsonObjectContextCustomizerFactory$DuplicateJsonObjectContextCustomizer@736cf593, org.springframework.boot.test.mock.mockito.MockitoContextCustomizer@0], contextLoader = 'org.springframework.test.context.support.DelegatingSmartContextLoader', parent = [null]], attributes = map[[empty]]], class annotated with @DirtiesContext [false] with mode [null], method annotated with @DirtiesContext [false] with mode [null].
00:15:24.263 [Test worker] DEBUG org.springframework.test.annotation.ProfileValueUtils - Retrieved @ProfileValueSourceConfiguration [null] for test class [com.okta.springbootvue.SpringBootVueApplication.Service.UserServiceImplTest]
00:15:24.263 [Test worker] DEBUG org.springframework.test.annotation.ProfileValueUtils - Retrieved ProfileValueSource type [class org.springframework.test.annotation.SystemProfileValueSource] for class [com.okta.springbootvue.SpringBootVueApplication.Service.UserServiceImplTest]
00:15:24.263 [Test worker] DEBUG org.springframework.test.context.support.DependencyInjectionTestExecutionListener - Performing dependency injection for test context [[DefaultTestContext@6fd2f9de testClass = UserServiceImplTest, testInstance = com.okta.springbootvue.SpringBootVueApplication.Service.UserServiceImplTest@4f48acf8, testMethod = [null], testException = [null], mergedContextConfiguration = [MergedContextConfiguration@1cad1b3d testClass = UserServiceImplTest, locations = '{classpath*:SpringBootVueApplication.class}', classes = '{}', contextInitializerClasses = '[]', activeProfiles = '{}', propertySourceLocations = '{}', propertySourceProperties = '{}', contextCustomizers = set[org.springframework.boot.test.autoconfigure.properties.PropertyMappingContextCustomizer@0, org.springframework.boot.test.autoconfigure.web.servlet.WebDriverContextCustomizerFactory$Customizer@5eba7a12, org.springframework.boot.test.context.filter.ExcludeFilterContextCustomizer@60e11cfd, org.springframework.boot.test.json.DuplicateJsonObjectContextCustomizerFactory$DuplicateJsonObjectContextCustomizer@736cf593, org.springframework.boot.test.mock.mockito.MockitoContextCustomizer@0], contextLoader = 'org.springframework.test.context.support.DelegatingSmartContextLoader', parent = [null]], attributes = map[[empty]]]].
00:15:24.263 [Test worker] DEBUG org.springframework.test.context.cache.DefaultCacheAwareContextLoaderDelegate - Retrieved ApplicationContext from cache with key [[MergedContextConfiguration@1cad1b3d testClass = UserServiceImplTest, locations = '{classpath*:SpringBootVueApplication.class}', classes = '{}', contextInitializerClasses = '[]', activeProfiles = '{}', propertySourceLocations = '{}', propertySourceProperties = '{}', contextCustomizers = set[org.springframework.boot.test.autoconfigure.properties.PropertyMappingContextCustomizer@0, org.springframework.boot.test.autoconfigure.web.servlet.WebDriverContextCustomizerFactory$Customizer@5eba7a12, org.springframework.boot.test.context.filter.ExcludeFilterContextCustomizer@60e11cfd, org.springframework.boot.test.json.DuplicateJsonObjectContextCustomizerFactory$DuplicateJsonObjectContextCustomizer@736cf593, org.springframework.boot.test.mock.mockito.MockitoContextCustomizer@0], contextLoader = 'org.springframework.test.context.support.DelegatingSmartContextLoader', parent = [null]]]
00:15:24.264 [Test worker] DEBUG org.springframework.test.context.cache - Spring test ApplicationContext cache statistics: [DefaultContextCache@fda4b80 size = 1, maxSize = 32, parentContextCount = 0, hitCount = 360, missCount = 1]
00:15:24.264 [Test worker] DEBUG org.springframework.test.context.support.AbstractDirtiesContextTestExecutionListener - Before test method: context [DefaultTestContext@6fd2f9de testClass = UserServiceImplTest, testInstance = com.okta.springbootvue.SpringBootVueApplication.Service.UserServiceImplTest@4f48acf8, testMethod = findAllUsers@UserServiceImplTest, testException = [null], mergedContextConfiguration = [MergedContextConfiguration@1cad1b3d testClass = UserServiceImplTest, locations = '{classpath*:SpringBootVueApplication.class}', classes = '{}', contextInitializerClasses = '[]', activeProfiles = '{}', propertySourceLocations = '{}', propertySourceProperties = '{}', contextCustomizers = set[org.springframework.boot.test.autoconfigure.properties.PropertyMappingContextCustomizer@0, org.springframework.boot.test.autoconfigure.web.servlet.WebDriverContextCustomizerFactory$Customizer@5eba7a12, org.springframework.boot.test.context.filter.ExcludeFilterContextCustomizer@60e11cfd, org.springframework.boot.test.json.DuplicateJsonObjectContextCustomizerFactory$DuplicateJsonObjectContextCustomizer@736cf593, org.springframework.boot.test.mock.mockito.MockitoContextCustomizer@0], contextLoader = 'org.springframework.test.context.support.DelegatingSmartContextLoader', parent = [null]], attributes = map[[empty]]], class annotated with @DirtiesContext [false] with mode [null], method annotated with @DirtiesContext [false] with mode [null].
00:15:24.265 [Test worker] DEBUG org.springframework.test.context.cache.DefaultCacheAwareContextLoaderDelegate - Retrieved ApplicationContext from cache with key [[MergedContextConfiguration@1cad1b3d testClass = UserServiceImplTest, locations = '{classpath*:SpringBootVueApplication.class}', classes = '{}', contextInitializerClasses = '[]', activeProfiles = '{}', propertySourceLocations = '{}', propertySourceProperties = '{}', contextCustomizers = set[org.springframework.boot.test.autoconfigure.properties.PropertyMappingContextCustomizer@0, org.springframework.boot.test.autoconfigure.web.servlet.WebDriverContextCustomizerFactory$Customizer@5eba7a12, org.springframework.boot.test.context.filter.ExcludeFilterContextCustomizer@60e11cfd, org.springframework.boot.test.json.DuplicateJsonObjectContextCustomizerFactory$DuplicateJsonObjectContextCustomizer@736cf593, org.springframework.boot.test.mock.mockito.MockitoContextCustomizer@0], contextLoader = 'org.springframework.test.context.support.DelegatingSmartContextLoader', parent = [null]]]
00:15:24.265 [Test worker] DEBUG org.springframework.test.context.cache - Spring test ApplicationContext cache statistics: [DefaultContextCache@fda4b80 size = 1, maxSize = 32, parentContextCount = 0, hitCount = 361, missCount = 1]
00:15:24.266 [Test worker] DEBUG org.springframework.test.context.cache.DefaultCacheAwareContextLoaderDelegate - Retrieved ApplicationContext from cache with key [[MergedContextConfiguration@1cad1b3d testClass = UserServiceImplTest, locations = '{classpath*:SpringBootVueApplication.class}', classes = '{}', contextInitializerClasses = '[]', activeProfiles = '{}', propertySourceLocations = '{}', propertySourceProperties = '{}', contextCustomizers = set[org.springframework.boot.test.autoconfigure.properties.PropertyMappingContextCustomizer@0, org.springframework.boot.test.autoconfigure.web.servlet.WebDriverContextCustomizerFactory$Customizer@5eba7a12, org.springframework.boot.test.context.filter.ExcludeFilterContextCustomizer@60e11cfd, org.springframework.boot.test.json.DuplicateJsonObjectContextCustomizerFactory$DuplicateJsonObjectContextCustomizer@736cf593, org.springframework.boot.test.mock.mockito.MockitoContextCustomizer@0], contextLoader = 'org.springframework.test.context.support.DelegatingSmartContextLoader', parent = [null]]]
00:15:24.266 [Test worker] DEBUG org.springframework.test.context.cache - Spring test ApplicationContext cache statistics: [DefaultContextCache@fda4b80 size = 1, maxSize = 32, parentContextCount = 0, hitCount = 362, missCount = 1]
00:15:24.266 [Test worker] DEBUG org.springframework.test.context.cache.DefaultCacheAwareContextLoaderDelegate - Retrieved ApplicationContext from cache with key [[MergedContextConfiguration@1cad1b3d testClass = UserServiceImplTest, locations = '{classpath*:SpringBootVueApplication.class}', classes = '{}', contextInitializerClasses = '[]', activeProfiles = '{}', propertySourceLocations = '{}', propertySourceProperties = '{}', contextCustomizers = set[org.springframework.boot.test.autoconfigure.properties.PropertyMappingContextCustomizer@0, org.springframework.boot.test.autoconfigure.web.servlet.WebDriverContextCustomizerFactory$Customizer@5eba7a12, org.springframework.boot.test.context.filter.ExcludeFilterContextCustomizer@60e11cfd, org.springframework.boot.test.json.DuplicateJsonObjectContextCustomizerFactory$DuplicateJsonObjectContextCustomizer@736cf593, org.springframework.boot.test.mock.mockito.MockitoContextCustomizer@0], contextLoader = 'org.springframework.test.context.support.DelegatingSmartContextLoader', parent = [null]]]
00:15:24.266 [Test worker] DEBUG org.springframework.test.context.cache - Spring test ApplicationContext cache statistics: [DefaultContextCache@fda4b80 size = 1, maxSize = 32, parentContextCount = 0, hitCount = 363, missCount = 1]
00:15:24.266 [Test worker] DEBUG org.springframework.test.context.cache.DefaultCacheAwareContextLoaderDelegate - Retrieved ApplicationContext from cache with key [[MergedContextConfiguration@1cad1b3d testClass = UserServiceImplTest, locations = '{classpath*:SpringBootVueApplication.class}', classes = '{}', contextInitializerClasses = '[]', activeProfiles = '{}', propertySourceLocations = '{}', propertySourceProperties = '{}', contextCustomizers = set[org.springframework.boot.test.autoconfigure.properties.PropertyMappingContextCustomizer@0, org.springframework.boot.test.autoconfigure.web.servlet.WebDriverContextCustomizerFactory$Customizer@5eba7a12, org.springframework.boot.test.context.filter.ExcludeFilterContextCustomizer@60e11cfd, org.springframework.boot.test.json.DuplicateJsonObjectContextCustomizerFactory$DuplicateJsonObjectContextCustomizer@736cf593, org.springframework.boot.test.mock.mockito.MockitoContextCustomizer@0], contextLoader = 'org.springframework.test.context.support.DelegatingSmartContextLoader', parent = [null]]]
00:15:24.266 [Test worker] DEBUG org.springframework.test.context.cache - Spring test ApplicationContext cache statistics: [DefaultContextCache@fda4b80 size = 1, maxSize = 32, parentContextCount = 0, hitCount = 364, missCount = 1]
00:15:24.266 [Test worker] DEBUG org.springframework.test.context.cache.DefaultCacheAwareContextLoaderDelegate - Retrieved ApplicationContext from cache with key [[MergedContextConfiguration@1cad1b3d testClass = UserServiceImplTest, locations = '{classpath*:SpringBootVueApplication.class}', classes = '{}', contextInitializerClasses = '[]', activeProfiles = '{}', propertySourceLocations = '{}', propertySourceProperties = '{}', contextCustomizers = set[org.springframework.boot.test.autoconfigure.properties.PropertyMappingContextCustomizer@0, org.springframework.boot.test.autoconfigure.web.servlet.WebDriverContextCustomizerFactory$Customizer@5eba7a12, org.springframework.boot.test.context.filter.ExcludeFilterContextCustomizer@60e11cfd, org.springframework.boot.test.json.DuplicateJsonObjectContextCustomizerFactory$DuplicateJsonObjectContextCustomizer@736cf593, org.springframework.boot.test.mock.mockito.MockitoContextCustomizer@0], contextLoader = 'org.springframework.test.context.support.DelegatingSmartContextLoader', parent = [null]]]
00:15:24.266 [Test worker] DEBUG org.springframework.test.context.cache - Spring test ApplicationContext cache statistics: [DefaultContextCache@fda4b80 size = 1, maxSize = 32, parentContextCount = 0, hitCount = 365, missCount = 1]
00:15:24.267 [Test worker] DEBUG org.springframework.test.context.support.AbstractDirtiesContextTestExecutionListener - After test method: context [DefaultTestContext@6fd2f9de testClass = UserServiceImplTest, testInstance = com.okta.springbootvue.SpringBootVueApplication.Service.UserServiceImplTest@4f48acf8, testMethod = findAllUsers@UserServiceImplTest, testException = [null], mergedContextConfiguration = [MergedContextConfiguration@1cad1b3d testClass = UserServiceImplTest, locations = '{classpath*:SpringBootVueApplication.class}', classes = '{}', contextInitializerClasses = '[]', activeProfiles = '{}', propertySourceLocations = '{}', propertySourceProperties = '{}', contextCustomizers = set[org.springframework.boot.test.autoconfigure.properties.PropertyMappingContextCustomizer@0, org.springframework.boot.test.autoconfigure.web.servlet.WebDriverContextCustomizerFactory$Customizer@5eba7a12, org.springframework.boot.test.context.filter.ExcludeFilterContextCustomizer@60e11cfd, org.springframework.boot.test.json.DuplicateJsonObjectContextCustomizerFactory$DuplicateJsonObjectContextCustomizer@736cf593, org.springframework.boot.test.mock.mockito.MockitoContextCustomizer@0], contextLoader = 'org.springframework.test.context.support.DelegatingSmartContextLoader', parent = [null]], attributes = map[[empty]]], class annotated with @DirtiesContext [false] with mode [null], method annotated with @DirtiesContext [false] with mode [null].
00:15:24.267 [Test worker] DEBUG org.springframework.test.annotation.ProfileValueUtils - Retrieved @ProfileValueSourceConfiguration [null] for test class [com.okta.springbootvue.SpringBootVueApplication.Service.UserServiceImplTest]
00:15:24.267 [Test worker] DEBUG org.springframework.test.annotation.ProfileValueUtils - Retrieved ProfileValueSource type [class org.springframework.test.annotation.SystemProfileValueSource] for class [com.okta.springbootvue.SpringBootVueApplication.Service.UserServiceImplTest]
00:15:24.267 [Test worker] DEBUG org.springframework.test.context.support.DependencyInjectionTestExecutionListener - Performing dependency injection for test context [[DefaultTestContext@6fd2f9de testClass = UserServiceImplTest, testInstance = com.okta.springbootvue.SpringBootVueApplication.Service.UserServiceImplTest@4b3b9b32, testMethod = [null], testException = [null], mergedContextConfiguration = [MergedContextConfiguration@1cad1b3d testClass = UserServiceImplTest, locations = '{classpath*:SpringBootVueApplication.class}', classes = '{}', contextInitializerClasses = '[]', activeProfiles = '{}', propertySourceLocations = '{}', propertySourceProperties = '{}', contextCustomizers = set[org.springframework.boot.test.autoconfigure.properties.PropertyMappingContextCustomizer@0, org.springframework.boot.test.autoconfigure.web.servlet.WebDriverContextCustomizerFactory$Customizer@5eba7a12, org.springframework.boot.test.context.filter.ExcludeFilterContextCustomizer@60e11cfd, org.springframework.boot.test.json.DuplicateJsonObjectContextCustomizerFactory$DuplicateJsonObjectContextCustomizer@736cf593, org.springframework.boot.test.mock.mockito.MockitoContextCustomizer@0], contextLoader = 'org.springframework.test.context.support.DelegatingSmartContextLoader', parent = [null]], attributes = map[[empty]]]].
00:15:24.267 [Test worker] DEBUG org.springframework.test.context.cache.DefaultCacheAwareContextLoaderDelegate - Retrieved ApplicationContext from cache with key [[MergedContextConfiguration@1cad1b3d testClass = UserServiceImplTest, locations = '{classpath*:SpringBootVueApplication.class}', classes = '{}', contextInitializerClasses = '[]', activeProfiles = '{}', propertySourceLocations = '{}', propertySourceProperties = '{}', contextCustomizers = set[org.springframework.boot.test.autoconfigure.properties.PropertyMappingContextCustomizer@0, org.springframework.boot.test.autoconfigure.web.servlet.WebDriverContextCustomizerFactory$Customizer@5eba7a12, org.springframework.boot.test.context.filter.ExcludeFilterContextCustomizer@60e11cfd, org.springframework.boot.test.json.DuplicateJsonObjectContextCustomizerFactory$DuplicateJsonObjectContextCustomizer@736cf593, org.springframework.boot.test.mock.mockito.MockitoContextCustomizer@0], contextLoader = 'org.springframework.test.context.support.DelegatingSmartContextLoader', parent = [null]]]
00:15:24.267 [Test worker] DEBUG org.springframework.test.context.cache - Spring test ApplicationContext cache statistics: [DefaultContextCache@fda4b80 size = 1, maxSize = 32, parentContextCount = 0, hitCount = 366, missCount = 1]
00:15:24.268 [Test worker] DEBUG org.springframework.test.context.support.AbstractDirtiesContextTestExecutionListener - Before test method: context [DefaultTestContext@6fd2f9de testClass = UserServiceImplTest, testInstance = com.okta.springbootvue.SpringBootVueApplication.Service.UserServiceImplTest@4b3b9b32, testMethod = deleteUserById@UserServiceImplTest, testException = [null], mergedContextConfiguration = [MergedContextConfiguration@1cad1b3d testClass = UserServiceImplTest, locations = '{classpath*:SpringBootVueApplication.class}', classes = '{}', contextInitializerClasses = '[]', activeProfiles = '{}', propertySourceLocations = '{}', propertySourceProperties = '{}', contextCustomizers = set[org.springframework.boot.test.autoconfigure.properties.PropertyMappingContextCustomizer@0, org.springframework.boot.test.autoconfigure.web.servlet.WebDriverContextCustomizerFactory$Customizer@5eba7a12, org.springframework.boot.test.context.filter.ExcludeFilterContextCustomizer@60e11cfd, org.springframework.boot.test.json.DuplicateJsonObjectContextCustomizerFactory$DuplicateJsonObjectContextCustomizer@736cf593, org.springframework.boot.test.mock.mockito.MockitoContextCustomizer@0], contextLoader = 'org.springframework.test.context.support.DelegatingSmartContextLoader', parent = [null]], attributes = map[[empty]]], class annotated with @DirtiesContext [false] with mode [null], method annotated with @DirtiesContext [false] with mode [null].
00:15:24.269 [Test worker] DEBUG org.springframework.test.context.cache.DefaultCacheAwareContextLoaderDelegate - Retrieved ApplicationContext from cache with key [[MergedContextConfiguration@1cad1b3d testClass = UserServiceImplTest, locations = '{classpath*:SpringBootVueApplication.class}', classes = '{}', contextInitializerClasses = '[]', activeProfiles = '{}', propertySourceLocations = '{}', propertySourceProperties = '{}', contextCustomizers = set[org.springframework.boot.test.autoconfigure.properties.PropertyMappingContextCustomizer@0, org.springframework.boot.test.autoconfigure.web.servlet.WebDriverContextCustomizerFactory$Customizer@5eba7a12, org.springframework.boot.test.context.filter.ExcludeFilterContextCustomizer@60e11cfd, org.springframework.boot.test.json.DuplicateJsonObjectContextCustomizerFactory$DuplicateJsonObjectContextCustomizer@736cf593, org.springframework.boot.test.mock.mockito.MockitoContextCustomizer@0], contextLoader = 'org.springframework.test.context.support.DelegatingSmartContextLoader', parent = [null]]]
00:15:24.269 [Test worker] DEBUG org.springframework.test.context.cache - Spring test ApplicationContext cache statistics: [DefaultContextCache@fda4b80 size = 1, maxSize = 32, parentContextCount = 0, hitCount = 367, missCount = 1]
00:15:24.269 [Test worker] DEBUG org.springframework.test.context.cache.DefaultCacheAwareContextLoaderDelegate - Retrieved ApplicationContext from cache with key [[MergedContextConfiguration@1cad1b3d testClass = UserServiceImplTest, locations = '{classpath*:SpringBootVueApplication.class}', classes = '{}', contextInitializerClasses = '[]', activeProfiles = '{}', propertySourceLocations = '{}', propertySourceProperties = '{}', contextCustomizers = set[org.springframework.boot.test.autoconfigure.properties.PropertyMappingContextCustomizer@0, org.springframework.boot.test.autoconfigure.web.servlet.WebDriverContextCustomizerFactory$Customizer@5eba7a12, org.springframework.boot.test.context.filter.ExcludeFilterContextCustomizer@60e11cfd, org.springframework.boot.test.json.DuplicateJsonObjectContextCustomizerFactory$DuplicateJsonObjectContextCustomizer@736cf593, org.springframework.boot.test.mock.mockito.MockitoContextCustomizer@0], contextLoader = 'org.springframework.test.context.support.DelegatingSmartContextLoader', parent = [null]]]
00:15:24.270 [Test worker] DEBUG org.springframework.test.context.cache - Spring test ApplicationContext cache statistics: [DefaultContextCache@fda4b80 size = 1, maxSize = 32, parentContextCount = 0, hitCount = 368, missCount = 1]
00:15:24.270 [Test worker] DEBUG org.springframework.test.context.cache.DefaultCacheAwareContextLoaderDelegate - Retrieved ApplicationContext from cache with key [[MergedContextConfiguration@1cad1b3d testClass = UserServiceImplTest, locations = '{classpath*:SpringBootVueApplication.class}', classes = '{}', contextInitializerClasses = '[]', activeProfiles = '{}', propertySourceLocations = '{}', propertySourceProperties = '{}', contextCustomizers = set[org.springframework.boot.test.autoconfigure.properties.PropertyMappingContextCustomizer@0, org.springframework.boot.test.autoconfigure.web.servlet.WebDriverContextCustomizerFactory$Customizer@5eba7a12, org.springframework.boot.test.context.filter.ExcludeFilterContextCustomizer@60e11cfd, org.springframework.boot.test.json.DuplicateJsonObjectContextCustomizerFactory$DuplicateJsonObjectContextCustomizer@736cf593, org.springframework.boot.test.mock.mockito.MockitoContextCustomizer@0], contextLoader = 'org.springframework.test.context.support.DelegatingSmartContextLoader', parent = [null]]]
00:15:24.270 [Test worker] DEBUG org.springframework.test.context.cache - Spring test ApplicationContext cache statistics: [DefaultContextCache@fda4b80 size = 1, maxSize = 32, parentContextCount = 0, hitCount = 369, missCount = 1]
00:15:24.270 [Test worker] DEBUG org.springframework.test.context.cache.DefaultCacheAwareContextLoaderDelegate - Retrieved ApplicationContext from cache with key [[MergedContextConfiguration@1cad1b3d testClass = UserServiceImplTest, locations = '{classpath*:SpringBootVueApplication.class}', classes = '{}', contextInitializerClasses = '[]', activeProfiles = '{}', propertySourceLocations = '{}', propertySourceProperties = '{}', contextCustomizers = set[org.springframework.boot.test.autoconfigure.properties.PropertyMappingContextCustomizer@0, org.springframework.boot.test.autoconfigure.web.servlet.WebDriverContextCustomizerFactory$Customizer@5eba7a12, org.springframework.boot.test.context.filter.ExcludeFilterContextCustomizer@60e11cfd, org.springframework.boot.test.json.DuplicateJsonObjectContextCustomizerFactory$DuplicateJsonObjectContextCustomizer@736cf593, org.springframework.boot.test.mock.mockito.MockitoContextCustomizer@0], contextLoader = 'org.springframework.test.context.support.DelegatingSmartContextLoader', parent = [null]]]
00:15:24.270 [Test worker] DEBUG org.springframework.test.context.cache - Spring test ApplicationContext cache statistics: [DefaultContextCache@fda4b80 size = 1, maxSize = 32, parentContextCount = 0, hitCount = 370, missCount = 1]
00:15:24.270 [Test worker] DEBUG org.springframework.test.context.cache.DefaultCacheAwareContextLoaderDelegate - Retrieved ApplicationContext from cache with key [[MergedContextConfiguration@1cad1b3d testClass = UserServiceImplTest, locations = '{classpath*:SpringBootVueApplication.class}', classes = '{}', contextInitializerClasses = '[]', activeProfiles = '{}', propertySourceLocations = '{}', propertySourceProperties = '{}', contextCustomizers = set[org.springframework.boot.test.autoconfigure.properties.PropertyMappingContextCustomizer@0, org.springframework.boot.test.autoconfigure.web.servlet.WebDriverContextCustomizerFactory$Customizer@5eba7a12, org.springframework.boot.test.context.filter.ExcludeFilterContextCustomizer@60e11cfd, org.springframework.boot.test.json.DuplicateJsonObjectContextCustomizerFactory$DuplicateJsonObjectContextCustomizer@736cf593, org.springframework.boot.test.mock.mockito.MockitoContextCustomizer@0], contextLoader = 'org.springframework.test.context.support.DelegatingSmartContextLoader', parent = [null]]]
00:15:24.270 [Test worker] DEBUG org.springframework.test.context.cache - Spring test ApplicationContext cache statistics: [DefaultContextCache@fda4b80 size = 1, maxSize = 32, parentContextCount = 0, hitCount = 371, missCount = 1]
00:15:24.271 [Test worker] DEBUG org.springframework.test.context.support.AbstractDirtiesContextTestExecutionListener - After test method: context [DefaultTestContext@6fd2f9de testClass = UserServiceImplTest, testInstance = com.okta.springbootvue.SpringBootVueApplication.Service.UserServiceImplTest@4b3b9b32, testMethod = deleteUserById@UserServiceImplTest, testException = [null], mergedContextConfiguration = [MergedContextConfiguration@1cad1b3d testClass = UserServiceImplTest, locations = '{classpath*:SpringBootVueApplication.class}', classes = '{}', contextInitializerClasses = '[]', activeProfiles = '{}', propertySourceLocations = '{}', propertySourceProperties = '{}', contextCustomizers = set[org.springframework.boot.test.autoconfigure.properties.PropertyMappingContextCustomizer@0, org.springframework.boot.test.autoconfigure.web.servlet.WebDriverContextCustomizerFactory$Customizer@5eba7a12, org.springframework.boot.test.context.filter.ExcludeFilterContextCustomizer@60e11cfd, org.springframework.boot.test.json.DuplicateJsonObjectContextCustomizerFactory$DuplicateJsonObjectContextCustomizer@736cf593, org.springframework.boot.test.mock.mockito.MockitoContextCustomizer@0], contextLoader = 'org.springframework.test.context.support.DelegatingSmartContextLoader', parent = [null]], attributes = map[[empty]]], class annotated with @DirtiesContext [false] with mode [null], method annotated with @DirtiesContext [false] with mode [null].
00:15:24.272 [Test worker] DEBUG org.springframework.test.context.support.AbstractDirtiesContextTestExecutionListener - After test class: context [DefaultTestContext@6fd2f9de testClass = UserServiceImplTest, testInstance = [null], testMethod = [null], testException = [null], mergedContextConfiguration = [MergedContextConfiguration@1cad1b3d testClass = UserServiceImplTest, locations = '{classpath*:SpringBootVueApplication.class}', classes = '{}', contextInitializerClasses = '[]', activeProfiles = '{}', propertySourceLocations = '{}', propertySourceProperties = '{}', contextCustomizers = set[org.springframework.boot.test.autoconfigure.properties.PropertyMappingContextCustomizer@0, org.springframework.boot.test.autoconfigure.web.servlet.WebDriverContextCustomizerFactory$Customizer@5eba7a12, org.springframework.boot.test.context.filter.ExcludeFilterContextCustomizer@60e11cfd, org.springframework.boot.test.json.DuplicateJsonObjectContextCustomizerFactory$DuplicateJsonObjectContextCustomizer@736cf593, org.springframework.boot.test.mock.mockito.MockitoContextCustomizer@0], contextLoader = 'org.springframework.test.context.support.DelegatingSmartContextLoader', parent = [null]], attributes = map[[empty]]], class annotated with @DirtiesContext [false] with mode [null].
]]></system-out>
  <system-err><![CDATA[Loading class `com.mysql.jdbc.Driver'. This is deprecated. The new driver class is `com.mysql.cj.jdbc.Driver'. The driver is automatically registered via the SPI and manual loading of the driver class is generally unnecessary.
]]></system-err>
</testsuite>
