<?xml version="1.0" encoding="UTF-8"?>
<testsuite name="com.okta.springbootvue.SpringBootVueApplication.Controller.QuestionControllerTest" tests="1" skipped="0" failures="0" errors="0" timestamp="2019-11-09T05:15:22" hostname="DESKTOP-FS3LUFH" time="0.005">
  <properties/>
  <testcase name="listQuestionsByCandidate" classname="com.okta.springbootvue.SpringBootVueApplication.Controller.QuestionControllerTest" time="0.005"/>
  <system-out><![CDATA[00:15:22.009 [Test worker] DEBUG org.springframework.test.context.junit4.SpringJUnit4ClassRunner - SpringJUnit4ClassRunner constructor called with [class com.okta.springbootvue.SpringBootVueApplication.Controller.QuestionControllerTest]
00:15:22.009 [Test worker] DEBUG org.springframework.test.context.BootstrapUtils - Instantiating CacheAwareContextLoaderDelegate from class [org.springframework.test.context.cache.DefaultCacheAwareContextLoaderDelegate]
00:15:22.009 [Test worker] DEBUG org.springframework.test.context.BootstrapUtils - Instantiating BootstrapContext using constructor [public org.springframework.test.context.support.DefaultBootstrapContext(java.lang.Class,org.springframework.test.context.CacheAwareContextLoaderDelegate)]
00:15:22.009 [Test worker] DEBUG org.springframework.test.context.BootstrapUtils - Instantiating TestContextBootstrapper for test class [com.okta.springbootvue.SpringBootVueApplication.Controller.QuestionControllerTest] from class [org.springframework.test.context.support.DefaultTestContextBootstrapper]
00:15:22.010 [Test worker] DEBUG org.springframework.test.context.support.AbstractDelegatingSmartContextLoader - Delegating to GenericXmlContextLoader to process context configuration [ContextConfigurationAttributes@37bddca2 declaringClass = 'com.okta.springbootvue.SpringBootVueApplication.Controller.QuestionControllerTest', classes = '{}', locations = '{classpath*:SpringBootVueApplication.class}', inheritLocations = true, initializers = '{}', inheritInitializers = true, name = [null], contextLoaderClass = 'org.springframework.test.context.ContextLoader'].
00:15:22.011 [Test worker] DEBUG org.springframework.test.context.support.ActiveProfilesUtils - Could not find an 'annotation declaring class' for annotation type [org.springframework.test.context.ActiveProfiles] and class [com.okta.springbootvue.SpringBootVueApplication.Controller.QuestionControllerTest]
00:15:22.011 [Test worker] DEBUG org.springframework.test.context.support.DefaultTestContextBootstrapper - @TestExecutionListeners is not present for class [com.okta.springbootvue.SpringBootVueApplication.Controller.QuestionControllerTest]: using defaults.
00:15:22.012 [Test worker] INFO org.springframework.test.context.support.DefaultTestContextBootstrapper - Loaded default TestExecutionListener class names from location [META-INF/spring.factories]: [org.springframework.boot.test.autoconfigure.restdocs.RestDocsTestExecutionListener, org.springframework.boot.test.autoconfigure.web.client.MockRestServiceServerResetTestExecutionListener, org.springframework.boot.test.autoconfigure.web.servlet.MockMvcPrintOnlyOnFailureTestExecutionListener, org.springframework.boot.test.autoconfigure.web.servlet.WebDriverTestExecutionListener, org.springframework.boot.test.mock.mockito.MockitoTestExecutionListener, org.springframework.boot.test.mock.mockito.ResetMocksTestExecutionListener, org.springframework.test.context.web.ServletTestExecutionListener, org.springframework.test.context.support.DirtiesContextBeforeModesTestExecutionListener, org.springframework.test.context.support.DependencyInjectionTestExecutionListener, org.springframework.test.context.support.DirtiesContextTestExecutionListener, org.springframework.test.context.transaction.TransactionalTestExecutionListener, org.springframework.test.context.jdbc.SqlScriptsTestExecutionListener]
00:15:22.012 [Test worker] INFO org.springframework.test.context.support.DefaultTestContextBootstrapper - Using TestExecutionListeners: [org.springframework.test.context.web.ServletTestExecutionListener@3236bff0, org.springframework.test.context.support.DirtiesContextBeforeModesTestExecutionListener@21b4b217, org.springframework.boot.test.mock.mockito.MockitoTestExecutionListener@1c8f32aa, org.springframework.test.context.support.DependencyInjectionTestExecutionListener@458ea555, org.springframework.test.context.support.DirtiesContextTestExecutionListener@42405b2b, org.springframework.test.context.transaction.TransactionalTestExecutionListener@46e07d7e, org.springframework.test.context.jdbc.SqlScriptsTestExecutionListener@239f1d6a, org.springframework.boot.test.autoconfigure.restdocs.RestDocsTestExecutionListener@130ba041, org.springframework.boot.test.autoconfigure.web.client.MockRestServiceServerResetTestExecutionListener@53d22808, org.springframework.boot.test.autoconfigure.web.servlet.MockMvcPrintOnlyOnFailureTestExecutionListener@161cb481, org.springframework.boot.test.autoconfigure.web.servlet.WebDriverTestExecutionListener@4d338f65, org.springframework.boot.test.mock.mockito.ResetMocksTestExecutionListener@3f4272a]
00:15:22.012 [Test worker] DEBUG org.springframework.test.annotation.ProfileValueUtils - Retrieved @ProfileValueSourceConfiguration [null] for test class [com.okta.springbootvue.SpringBootVueApplication.Controller.QuestionControllerTest]
00:15:22.012 [Test worker] DEBUG org.springframework.test.annotation.ProfileValueUtils - Retrieved ProfileValueSource type [class org.springframework.test.annotation.SystemProfileValueSource] for class [com.okta.springbootvue.SpringBootVueApplication.Controller.QuestionControllerTest]
00:15:22.012 [Test worker] DEBUG org.springframework.test.annotation.ProfileValueUtils - Retrieved @ProfileValueSourceConfiguration [null] for test class [com.okta.springbootvue.SpringBootVueApplication.Controller.QuestionControllerTest]
00:15:22.012 [Test worker] DEBUG org.springframework.test.annotation.ProfileValueUtils - Retrieved ProfileValueSource type [class org.springframework.test.annotation.SystemProfileValueSource] for class [com.okta.springbootvue.SpringBootVueApplication.Controller.QuestionControllerTest]
00:15:22.013 [Test worker] DEBUG org.springframework.test.context.support.AbstractDirtiesContextTestExecutionListener - Before test class: context [DefaultTestContext@4124cd34 testClass = QuestionControllerTest, testInstance = [null], testMethod = [null], testException = [null], mergedContextConfiguration = [MergedContextConfiguration@326fd12d testClass = QuestionControllerTest, locations = '{classpath*:SpringBootVueApplication.class}', classes = '{}', contextInitializerClasses = '[]', activeProfiles = '{}', propertySourceLocations = '{}', propertySourceProperties = '{}', contextCustomizers = set[org.springframework.boot.test.autoconfigure.properties.PropertyMappingContextCustomizer@0, org.springframework.boot.test.autoconfigure.web.servlet.WebDriverContextCustomizerFactory$Customizer@5eba7a12, org.springframework.boot.test.context.filter.ExcludeFilterContextCustomizer@60e11cfd, org.springframework.boot.test.json.DuplicateJsonObjectContextCustomizerFactory$DuplicateJsonObjectContextCustomizer@736cf593, org.springframework.boot.test.mock.mockito.MockitoContextCustomizer@0], contextLoader = 'org.springframework.test.context.support.DelegatingSmartContextLoader', parent = [null]], attributes = map[[empty]]], class annotated with @DirtiesContext [false] with mode [null].
00:15:22.013 [Test worker] DEBUG org.springframework.test.annotation.ProfileValueUtils - Retrieved @ProfileValueSourceConfiguration [null] for test class [com.okta.springbootvue.SpringBootVueApplication.Controller.QuestionControllerTest]
00:15:22.013 [Test worker] DEBUG org.springframework.test.annotation.ProfileValueUtils - Retrieved ProfileValueSource type [class org.springframework.test.annotation.SystemProfileValueSource] for class [com.okta.springbootvue.SpringBootVueApplication.Controller.QuestionControllerTest]
00:15:22.037 [Test worker] DEBUG org.springframework.test.context.support.DependencyInjectionTestExecutionListener - Performing dependency injection for test context [[DefaultTestContext@4124cd34 testClass = QuestionControllerTest, testInstance = com.okta.springbootvue.SpringBootVueApplication.Controller.QuestionControllerTest@384dd79a, testMethod = [null], testException = [null], mergedContextConfiguration = [MergedContextConfiguration@326fd12d testClass = QuestionControllerTest, locations = '{classpath*:SpringBootVueApplication.class}', classes = '{}', contextInitializerClasses = '[]', activeProfiles = '{}', propertySourceLocations = '{}', propertySourceProperties = '{}', contextCustomizers = set[org.springframework.boot.test.autoconfigure.properties.PropertyMappingContextCustomizer@0, org.springframework.boot.test.autoconfigure.web.servlet.WebDriverContextCustomizerFactory$Customizer@5eba7a12, org.springframework.boot.test.context.filter.ExcludeFilterContextCustomizer@60e11cfd, org.springframework.boot.test.json.DuplicateJsonObjectContextCustomizerFactory$DuplicateJsonObjectContextCustomizer@736cf593, org.springframework.boot.test.mock.mockito.MockitoContextCustomizer@0], contextLoader = 'org.springframework.test.context.support.DelegatingSmartContextLoader', parent = [null]], attributes = map[[empty]]]].
00:15:22.038 [Test worker] DEBUG org.springframework.test.context.cache.DefaultCacheAwareContextLoaderDelegate - Retrieved ApplicationContext from cache with key [[MergedContextConfiguration@326fd12d testClass = QuestionControllerTest, locations = '{classpath*:SpringBootVueApplication.class}', classes = '{}', contextInitializerClasses = '[]', activeProfiles = '{}', propertySourceLocations = '{}', propertySourceProperties = '{}', contextCustomizers = set[org.springframework.boot.test.autoconfigure.properties.PropertyMappingContextCustomizer@0, org.springframework.boot.test.autoconfigure.web.servlet.WebDriverContextCustomizerFactory$Customizer@5eba7a12, org.springframework.boot.test.context.filter.ExcludeFilterContextCustomizer@60e11cfd, org.springframework.boot.test.json.DuplicateJsonObjectContextCustomizerFactory$DuplicateJsonObjectContextCustomizer@736cf593, org.springframework.boot.test.mock.mockito.MockitoContextCustomizer@0], contextLoader = 'org.springframework.test.context.support.DelegatingSmartContextLoader', parent = [null]]]
00:15:22.038 [Test worker] DEBUG org.springframework.test.context.cache - Spring test ApplicationContext cache statistics: [DefaultContextCache@fda4b80 size = 1, maxSize = 32, parentContextCount = 0, hitCount = 102, missCount = 1]
00:15:22.040 [Test worker] DEBUG org.springframework.test.context.support.AbstractDirtiesContextTestExecutionListener - Before test method: context [DefaultTestContext@4124cd34 testClass = QuestionControllerTest, testInstance = com.okta.springbootvue.SpringBootVueApplication.Controller.QuestionControllerTest@384dd79a, testMethod = listQuestionsByCandidate@QuestionControllerTest, testException = [null], mergedContextConfiguration = [MergedContextConfiguration@326fd12d testClass = QuestionControllerTest, locations = '{classpath*:SpringBootVueApplication.class}', classes = '{}', contextInitializerClasses = '[]', activeProfiles = '{}', propertySourceLocations = '{}', propertySourceProperties = '{}', contextCustomizers = set[org.springframework.boot.test.autoconfigure.properties.PropertyMappingContextCustomizer@0, org.springframework.boot.test.autoconfigure.web.servlet.WebDriverContextCustomizerFactory$Customizer@5eba7a12, org.springframework.boot.test.context.filter.ExcludeFilterContextCustomizer@60e11cfd, org.springframework.boot.test.json.DuplicateJsonObjectContextCustomizerFactory$DuplicateJsonObjectContextCustomizer@736cf593, org.springframework.boot.test.mock.mockito.MockitoContextCustomizer@0], contextLoader = 'org.springframework.test.context.support.DelegatingSmartContextLoader', parent = [null]], attributes = map[[empty]]], class annotated with @DirtiesContext [false] with mode [null], method annotated with @DirtiesContext [false] with mode [null].
00:15:22.041 [Test worker] DEBUG org.springframework.test.context.cache.DefaultCacheAwareContextLoaderDelegate - Retrieved ApplicationContext from cache with key [[MergedContextConfiguration@326fd12d testClass = QuestionControllerTest, locations = '{classpath*:SpringBootVueApplication.class}', classes = '{}', contextInitializerClasses = '[]', activeProfiles = '{}', propertySourceLocations = '{}', propertySourceProperties = '{}', contextCustomizers = set[org.springframework.boot.test.autoconfigure.properties.PropertyMappingContextCustomizer@0, org.springframework.boot.test.autoconfigure.web.servlet.WebDriverContextCustomizerFactory$Customizer@5eba7a12, org.springframework.boot.test.context.filter.ExcludeFilterContextCustomizer@60e11cfd, org.springframework.boot.test.json.DuplicateJsonObjectContextCustomizerFactory$DuplicateJsonObjectContextCustomizer@736cf593, org.springframework.boot.test.mock.mockito.MockitoContextCustomizer@0], contextLoader = 'org.springframework.test.context.support.DelegatingSmartContextLoader', parent = [null]]]
00:15:22.041 [Test worker] DEBUG org.springframework.test.context.cache - Spring test ApplicationContext cache statistics: [DefaultContextCache@fda4b80 size = 1, maxSize = 32, parentContextCount = 0, hitCount = 103, missCount = 1]
00:15:22.042 [Test worker] DEBUG org.springframework.test.context.cache.DefaultCacheAwareContextLoaderDelegate - Retrieved ApplicationContext from cache with key [[MergedContextConfiguration@326fd12d testClass = QuestionControllerTest, locations = '{classpath*:SpringBootVueApplication.class}', classes = '{}', contextInitializerClasses = '[]', activeProfiles = '{}', propertySourceLocations = '{}', propertySourceProperties = '{}', contextCustomizers = set[org.springframework.boot.test.autoconfigure.properties.PropertyMappingContextCustomizer@0, org.springframework.boot.test.autoconfigure.web.servlet.WebDriverContextCustomizerFactory$Customizer@5eba7a12, org.springframework.boot.test.context.filter.ExcludeFilterContextCustomizer@60e11cfd, org.springframework.boot.test.json.DuplicateJsonObjectContextCustomizerFactory$DuplicateJsonObjectContextCustomizer@736cf593, org.springframework.boot.test.mock.mockito.MockitoContextCustomizer@0], contextLoader = 'org.springframework.test.context.support.DelegatingSmartContextLoader', parent = [null]]]
00:15:22.042 [Test worker] DEBUG org.springframework.test.context.cache - Spring test ApplicationContext cache statistics: [DefaultContextCache@fda4b80 size = 1, maxSize = 32, parentContextCount = 0, hitCount = 104, missCount = 1]
00:15:22.042 [Test worker] DEBUG org.springframework.test.context.cache.DefaultCacheAwareContextLoaderDelegate - Retrieved ApplicationContext from cache with key [[MergedContextConfiguration@326fd12d testClass = QuestionControllerTest, locations = '{classpath*:SpringBootVueApplication.class}', classes = '{}', contextInitializerClasses = '[]', activeProfiles = '{}', propertySourceLocations = '{}', propertySourceProperties = '{}', contextCustomizers = set[org.springframework.boot.test.autoconfigure.properties.PropertyMappingContextCustomizer@0, org.springframework.boot.test.autoconfigure.web.servlet.WebDriverContextCustomizerFactory$Customizer@5eba7a12, org.springframework.boot.test.context.filter.ExcludeFilterContextCustomizer@60e11cfd, org.springframework.boot.test.json.DuplicateJsonObjectContextCustomizerFactory$DuplicateJsonObjectContextCustomizer@736cf593, org.springframework.boot.test.mock.mockito.MockitoContextCustomizer@0], contextLoader = 'org.springframework.test.context.support.DelegatingSmartContextLoader', parent = [null]]]
00:15:22.042 [Test worker] DEBUG org.springframework.test.context.cache - Spring test ApplicationContext cache statistics: [DefaultContextCache@fda4b80 size = 1, maxSize = 32, parentContextCount = 0, hitCount = 105, missCount = 1]
00:15:22.042 [Test worker] DEBUG org.springframework.test.context.cache.DefaultCacheAwareContextLoaderDelegate - Retrieved ApplicationContext from cache with key [[MergedContextConfiguration@326fd12d testClass = QuestionControllerTest, locations = '{classpath*:SpringBootVueApplication.class}', classes = '{}', contextInitializerClasses = '[]', activeProfiles = '{}', propertySourceLocations = '{}', propertySourceProperties = '{}', contextCustomizers = set[org.springframework.boot.test.autoconfigure.properties.PropertyMappingContextCustomizer@0, org.springframework.boot.test.autoconfigure.web.servlet.WebDriverContextCustomizerFactory$Customizer@5eba7a12, org.springframework.boot.test.context.filter.ExcludeFilterContextCustomizer@60e11cfd, org.springframework.boot.test.json.DuplicateJsonObjectContextCustomizerFactory$DuplicateJsonObjectContextCustomizer@736cf593, org.springframework.boot.test.mock.mockito.MockitoContextCustomizer@0], contextLoader = 'org.springframework.test.context.support.DelegatingSmartContextLoader', parent = [null]]]
00:15:22.042 [Test worker] DEBUG org.springframework.test.context.cache - Spring test ApplicationContext cache statistics: [DefaultContextCache@fda4b80 size = 1, maxSize = 32, parentContextCount = 0, hitCount = 106, missCount = 1]
00:15:22.042 [Test worker] DEBUG org.springframework.test.context.cache.DefaultCacheAwareContextLoaderDelegate - Retrieved ApplicationContext from cache with key [[MergedContextConfiguration@326fd12d testClass = QuestionControllerTest, locations = '{classpath*:SpringBootVueApplication.class}', classes = '{}', contextInitializerClasses = '[]', activeProfiles = '{}', propertySourceLocations = '{}', propertySourceProperties = '{}', contextCustomizers = set[org.springframework.boot.test.autoconfigure.properties.PropertyMappingContextCustomizer@0, org.springframework.boot.test.autoconfigure.web.servlet.WebDriverContextCustomizerFactory$Customizer@5eba7a12, org.springframework.boot.test.context.filter.ExcludeFilterContextCustomizer@60e11cfd, org.springframework.boot.test.json.DuplicateJsonObjectContextCustomizerFactory$DuplicateJsonObjectContextCustomizer@736cf593, org.springframework.boot.test.mock.mockito.MockitoContextCustomizer@0], contextLoader = 'org.springframework.test.context.support.DelegatingSmartContextLoader', parent = [null]]]
00:15:22.043 [Test worker] DEBUG org.springframework.test.context.cache - Spring test ApplicationContext cache statistics: [DefaultContextCache@fda4b80 size = 1, maxSize = 32, parentContextCount = 0, hitCount = 107, missCount = 1]
00:15:22.044 [Test worker] DEBUG org.springframework.test.context.support.AbstractDirtiesContextTestExecutionListener - After test method: context [DefaultTestContext@4124cd34 testClass = QuestionControllerTest, testInstance = com.okta.springbootvue.SpringBootVueApplication.Controller.QuestionControllerTest@384dd79a, testMethod = listQuestionsByCandidate@QuestionControllerTest, testException = [null], mergedContextConfiguration = [MergedContextConfiguration@326fd12d testClass = QuestionControllerTest, locations = '{classpath*:SpringBootVueApplication.class}', classes = '{}', contextInitializerClasses = '[]', activeProfiles = '{}', propertySourceLocations = '{}', propertySourceProperties = '{}', contextCustomizers = set[org.springframework.boot.test.autoconfigure.properties.PropertyMappingContextCustomizer@0, org.springframework.boot.test.autoconfigure.web.servlet.WebDriverContextCustomizerFactory$Customizer@5eba7a12, org.springframework.boot.test.context.filter.ExcludeFilterContextCustomizer@60e11cfd, org.springframework.boot.test.json.DuplicateJsonObjectContextCustomizerFactory$DuplicateJsonObjectContextCustomizer@736cf593, org.springframework.boot.test.mock.mockito.MockitoContextCustomizer@0], contextLoader = 'org.springframework.test.context.support.DelegatingSmartContextLoader', parent = [null]], attributes = map[[empty]]], class annotated with @DirtiesContext [false] with mode [null], method annotated with @DirtiesContext [false] with mode [null].
00:15:22.044 [Test worker] DEBUG org.springframework.test.context.support.AbstractDirtiesContextTestExecutionListener - After test class: context [DefaultTestContext@4124cd34 testClass = QuestionControllerTest, testInstance = [null], testMethod = [null], testException = [null], mergedContextConfiguration = [MergedContextConfiguration@326fd12d testClass = QuestionControllerTest, locations = '{classpath*:SpringBootVueApplication.class}', classes = '{}', contextInitializerClasses = '[]', activeProfiles = '{}', propertySourceLocations = '{}', propertySourceProperties = '{}', contextCustomizers = set[org.springframework.boot.test.autoconfigure.properties.PropertyMappingContextCustomizer@0, org.springframework.boot.test.autoconfigure.web.servlet.WebDriverContextCustomizerFactory$Customizer@5eba7a12, org.springframework.boot.test.context.filter.ExcludeFilterContextCustomizer@60e11cfd, org.springframework.boot.test.json.DuplicateJsonObjectContextCustomizerFactory$DuplicateJsonObjectContextCustomizer@736cf593, org.springframework.boot.test.mock.mockito.MockitoContextCustomizer@0], contextLoader = 'org.springframework.test.context.support.DelegatingSmartContextLoader', parent = [null]], attributes = map[[empty]]], class annotated with @DirtiesContext [false] with mode [null].
]]></system-out>
  <system-err><![CDATA[]]></system-err>
</testsuite>
