<?xml version="1.0" encoding="UTF-8"?>
<testsuite name="com.okta.springbootvue.SpringBootVueApplication.Controller.QuestionControllerTest" tests="1" skipped="0" failures="0" errors="0" timestamp="2019-11-01T19:50:34" hostname="DESKTOP-FS3LUFH" time="0.004">
  <properties/>
  <testcase name="listQuestionsByCandidate" classname="com.okta.springbootvue.SpringBootVueApplication.Controller.QuestionControllerTest" time="0.004"/>
  <system-out><![CDATA[15:50:34.850 [Test worker] DEBUG org.springframework.test.context.junit4.SpringJUnit4ClassRunner - SpringJUnit4ClassRunner constructor called with [class com.okta.springbootvue.SpringBootVueApplication.Controller.QuestionControllerTest]
15:50:34.850 [Test worker] DEBUG org.springframework.test.context.BootstrapUtils - Instantiating CacheAwareContextLoaderDelegate from class [org.springframework.test.context.cache.DefaultCacheAwareContextLoaderDelegate]
15:50:34.850 [Test worker] DEBUG org.springframework.test.context.BootstrapUtils - Instantiating BootstrapContext using constructor [public org.springframework.test.context.support.DefaultBootstrapContext(java.lang.Class,org.springframework.test.context.CacheAwareContextLoaderDelegate)]
15:50:34.851 [Test worker] DEBUG org.springframework.test.context.BootstrapUtils - Instantiating TestContextBootstrapper for test class [com.okta.springbootvue.SpringBootVueApplication.Controller.QuestionControllerTest] from class [org.springframework.test.context.support.DefaultTestContextBootstrapper]
15:50:34.851 [Test worker] DEBUG org.springframework.test.context.support.AbstractDelegatingSmartContextLoader - Delegating to GenericXmlContextLoader to process context configuration [ContextConfigurationAttributes@1bb293da declaringClass = 'com.okta.springbootvue.SpringBootVueApplication.Controller.QuestionControllerTest', classes = '{}', locations = '{classpath*:SpringBootVueApplication.class}', inheritLocations = true, initializers = '{}', inheritInitializers = true, name = [null], contextLoaderClass = 'org.springframework.test.context.ContextLoader'].
15:50:34.853 [Test worker] DEBUG org.springframework.test.context.support.ActiveProfilesUtils - Could not find an 'annotation declaring class' for annotation type [org.springframework.test.context.ActiveProfiles] and class [com.okta.springbootvue.SpringBootVueApplication.Controller.QuestionControllerTest]
15:50:34.854 [Test worker] DEBUG org.springframework.test.context.support.DefaultTestContextBootstrapper - @TestExecutionListeners is not present for class [com.okta.springbootvue.SpringBootVueApplication.Controller.QuestionControllerTest]: using defaults.
15:50:34.854 [Test worker] INFO org.springframework.test.context.support.DefaultTestContextBootstrapper - Loaded default TestExecutionListener class names from location [META-INF/spring.factories]: [org.springframework.boot.test.autoconfigure.restdocs.RestDocsTestExecutionListener, org.springframework.boot.test.autoconfigure.web.client.MockRestServiceServerResetTestExecutionListener, org.springframework.boot.test.autoconfigure.web.servlet.MockMvcPrintOnlyOnFailureTestExecutionListener, org.springframework.boot.test.autoconfigure.web.servlet.WebDriverTestExecutionListener, org.springframework.boot.test.mock.mockito.MockitoTestExecutionListener, org.springframework.boot.test.mock.mockito.ResetMocksTestExecutionListener, org.springframework.test.context.web.ServletTestExecutionListener, org.springframework.test.context.support.DirtiesContextBeforeModesTestExecutionListener, org.springframework.test.context.support.DependencyInjectionTestExecutionListener, org.springframework.test.context.support.DirtiesContextTestExecutionListener, org.springframework.test.context.transaction.TransactionalTestExecutionListener, org.springframework.test.context.jdbc.SqlScriptsTestExecutionListener]
15:50:34.854 [Test worker] INFO org.springframework.test.context.support.DefaultTestContextBootstrapper - Using TestExecutionListeners: [org.springframework.test.context.web.ServletTestExecutionListener@3aad3efb, org.springframework.test.context.support.DirtiesContextBeforeModesTestExecutionListener@5b3aa30d, org.springframework.boot.test.mock.mockito.MockitoTestExecutionListener@7ca7159e, org.springframework.test.context.support.DependencyInjectionTestExecutionListener@73047593, org.springframework.test.context.support.DirtiesContextTestExecutionListener@208dd7ee, org.springframework.test.context.transaction.TransactionalTestExecutionListener@2e213a39, org.springframework.test.context.jdbc.SqlScriptsTestExecutionListener@6a6ec186, org.springframework.boot.test.autoconfigure.restdocs.RestDocsTestExecutionListener@3a1699b5, org.springframework.boot.test.autoconfigure.web.client.MockRestServiceServerResetTestExecutionListener@746a0bbe, org.springframework.boot.test.autoconfigure.web.servlet.MockMvcPrintOnlyOnFailureTestExecutionListener@533d07f8, org.springframework.boot.test.autoconfigure.web.servlet.WebDriverTestExecutionListener@4fc38ee8, org.springframework.boot.test.mock.mockito.ResetMocksTestExecutionListener@41966d94]
15:50:34.854 [Test worker] DEBUG org.springframework.test.annotation.ProfileValueUtils - Retrieved @ProfileValueSourceConfiguration [null] for test class [com.okta.springbootvue.SpringBootVueApplication.Controller.QuestionControllerTest]
15:50:34.854 [Test worker] DEBUG org.springframework.test.annotation.ProfileValueUtils - Retrieved ProfileValueSource type [class org.springframework.test.annotation.SystemProfileValueSource] for class [com.okta.springbootvue.SpringBootVueApplication.Controller.QuestionControllerTest]
15:50:34.855 [Test worker] DEBUG org.springframework.test.annotation.ProfileValueUtils - Retrieved @ProfileValueSourceConfiguration [null] for test class [com.okta.springbootvue.SpringBootVueApplication.Controller.QuestionControllerTest]
15:50:34.855 [Test worker] DEBUG org.springframework.test.annotation.ProfileValueUtils - Retrieved ProfileValueSource type [class org.springframework.test.annotation.SystemProfileValueSource] for class [com.okta.springbootvue.SpringBootVueApplication.Controller.QuestionControllerTest]
15:50:34.855 [Test worker] DEBUG org.springframework.test.context.support.AbstractDirtiesContextTestExecutionListener - Before test class: context [DefaultTestContext@6585b9e3 testClass = QuestionControllerTest, testInstance = [null], testMethod = [null], testException = [null], mergedContextConfiguration = [MergedContextConfiguration@5ebc606c testClass = QuestionControllerTest, locations = '{classpath*:SpringBootVueApplication.class}', classes = '{}', contextInitializerClasses = '[]', activeProfiles = '{}', propertySourceLocations = '{}', propertySourceProperties = '{}', contextCustomizers = set[org.springframework.boot.test.autoconfigure.properties.PropertyMappingContextCustomizer@0, org.springframework.boot.test.autoconfigure.web.servlet.WebDriverContextCustomizerFactory$Customizer@246bee75, org.springframework.boot.test.context.filter.ExcludeFilterContextCustomizer@4d1de7c4, org.springframework.boot.test.json.DuplicateJsonObjectContextCustomizerFactory$DuplicateJsonObjectContextCustomizer@1a18d313, org.springframework.boot.test.mock.mockito.MockitoContextCustomizer@0], contextLoader = 'org.springframework.test.context.support.DelegatingSmartContextLoader', parent = [null]], attributes = map[[empty]]], class annotated with @DirtiesContext [false] with mode [null].
15:50:34.855 [Test worker] DEBUG org.springframework.test.annotation.ProfileValueUtils - Retrieved @ProfileValueSourceConfiguration [null] for test class [com.okta.springbootvue.SpringBootVueApplication.Controller.QuestionControllerTest]
15:50:34.856 [Test worker] DEBUG org.springframework.test.annotation.ProfileValueUtils - Retrieved ProfileValueSource type [class org.springframework.test.annotation.SystemProfileValueSource] for class [com.okta.springbootvue.SpringBootVueApplication.Controller.QuestionControllerTest]
15:50:34.882 [Test worker] DEBUG org.springframework.test.context.support.DependencyInjectionTestExecutionListener - Performing dependency injection for test context [[DefaultTestContext@6585b9e3 testClass = QuestionControllerTest, testInstance = com.okta.springbootvue.SpringBootVueApplication.Controller.QuestionControllerTest@5332a52b, testMethod = [null], testException = [null], mergedContextConfiguration = [MergedContextConfiguration@5ebc606c testClass = QuestionControllerTest, locations = '{classpath*:SpringBootVueApplication.class}', classes = '{}', contextInitializerClasses = '[]', activeProfiles = '{}', propertySourceLocations = '{}', propertySourceProperties = '{}', contextCustomizers = set[org.springframework.boot.test.autoconfigure.properties.PropertyMappingContextCustomizer@0, org.springframework.boot.test.autoconfigure.web.servlet.WebDriverContextCustomizerFactory$Customizer@246bee75, org.springframework.boot.test.context.filter.ExcludeFilterContextCustomizer@4d1de7c4, org.springframework.boot.test.json.DuplicateJsonObjectContextCustomizerFactory$DuplicateJsonObjectContextCustomizer@1a18d313, org.springframework.boot.test.mock.mockito.MockitoContextCustomizer@0], contextLoader = 'org.springframework.test.context.support.DelegatingSmartContextLoader', parent = [null]], attributes = map[[empty]]]].
15:50:34.883 [Test worker] DEBUG org.springframework.test.context.cache.DefaultCacheAwareContextLoaderDelegate - Retrieved ApplicationContext from cache with key [[MergedContextConfiguration@5ebc606c testClass = QuestionControllerTest, locations = '{classpath*:SpringBootVueApplication.class}', classes = '{}', contextInitializerClasses = '[]', activeProfiles = '{}', propertySourceLocations = '{}', propertySourceProperties = '{}', contextCustomizers = set[org.springframework.boot.test.autoconfigure.properties.PropertyMappingContextCustomizer@0, org.springframework.boot.test.autoconfigure.web.servlet.WebDriverContextCustomizerFactory$Customizer@246bee75, org.springframework.boot.test.context.filter.ExcludeFilterContextCustomizer@4d1de7c4, org.springframework.boot.test.json.DuplicateJsonObjectContextCustomizerFactory$DuplicateJsonObjectContextCustomizer@1a18d313, org.springframework.boot.test.mock.mockito.MockitoContextCustomizer@0], contextLoader = 'org.springframework.test.context.support.DelegatingSmartContextLoader', parent = [null]]]
15:50:34.883 [Test worker] DEBUG org.springframework.test.context.cache - Spring test ApplicationContext cache statistics: [DefaultContextCache@3fb0312e size = 1, maxSize = 32, parentContextCount = 0, hitCount = 66, missCount = 1]
15:50:34.886 [Test worker] DEBUG org.springframework.test.context.support.AbstractDirtiesContextTestExecutionListener - Before test method: context [DefaultTestContext@6585b9e3 testClass = QuestionControllerTest, testInstance = com.okta.springbootvue.SpringBootVueApplication.Controller.QuestionControllerTest@5332a52b, testMethod = listQuestionsByCandidate@QuestionControllerTest, testException = [null], mergedContextConfiguration = [MergedContextConfiguration@5ebc606c testClass = QuestionControllerTest, locations = '{classpath*:SpringBootVueApplication.class}', classes = '{}', contextInitializerClasses = '[]', activeProfiles = '{}', propertySourceLocations = '{}', propertySourceProperties = '{}', contextCustomizers = set[org.springframework.boot.test.autoconfigure.properties.PropertyMappingContextCustomizer@0, org.springframework.boot.test.autoconfigure.web.servlet.WebDriverContextCustomizerFactory$Customizer@246bee75, org.springframework.boot.test.context.filter.ExcludeFilterContextCustomizer@4d1de7c4, org.springframework.boot.test.json.DuplicateJsonObjectContextCustomizerFactory$DuplicateJsonObjectContextCustomizer@1a18d313, org.springframework.boot.test.mock.mockito.MockitoContextCustomizer@0], contextLoader = 'org.springframework.test.context.support.DelegatingSmartContextLoader', parent = [null]], attributes = map[[empty]]], class annotated with @DirtiesContext [false] with mode [null], method annotated with @DirtiesContext [false] with mode [null].
15:50:34.888 [Test worker] DEBUG org.springframework.test.context.cache.DefaultCacheAwareContextLoaderDelegate - Retrieved ApplicationContext from cache with key [[MergedContextConfiguration@5ebc606c testClass = QuestionControllerTest, locations = '{classpath*:SpringBootVueApplication.class}', classes = '{}', contextInitializerClasses = '[]', activeProfiles = '{}', propertySourceLocations = '{}', propertySourceProperties = '{}', contextCustomizers = set[org.springframework.boot.test.autoconfigure.properties.PropertyMappingContextCustomizer@0, org.springframework.boot.test.autoconfigure.web.servlet.WebDriverContextCustomizerFactory$Customizer@246bee75, org.springframework.boot.test.context.filter.ExcludeFilterContextCustomizer@4d1de7c4, org.springframework.boot.test.json.DuplicateJsonObjectContextCustomizerFactory$DuplicateJsonObjectContextCustomizer@1a18d313, org.springframework.boot.test.mock.mockito.MockitoContextCustomizer@0], contextLoader = 'org.springframework.test.context.support.DelegatingSmartContextLoader', parent = [null]]]
15:50:34.888 [Test worker] DEBUG org.springframework.test.context.cache - Spring test ApplicationContext cache statistics: [DefaultContextCache@3fb0312e size = 1, maxSize = 32, parentContextCount = 0, hitCount = 67, missCount = 1]
15:50:34.889 [Test worker] DEBUG org.springframework.test.context.cache.DefaultCacheAwareContextLoaderDelegate - Retrieved ApplicationContext from cache with key [[MergedContextConfiguration@5ebc606c testClass = QuestionControllerTest, locations = '{classpath*:SpringBootVueApplication.class}', classes = '{}', contextInitializerClasses = '[]', activeProfiles = '{}', propertySourceLocations = '{}', propertySourceProperties = '{}', contextCustomizers = set[org.springframework.boot.test.autoconfigure.properties.PropertyMappingContextCustomizer@0, org.springframework.boot.test.autoconfigure.web.servlet.WebDriverContextCustomizerFactory$Customizer@246bee75, org.springframework.boot.test.context.filter.ExcludeFilterContextCustomizer@4d1de7c4, org.springframework.boot.test.json.DuplicateJsonObjectContextCustomizerFactory$DuplicateJsonObjectContextCustomizer@1a18d313, org.springframework.boot.test.mock.mockito.MockitoContextCustomizer@0], contextLoader = 'org.springframework.test.context.support.DelegatingSmartContextLoader', parent = [null]]]
15:50:34.889 [Test worker] DEBUG org.springframework.test.context.cache - Spring test ApplicationContext cache statistics: [DefaultContextCache@3fb0312e size = 1, maxSize = 32, parentContextCount = 0, hitCount = 68, missCount = 1]
15:50:34.889 [Test worker] DEBUG org.springframework.test.context.cache.DefaultCacheAwareContextLoaderDelegate - Retrieved ApplicationContext from cache with key [[MergedContextConfiguration@5ebc606c testClass = QuestionControllerTest, locations = '{classpath*:SpringBootVueApplication.class}', classes = '{}', contextInitializerClasses = '[]', activeProfiles = '{}', propertySourceLocations = '{}', propertySourceProperties = '{}', contextCustomizers = set[org.springframework.boot.test.autoconfigure.properties.PropertyMappingContextCustomizer@0, org.springframework.boot.test.autoconfigure.web.servlet.WebDriverContextCustomizerFactory$Customizer@246bee75, org.springframework.boot.test.context.filter.ExcludeFilterContextCustomizer@4d1de7c4, org.springframework.boot.test.json.DuplicateJsonObjectContextCustomizerFactory$DuplicateJsonObjectContextCustomizer@1a18d313, org.springframework.boot.test.mock.mockito.MockitoContextCustomizer@0], contextLoader = 'org.springframework.test.context.support.DelegatingSmartContextLoader', parent = [null]]]
15:50:34.889 [Test worker] DEBUG org.springframework.test.context.cache - Spring test ApplicationContext cache statistics: [DefaultContextCache@3fb0312e size = 1, maxSize = 32, parentContextCount = 0, hitCount = 69, missCount = 1]
15:50:34.890 [Test worker] DEBUG org.springframework.test.context.cache.DefaultCacheAwareContextLoaderDelegate - Retrieved ApplicationContext from cache with key [[MergedContextConfiguration@5ebc606c testClass = QuestionControllerTest, locations = '{classpath*:SpringBootVueApplication.class}', classes = '{}', contextInitializerClasses = '[]', activeProfiles = '{}', propertySourceLocations = '{}', propertySourceProperties = '{}', contextCustomizers = set[org.springframework.boot.test.autoconfigure.properties.PropertyMappingContextCustomizer@0, org.springframework.boot.test.autoconfigure.web.servlet.WebDriverContextCustomizerFactory$Customizer@246bee75, org.springframework.boot.test.context.filter.ExcludeFilterContextCustomizer@4d1de7c4, org.springframework.boot.test.json.DuplicateJsonObjectContextCustomizerFactory$DuplicateJsonObjectContextCustomizer@1a18d313, org.springframework.boot.test.mock.mockito.MockitoContextCustomizer@0], contextLoader = 'org.springframework.test.context.support.DelegatingSmartContextLoader', parent = [null]]]
15:50:34.890 [Test worker] DEBUG org.springframework.test.context.cache - Spring test ApplicationContext cache statistics: [DefaultContextCache@3fb0312e size = 1, maxSize = 32, parentContextCount = 0, hitCount = 70, missCount = 1]
15:50:34.890 [Test worker] DEBUG org.springframework.test.context.cache.DefaultCacheAwareContextLoaderDelegate - Retrieved ApplicationContext from cache with key [[MergedContextConfiguration@5ebc606c testClass = QuestionControllerTest, locations = '{classpath*:SpringBootVueApplication.class}', classes = '{}', contextInitializerClasses = '[]', activeProfiles = '{}', propertySourceLocations = '{}', propertySourceProperties = '{}', contextCustomizers = set[org.springframework.boot.test.autoconfigure.properties.PropertyMappingContextCustomizer@0, org.springframework.boot.test.autoconfigure.web.servlet.WebDriverContextCustomizerFactory$Customizer@246bee75, org.springframework.boot.test.context.filter.ExcludeFilterContextCustomizer@4d1de7c4, org.springframework.boot.test.json.DuplicateJsonObjectContextCustomizerFactory$DuplicateJsonObjectContextCustomizer@1a18d313, org.springframework.boot.test.mock.mockito.MockitoContextCustomizer@0], contextLoader = 'org.springframework.test.context.support.DelegatingSmartContextLoader', parent = [null]]]
15:50:34.890 [Test worker] DEBUG org.springframework.test.context.cache - Spring test ApplicationContext cache statistics: [DefaultContextCache@3fb0312e size = 1, maxSize = 32, parentContextCount = 0, hitCount = 71, missCount = 1]
15:50:34.891 [Test worker] DEBUG org.springframework.test.context.support.AbstractDirtiesContextTestExecutionListener - After test method: context [DefaultTestContext@6585b9e3 testClass = QuestionControllerTest, testInstance = com.okta.springbootvue.SpringBootVueApplication.Controller.QuestionControllerTest@5332a52b, testMethod = listQuestionsByCandidate@QuestionControllerTest, testException = [null], mergedContextConfiguration = [MergedContextConfiguration@5ebc606c testClass = QuestionControllerTest, locations = '{classpath*:SpringBootVueApplication.class}', classes = '{}', contextInitializerClasses = '[]', activeProfiles = '{}', propertySourceLocations = '{}', propertySourceProperties = '{}', contextCustomizers = set[org.springframework.boot.test.autoconfigure.properties.PropertyMappingContextCustomizer@0, org.springframework.boot.test.autoconfigure.web.servlet.WebDriverContextCustomizerFactory$Customizer@246bee75, org.springframework.boot.test.context.filter.ExcludeFilterContextCustomizer@4d1de7c4, org.springframework.boot.test.json.DuplicateJsonObjectContextCustomizerFactory$DuplicateJsonObjectContextCustomizer@1a18d313, org.springframework.boot.test.mock.mockito.MockitoContextCustomizer@0], contextLoader = 'org.springframework.test.context.support.DelegatingSmartContextLoader', parent = [null]], attributes = map[[empty]]], class annotated with @DirtiesContext [false] with mode [null], method annotated with @DirtiesContext [false] with mode [null].
15:50:34.891 [Test worker] DEBUG org.springframework.test.context.support.AbstractDirtiesContextTestExecutionListener - After test class: context [DefaultTestContext@6585b9e3 testClass = QuestionControllerTest, testInstance = [null], testMethod = [null], testException = [null], mergedContextConfiguration = [MergedContextConfiguration@5ebc606c testClass = QuestionControllerTest, locations = '{classpath*:SpringBootVueApplication.class}', classes = '{}', contextInitializerClasses = '[]', activeProfiles = '{}', propertySourceLocations = '{}', propertySourceProperties = '{}', contextCustomizers = set[org.springframework.boot.test.autoconfigure.properties.PropertyMappingContextCustomizer@0, org.springframework.boot.test.autoconfigure.web.servlet.WebDriverContextCustomizerFactory$Customizer@246bee75, org.springframework.boot.test.context.filter.ExcludeFilterContextCustomizer@4d1de7c4, org.springframework.boot.test.json.DuplicateJsonObjectContextCustomizerFactory$DuplicateJsonObjectContextCustomizer@1a18d313, org.springframework.boot.test.mock.mockito.MockitoContextCustomizer@0], contextLoader = 'org.springframework.test.context.support.DelegatingSmartContextLoader', parent = [null]], attributes = map[[empty]]], class annotated with @DirtiesContext [false] with mode [null].
]]></system-out>
  <system-err><![CDATA[]]></system-err>
</testsuite>
