<?xml version="1.0" encoding="UTF-8"?>
<testsuite name="com.okta.springbootvue.SpringBootVueApplication.Controller.ElectionControllerTest" tests="15" skipped="10" failures="0" errors="0" timestamp="2019-11-01T19:50:34" hostname="DESKTOP-FS3LUFH" time="0.05">
  <properties/>
  <testcase name="deleteElection" classname="com.okta.springbootvue.SpringBootVueApplication.Controller.ElectionControllerTest" time="0.006"/>
  <testcase name="associateCandidate" classname="com.okta.springbootvue.SpringBootVueApplication.Controller.ElectionControllerTest" time="0.0">
    <skipped/>
  </testcase>
  <testcase name="removeCandidate" classname="com.okta.springbootvue.SpringBootVueApplication.Controller.ElectionControllerTest" time="0.0">
    <skipped/>
  </testcase>
  <testcase name="validateCandidate" classname="com.okta.springbootvue.SpringBootVueApplication.Controller.ElectionControllerTest" time="0.0">
    <skipped/>
  </testcase>
  <testcase name="listAllElections" classname="com.okta.springbootvue.SpringBootVueApplication.Controller.ElectionControllerTest" time="0.007"/>
  <testcase name="validateVoter" classname="com.okta.springbootvue.SpringBootVueApplication.Controller.ElectionControllerTest" time="0.0">
    <skipped/>
  </testcase>
  <testcase name="removeVoter" classname="com.okta.springbootvue.SpringBootVueApplication.Controller.ElectionControllerTest" time="0.0">
    <skipped/>
  </testcase>
  <testcase name="modifyPolicy" classname="com.okta.springbootvue.SpringBootVueApplication.Controller.ElectionControllerTest" time="0.0">
    <skipped/>
  </testcase>
  <testcase name="associateVoter" classname="com.okta.springbootvue.SpringBootVueApplication.Controller.ElectionControllerTest" time="0.0">
    <skipped/>
  </testcase>
  <testcase name="modifyElection" classname="com.okta.springbootvue.SpringBootVueApplication.Controller.ElectionControllerTest" time="0.007"/>
  <testcase name="getPolicy" classname="com.okta.springbootvue.SpringBootVueApplication.Controller.ElectionControllerTest" time="0.0">
    <skipped/>
  </testcase>
  <testcase name="newElection" classname="com.okta.springbootvue.SpringBootVueApplication.Controller.ElectionControllerTest" time="0.005"/>
  <testcase name="viewCandidates" classname="com.okta.springbootvue.SpringBootVueApplication.Controller.ElectionControllerTest" time="0.0">
    <skipped/>
  </testcase>
  <testcase name="createPolicy" classname="com.okta.springbootvue.SpringBootVueApplication.Controller.ElectionControllerTest" time="0.0">
    <skipped/>
  </testcase>
  <testcase name="getElection" classname="com.okta.springbootvue.SpringBootVueApplication.Controller.ElectionControllerTest" time="0.007"/>
  <system-out><![CDATA[15:50:34.640 [Test worker] DEBUG org.springframework.test.context.junit4.SpringJUnit4ClassRunner - SpringJUnit4ClassRunner constructor called with [class com.okta.springbootvue.SpringBootVueApplication.Controller.ElectionControllerTest]
15:50:34.640 [Test worker] DEBUG org.springframework.test.context.BootstrapUtils - Instantiating CacheAwareContextLoaderDelegate from class [org.springframework.test.context.cache.DefaultCacheAwareContextLoaderDelegate]
15:50:34.641 [Test worker] DEBUG org.springframework.test.context.BootstrapUtils - Instantiating BootstrapContext using constructor [public org.springframework.test.context.support.DefaultBootstrapContext(java.lang.Class,org.springframework.test.context.CacheAwareContextLoaderDelegate)]
15:50:34.641 [Test worker] DEBUG org.springframework.test.context.BootstrapUtils - Instantiating TestContextBootstrapper for test class [com.okta.springbootvue.SpringBootVueApplication.Controller.ElectionControllerTest] from class [org.springframework.test.context.support.DefaultTestContextBootstrapper]
15:50:34.642 [Test worker] DEBUG org.springframework.test.context.support.AbstractDelegatingSmartContextLoader - Delegating to GenericXmlContextLoader to process context configuration [ContextConfigurationAttributes@6b1bcad declaringClass = 'com.okta.springbootvue.SpringBootVueApplication.Controller.ElectionControllerTest', classes = '{}', locations = '{classpath*:SpringBootVueApplication.class}', inheritLocations = true, initializers = '{}', inheritInitializers = true, name = [null], contextLoaderClass = 'org.springframework.test.context.ContextLoader'].
15:50:34.643 [Test worker] DEBUG org.springframework.test.context.support.ActiveProfilesUtils - Could not find an 'annotation declaring class' for annotation type [org.springframework.test.context.ActiveProfiles] and class [com.okta.springbootvue.SpringBootVueApplication.Controller.ElectionControllerTest]
15:50:34.643 [Test worker] DEBUG org.springframework.test.context.support.DefaultTestContextBootstrapper - @TestExecutionListeners is not present for class [com.okta.springbootvue.SpringBootVueApplication.Controller.ElectionControllerTest]: using defaults.
15:50:34.643 [Test worker] INFO org.springframework.test.context.support.DefaultTestContextBootstrapper - Loaded default TestExecutionListener class names from location [META-INF/spring.factories]: [org.springframework.boot.test.autoconfigure.restdocs.RestDocsTestExecutionListener, org.springframework.boot.test.autoconfigure.web.client.MockRestServiceServerResetTestExecutionListener, org.springframework.boot.test.autoconfigure.web.servlet.MockMvcPrintOnlyOnFailureTestExecutionListener, org.springframework.boot.test.autoconfigure.web.servlet.WebDriverTestExecutionListener, org.springframework.boot.test.mock.mockito.MockitoTestExecutionListener, org.springframework.boot.test.mock.mockito.ResetMocksTestExecutionListener, org.springframework.test.context.web.ServletTestExecutionListener, org.springframework.test.context.support.DirtiesContextBeforeModesTestExecutionListener, org.springframework.test.context.support.DependencyInjectionTestExecutionListener, org.springframework.test.context.support.DirtiesContextTestExecutionListener, org.springframework.test.context.transaction.TransactionalTestExecutionListener, org.springframework.test.context.jdbc.SqlScriptsTestExecutionListener]
15:50:34.644 [Test worker] INFO org.springframework.test.context.support.DefaultTestContextBootstrapper - Using TestExecutionListeners: [org.springframework.test.context.web.ServletTestExecutionListener@6c0655a3, org.springframework.test.context.support.DirtiesContextBeforeModesTestExecutionListener@6025ff60, org.springframework.boot.test.mock.mockito.MockitoTestExecutionListener@54c29144, org.springframework.test.context.support.DependencyInjectionTestExecutionListener@5f9d0ba5, org.springframework.test.context.support.DirtiesContextTestExecutionListener@168f6b8, org.springframework.test.context.transaction.TransactionalTestExecutionListener@4e79c70a, org.springframework.test.context.jdbc.SqlScriptsTestExecutionListener@ef13730, org.springframework.boot.test.autoconfigure.restdocs.RestDocsTestExecutionListener@3906c568, org.springframework.boot.test.autoconfigure.web.client.MockRestServiceServerResetTestExecutionListener@7f1d39c6, org.springframework.boot.test.autoconfigure.web.servlet.MockMvcPrintOnlyOnFailureTestExecutionListener@7fdce0b8, org.springframework.boot.test.autoconfigure.web.servlet.WebDriverTestExecutionListener@789300c4, org.springframework.boot.test.mock.mockito.ResetMocksTestExecutionListener@7731b73b]
15:50:34.644 [Test worker] DEBUG org.springframework.test.annotation.ProfileValueUtils - Retrieved @ProfileValueSourceConfiguration [null] for test class [com.okta.springbootvue.SpringBootVueApplication.Controller.ElectionControllerTest]
15:50:34.644 [Test worker] DEBUG org.springframework.test.annotation.ProfileValueUtils - Retrieved ProfileValueSource type [class org.springframework.test.annotation.SystemProfileValueSource] for class [com.okta.springbootvue.SpringBootVueApplication.Controller.ElectionControllerTest]
15:50:34.644 [Test worker] DEBUG org.springframework.test.annotation.ProfileValueUtils - Retrieved @ProfileValueSourceConfiguration [null] for test class [com.okta.springbootvue.SpringBootVueApplication.Controller.ElectionControllerTest]
15:50:34.644 [Test worker] DEBUG org.springframework.test.annotation.ProfileValueUtils - Retrieved ProfileValueSource type [class org.springframework.test.annotation.SystemProfileValueSource] for class [com.okta.springbootvue.SpringBootVueApplication.Controller.ElectionControllerTest]
15:50:34.645 [Test worker] DEBUG org.springframework.test.context.support.AbstractDirtiesContextTestExecutionListener - Before test class: context [DefaultTestContext@61746312 testClass = ElectionControllerTest, testInstance = [null], testMethod = [null], testException = [null], mergedContextConfiguration = [MergedContextConfiguration@79b586a4 testClass = ElectionControllerTest, locations = '{classpath*:SpringBootVueApplication.class}', classes = '{}', contextInitializerClasses = '[]', activeProfiles = '{}', propertySourceLocations = '{}', propertySourceProperties = '{}', contextCustomizers = set[org.springframework.boot.test.autoconfigure.properties.PropertyMappingContextCustomizer@0, org.springframework.boot.test.autoconfigure.web.servlet.WebDriverContextCustomizerFactory$Customizer@246bee75, org.springframework.boot.test.context.filter.ExcludeFilterContextCustomizer@4d1de7c4, org.springframework.boot.test.json.DuplicateJsonObjectContextCustomizerFactory$DuplicateJsonObjectContextCustomizer@1a18d313, org.springframework.boot.test.mock.mockito.MockitoContextCustomizer@0], contextLoader = 'org.springframework.test.context.support.DelegatingSmartContextLoader', parent = [null]], attributes = map[[empty]]], class annotated with @DirtiesContext [false] with mode [null].
15:50:34.645 [Test worker] DEBUG org.springframework.test.annotation.ProfileValueUtils - Retrieved @ProfileValueSourceConfiguration [null] for test class [com.okta.springbootvue.SpringBootVueApplication.Controller.ElectionControllerTest]
15:50:34.645 [Test worker] DEBUG org.springframework.test.annotation.ProfileValueUtils - Retrieved ProfileValueSource type [class org.springframework.test.annotation.SystemProfileValueSource] for class [com.okta.springbootvue.SpringBootVueApplication.Controller.ElectionControllerTest]
15:50:34.793 [Test worker] DEBUG org.springframework.test.context.support.DependencyInjectionTestExecutionListener - Performing dependency injection for test context [[DefaultTestContext@61746312 testClass = ElectionControllerTest, testInstance = com.okta.springbootvue.SpringBootVueApplication.Controller.ElectionControllerTest@5843b487, testMethod = [null], testException = [null], mergedContextConfiguration = [MergedContextConfiguration@79b586a4 testClass = ElectionControllerTest, locations = '{classpath*:SpringBootVueApplication.class}', classes = '{}', contextInitializerClasses = '[]', activeProfiles = '{}', propertySourceLocations = '{}', propertySourceProperties = '{}', contextCustomizers = set[org.springframework.boot.test.autoconfigure.properties.PropertyMappingContextCustomizer@0, org.springframework.boot.test.autoconfigure.web.servlet.WebDriverContextCustomizerFactory$Customizer@246bee75, org.springframework.boot.test.context.filter.ExcludeFilterContextCustomizer@4d1de7c4, org.springframework.boot.test.json.DuplicateJsonObjectContextCustomizerFactory$DuplicateJsonObjectContextCustomizer@1a18d313, org.springframework.boot.test.mock.mockito.MockitoContextCustomizer@0], contextLoader = 'org.springframework.test.context.support.DelegatingSmartContextLoader', parent = [null]], attributes = map[[empty]]]].
15:50:34.793 [Test worker] DEBUG org.springframework.test.context.cache.DefaultCacheAwareContextLoaderDelegate - Retrieved ApplicationContext from cache with key [[MergedContextConfiguration@79b586a4 testClass = ElectionControllerTest, locations = '{classpath*:SpringBootVueApplication.class}', classes = '{}', contextInitializerClasses = '[]', activeProfiles = '{}', propertySourceLocations = '{}', propertySourceProperties = '{}', contextCustomizers = set[org.springframework.boot.test.autoconfigure.properties.PropertyMappingContextCustomizer@0, org.springframework.boot.test.autoconfigure.web.servlet.WebDriverContextCustomizerFactory$Customizer@246bee75, org.springframework.boot.test.context.filter.ExcludeFilterContextCustomizer@4d1de7c4, org.springframework.boot.test.json.DuplicateJsonObjectContextCustomizerFactory$DuplicateJsonObjectContextCustomizer@1a18d313, org.springframework.boot.test.mock.mockito.MockitoContextCustomizer@0], contextLoader = 'org.springframework.test.context.support.DelegatingSmartContextLoader', parent = [null]]]
15:50:34.793 [Test worker] DEBUG org.springframework.test.context.cache - Spring test ApplicationContext cache statistics: [DefaultContextCache@3fb0312e size = 1, maxSize = 32, parentContextCount = 0, hitCount = 36, missCount = 1]
15:50:34.797 [Test worker] DEBUG org.springframework.test.context.support.AbstractDirtiesContextTestExecutionListener - Before test method: context [DefaultTestContext@61746312 testClass = ElectionControllerTest, testInstance = com.okta.springbootvue.SpringBootVueApplication.Controller.ElectionControllerTest@5843b487, testMethod = deleteElection@ElectionControllerTest, testException = [null], mergedContextConfiguration = [MergedContextConfiguration@79b586a4 testClass = ElectionControllerTest, locations = '{classpath*:SpringBootVueApplication.class}', classes = '{}', contextInitializerClasses = '[]', activeProfiles = '{}', propertySourceLocations = '{}', propertySourceProperties = '{}', contextCustomizers = set[org.springframework.boot.test.autoconfigure.properties.PropertyMappingContextCustomizer@0, org.springframework.boot.test.autoconfigure.web.servlet.WebDriverContextCustomizerFactory$Customizer@246bee75, org.springframework.boot.test.context.filter.ExcludeFilterContextCustomizer@4d1de7c4, org.springframework.boot.test.json.DuplicateJsonObjectContextCustomizerFactory$DuplicateJsonObjectContextCustomizer@1a18d313, org.springframework.boot.test.mock.mockito.MockitoContextCustomizer@0], contextLoader = 'org.springframework.test.context.support.DelegatingSmartContextLoader', parent = [null]], attributes = map[[empty]]], class annotated with @DirtiesContext [false] with mode [null], method annotated with @DirtiesContext [false] with mode [null].
15:50:34.798 [Test worker] DEBUG org.springframework.test.context.cache.DefaultCacheAwareContextLoaderDelegate - Retrieved ApplicationContext from cache with key [[MergedContextConfiguration@79b586a4 testClass = ElectionControllerTest, locations = '{classpath*:SpringBootVueApplication.class}', classes = '{}', contextInitializerClasses = '[]', activeProfiles = '{}', propertySourceLocations = '{}', propertySourceProperties = '{}', contextCustomizers = set[org.springframework.boot.test.autoconfigure.properties.PropertyMappingContextCustomizer@0, org.springframework.boot.test.autoconfigure.web.servlet.WebDriverContextCustomizerFactory$Customizer@246bee75, org.springframework.boot.test.context.filter.ExcludeFilterContextCustomizer@4d1de7c4, org.springframework.boot.test.json.DuplicateJsonObjectContextCustomizerFactory$DuplicateJsonObjectContextCustomizer@1a18d313, org.springframework.boot.test.mock.mockito.MockitoContextCustomizer@0], contextLoader = 'org.springframework.test.context.support.DelegatingSmartContextLoader', parent = [null]]]
15:50:34.798 [Test worker] DEBUG org.springframework.test.context.cache - Spring test ApplicationContext cache statistics: [DefaultContextCache@3fb0312e size = 1, maxSize = 32, parentContextCount = 0, hitCount = 37, missCount = 1]
15:50:34.800 [Test worker] DEBUG org.springframework.test.context.cache.DefaultCacheAwareContextLoaderDelegate - Retrieved ApplicationContext from cache with key [[MergedContextConfiguration@79b586a4 testClass = ElectionControllerTest, locations = '{classpath*:SpringBootVueApplication.class}', classes = '{}', contextInitializerClasses = '[]', activeProfiles = '{}', propertySourceLocations = '{}', propertySourceProperties = '{}', contextCustomizers = set[org.springframework.boot.test.autoconfigure.properties.PropertyMappingContextCustomizer@0, org.springframework.boot.test.autoconfigure.web.servlet.WebDriverContextCustomizerFactory$Customizer@246bee75, org.springframework.boot.test.context.filter.ExcludeFilterContextCustomizer@4d1de7c4, org.springframework.boot.test.json.DuplicateJsonObjectContextCustomizerFactory$DuplicateJsonObjectContextCustomizer@1a18d313, org.springframework.boot.test.mock.mockito.MockitoContextCustomizer@0], contextLoader = 'org.springframework.test.context.support.DelegatingSmartContextLoader', parent = [null]]]
15:50:34.800 [Test worker] DEBUG org.springframework.test.context.cache - Spring test ApplicationContext cache statistics: [DefaultContextCache@3fb0312e size = 1, maxSize = 32, parentContextCount = 0, hitCount = 38, missCount = 1]
15:50:34.800 [Test worker] DEBUG org.springframework.test.context.cache.DefaultCacheAwareContextLoaderDelegate - Retrieved ApplicationContext from cache with key [[MergedContextConfiguration@79b586a4 testClass = ElectionControllerTest, locations = '{classpath*:SpringBootVueApplication.class}', classes = '{}', contextInitializerClasses = '[]', activeProfiles = '{}', propertySourceLocations = '{}', propertySourceProperties = '{}', contextCustomizers = set[org.springframework.boot.test.autoconfigure.properties.PropertyMappingContextCustomizer@0, org.springframework.boot.test.autoconfigure.web.servlet.WebDriverContextCustomizerFactory$Customizer@246bee75, org.springframework.boot.test.context.filter.ExcludeFilterContextCustomizer@4d1de7c4, org.springframework.boot.test.json.DuplicateJsonObjectContextCustomizerFactory$DuplicateJsonObjectContextCustomizer@1a18d313, org.springframework.boot.test.mock.mockito.MockitoContextCustomizer@0], contextLoader = 'org.springframework.test.context.support.DelegatingSmartContextLoader', parent = [null]]]
15:50:34.801 [Test worker] DEBUG org.springframework.test.context.cache - Spring test ApplicationContext cache statistics: [DefaultContextCache@3fb0312e size = 1, maxSize = 32, parentContextCount = 0, hitCount = 39, missCount = 1]
15:50:34.801 [Test worker] DEBUG org.springframework.test.context.cache.DefaultCacheAwareContextLoaderDelegate - Retrieved ApplicationContext from cache with key [[MergedContextConfiguration@79b586a4 testClass = ElectionControllerTest, locations = '{classpath*:SpringBootVueApplication.class}', classes = '{}', contextInitializerClasses = '[]', activeProfiles = '{}', propertySourceLocations = '{}', propertySourceProperties = '{}', contextCustomizers = set[org.springframework.boot.test.autoconfigure.properties.PropertyMappingContextCustomizer@0, org.springframework.boot.test.autoconfigure.web.servlet.WebDriverContextCustomizerFactory$Customizer@246bee75, org.springframework.boot.test.context.filter.ExcludeFilterContextCustomizer@4d1de7c4, org.springframework.boot.test.json.DuplicateJsonObjectContextCustomizerFactory$DuplicateJsonObjectContextCustomizer@1a18d313, org.springframework.boot.test.mock.mockito.MockitoContextCustomizer@0], contextLoader = 'org.springframework.test.context.support.DelegatingSmartContextLoader', parent = [null]]]
15:50:34.801 [Test worker] DEBUG org.springframework.test.context.cache - Spring test ApplicationContext cache statistics: [DefaultContextCache@3fb0312e size = 1, maxSize = 32, parentContextCount = 0, hitCount = 40, missCount = 1]
15:50:34.801 [Test worker] DEBUG org.springframework.test.context.cache.DefaultCacheAwareContextLoaderDelegate - Retrieved ApplicationContext from cache with key [[MergedContextConfiguration@79b586a4 testClass = ElectionControllerTest, locations = '{classpath*:SpringBootVueApplication.class}', classes = '{}', contextInitializerClasses = '[]', activeProfiles = '{}', propertySourceLocations = '{}', propertySourceProperties = '{}', contextCustomizers = set[org.springframework.boot.test.autoconfigure.properties.PropertyMappingContextCustomizer@0, org.springframework.boot.test.autoconfigure.web.servlet.WebDriverContextCustomizerFactory$Customizer@246bee75, org.springframework.boot.test.context.filter.ExcludeFilterContextCustomizer@4d1de7c4, org.springframework.boot.test.json.DuplicateJsonObjectContextCustomizerFactory$DuplicateJsonObjectContextCustomizer@1a18d313, org.springframework.boot.test.mock.mockito.MockitoContextCustomizer@0], contextLoader = 'org.springframework.test.context.support.DelegatingSmartContextLoader', parent = [null]]]
15:50:34.801 [Test worker] DEBUG org.springframework.test.context.cache - Spring test ApplicationContext cache statistics: [DefaultContextCache@3fb0312e size = 1, maxSize = 32, parentContextCount = 0, hitCount = 41, missCount = 1]
15:50:34.803 [Test worker] DEBUG org.springframework.test.context.support.AbstractDirtiesContextTestExecutionListener - After test method: context [DefaultTestContext@61746312 testClass = ElectionControllerTest, testInstance = com.okta.springbootvue.SpringBootVueApplication.Controller.ElectionControllerTest@5843b487, testMethod = deleteElection@ElectionControllerTest, testException = [null], mergedContextConfiguration = [MergedContextConfiguration@79b586a4 testClass = ElectionControllerTest, locations = '{classpath*:SpringBootVueApplication.class}', classes = '{}', contextInitializerClasses = '[]', activeProfiles = '{}', propertySourceLocations = '{}', propertySourceProperties = '{}', contextCustomizers = set[org.springframework.boot.test.autoconfigure.properties.PropertyMappingContextCustomizer@0, org.springframework.boot.test.autoconfigure.web.servlet.WebDriverContextCustomizerFactory$Customizer@246bee75, org.springframework.boot.test.context.filter.ExcludeFilterContextCustomizer@4d1de7c4, org.springframework.boot.test.json.DuplicateJsonObjectContextCustomizerFactory$DuplicateJsonObjectContextCustomizer@1a18d313, org.springframework.boot.test.mock.mockito.MockitoContextCustomizer@0], contextLoader = 'org.springframework.test.context.support.DelegatingSmartContextLoader', parent = [null]], attributes = map[[empty]]], class annotated with @DirtiesContext [false] with mode [null], method annotated with @DirtiesContext [false] with mode [null].
15:50:34.804 [Test worker] DEBUG org.springframework.test.annotation.ProfileValueUtils - Retrieved @ProfileValueSourceConfiguration [null] for test class [com.okta.springbootvue.SpringBootVueApplication.Controller.ElectionControllerTest]
15:50:34.804 [Test worker] DEBUG org.springframework.test.annotation.ProfileValueUtils - Retrieved ProfileValueSource type [class org.springframework.test.annotation.SystemProfileValueSource] for class [com.okta.springbootvue.SpringBootVueApplication.Controller.ElectionControllerTest]
15:50:34.806 [Test worker] DEBUG org.springframework.test.context.support.DependencyInjectionTestExecutionListener - Performing dependency injection for test context [[DefaultTestContext@61746312 testClass = ElectionControllerTest, testInstance = com.okta.springbootvue.SpringBootVueApplication.Controller.ElectionControllerTest@13d64764, testMethod = [null], testException = [null], mergedContextConfiguration = [MergedContextConfiguration@79b586a4 testClass = ElectionControllerTest, locations = '{classpath*:SpringBootVueApplication.class}', classes = '{}', contextInitializerClasses = '[]', activeProfiles = '{}', propertySourceLocations = '{}', propertySourceProperties = '{}', contextCustomizers = set[org.springframework.boot.test.autoconfigure.properties.PropertyMappingContextCustomizer@0, org.springframework.boot.test.autoconfigure.web.servlet.WebDriverContextCustomizerFactory$Customizer@246bee75, org.springframework.boot.test.context.filter.ExcludeFilterContextCustomizer@4d1de7c4, org.springframework.boot.test.json.DuplicateJsonObjectContextCustomizerFactory$DuplicateJsonObjectContextCustomizer@1a18d313, org.springframework.boot.test.mock.mockito.MockitoContextCustomizer@0], contextLoader = 'org.springframework.test.context.support.DelegatingSmartContextLoader', parent = [null]], attributes = map[[empty]]]].
15:50:34.807 [Test worker] DEBUG org.springframework.test.context.cache.DefaultCacheAwareContextLoaderDelegate - Retrieved ApplicationContext from cache with key [[MergedContextConfiguration@79b586a4 testClass = ElectionControllerTest, locations = '{classpath*:SpringBootVueApplication.class}', classes = '{}', contextInitializerClasses = '[]', activeProfiles = '{}', propertySourceLocations = '{}', propertySourceProperties = '{}', contextCustomizers = set[org.springframework.boot.test.autoconfigure.properties.PropertyMappingContextCustomizer@0, org.springframework.boot.test.autoconfigure.web.servlet.WebDriverContextCustomizerFactory$Customizer@246bee75, org.springframework.boot.test.context.filter.ExcludeFilterContextCustomizer@4d1de7c4, org.springframework.boot.test.json.DuplicateJsonObjectContextCustomizerFactory$DuplicateJsonObjectContextCustomizer@1a18d313, org.springframework.boot.test.mock.mockito.MockitoContextCustomizer@0], contextLoader = 'org.springframework.test.context.support.DelegatingSmartContextLoader', parent = [null]]]
15:50:34.807 [Test worker] DEBUG org.springframework.test.context.cache - Spring test ApplicationContext cache statistics: [DefaultContextCache@3fb0312e size = 1, maxSize = 32, parentContextCount = 0, hitCount = 42, missCount = 1]
15:50:34.808 [Test worker] DEBUG org.springframework.test.context.support.AbstractDirtiesContextTestExecutionListener - Before test method: context [DefaultTestContext@61746312 testClass = ElectionControllerTest, testInstance = com.okta.springbootvue.SpringBootVueApplication.Controller.ElectionControllerTest@13d64764, testMethod = listAllElections@ElectionControllerTest, testException = [null], mergedContextConfiguration = [MergedContextConfiguration@79b586a4 testClass = ElectionControllerTest, locations = '{classpath*:SpringBootVueApplication.class}', classes = '{}', contextInitializerClasses = '[]', activeProfiles = '{}', propertySourceLocations = '{}', propertySourceProperties = '{}', contextCustomizers = set[org.springframework.boot.test.autoconfigure.properties.PropertyMappingContextCustomizer@0, org.springframework.boot.test.autoconfigure.web.servlet.WebDriverContextCustomizerFactory$Customizer@246bee75, org.springframework.boot.test.context.filter.ExcludeFilterContextCustomizer@4d1de7c4, org.springframework.boot.test.json.DuplicateJsonObjectContextCustomizerFactory$DuplicateJsonObjectContextCustomizer@1a18d313, org.springframework.boot.test.mock.mockito.MockitoContextCustomizer@0], contextLoader = 'org.springframework.test.context.support.DelegatingSmartContextLoader', parent = [null]], attributes = map[[empty]]], class annotated with @DirtiesContext [false] with mode [null], method annotated with @DirtiesContext [false] with mode [null].
15:50:34.809 [Test worker] DEBUG org.springframework.test.context.cache.DefaultCacheAwareContextLoaderDelegate - Retrieved ApplicationContext from cache with key [[MergedContextConfiguration@79b586a4 testClass = ElectionControllerTest, locations = '{classpath*:SpringBootVueApplication.class}', classes = '{}', contextInitializerClasses = '[]', activeProfiles = '{}', propertySourceLocations = '{}', propertySourceProperties = '{}', contextCustomizers = set[org.springframework.boot.test.autoconfigure.properties.PropertyMappingContextCustomizer@0, org.springframework.boot.test.autoconfigure.web.servlet.WebDriverContextCustomizerFactory$Customizer@246bee75, org.springframework.boot.test.context.filter.ExcludeFilterContextCustomizer@4d1de7c4, org.springframework.boot.test.json.DuplicateJsonObjectContextCustomizerFactory$DuplicateJsonObjectContextCustomizer@1a18d313, org.springframework.boot.test.mock.mockito.MockitoContextCustomizer@0], contextLoader = 'org.springframework.test.context.support.DelegatingSmartContextLoader', parent = [null]]]
15:50:34.809 [Test worker] DEBUG org.springframework.test.context.cache - Spring test ApplicationContext cache statistics: [DefaultContextCache@3fb0312e size = 1, maxSize = 32, parentContextCount = 0, hitCount = 43, missCount = 1]
15:50:34.811 [Test worker] DEBUG org.springframework.test.context.cache.DefaultCacheAwareContextLoaderDelegate - Retrieved ApplicationContext from cache with key [[MergedContextConfiguration@79b586a4 testClass = ElectionControllerTest, locations = '{classpath*:SpringBootVueApplication.class}', classes = '{}', contextInitializerClasses = '[]', activeProfiles = '{}', propertySourceLocations = '{}', propertySourceProperties = '{}', contextCustomizers = set[org.springframework.boot.test.autoconfigure.properties.PropertyMappingContextCustomizer@0, org.springframework.boot.test.autoconfigure.web.servlet.WebDriverContextCustomizerFactory$Customizer@246bee75, org.springframework.boot.test.context.filter.ExcludeFilterContextCustomizer@4d1de7c4, org.springframework.boot.test.json.DuplicateJsonObjectContextCustomizerFactory$DuplicateJsonObjectContextCustomizer@1a18d313, org.springframework.boot.test.mock.mockito.MockitoContextCustomizer@0], contextLoader = 'org.springframework.test.context.support.DelegatingSmartContextLoader', parent = [null]]]
15:50:34.811 [Test worker] DEBUG org.springframework.test.context.cache - Spring test ApplicationContext cache statistics: [DefaultContextCache@3fb0312e size = 1, maxSize = 32, parentContextCount = 0, hitCount = 44, missCount = 1]
15:50:34.811 [Test worker] DEBUG org.springframework.test.context.cache.DefaultCacheAwareContextLoaderDelegate - Retrieved ApplicationContext from cache with key [[MergedContextConfiguration@79b586a4 testClass = ElectionControllerTest, locations = '{classpath*:SpringBootVueApplication.class}', classes = '{}', contextInitializerClasses = '[]', activeProfiles = '{}', propertySourceLocations = '{}', propertySourceProperties = '{}', contextCustomizers = set[org.springframework.boot.test.autoconfigure.properties.PropertyMappingContextCustomizer@0, org.springframework.boot.test.autoconfigure.web.servlet.WebDriverContextCustomizerFactory$Customizer@246bee75, org.springframework.boot.test.context.filter.ExcludeFilterContextCustomizer@4d1de7c4, org.springframework.boot.test.json.DuplicateJsonObjectContextCustomizerFactory$DuplicateJsonObjectContextCustomizer@1a18d313, org.springframework.boot.test.mock.mockito.MockitoContextCustomizer@0], contextLoader = 'org.springframework.test.context.support.DelegatingSmartContextLoader', parent = [null]]]
15:50:34.812 [Test worker] DEBUG org.springframework.test.context.cache - Spring test ApplicationContext cache statistics: [DefaultContextCache@3fb0312e size = 1, maxSize = 32, parentContextCount = 0, hitCount = 45, missCount = 1]
15:50:34.812 [Test worker] DEBUG org.springframework.test.context.cache.DefaultCacheAwareContextLoaderDelegate - Retrieved ApplicationContext from cache with key [[MergedContextConfiguration@79b586a4 testClass = ElectionControllerTest, locations = '{classpath*:SpringBootVueApplication.class}', classes = '{}', contextInitializerClasses = '[]', activeProfiles = '{}', propertySourceLocations = '{}', propertySourceProperties = '{}', contextCustomizers = set[org.springframework.boot.test.autoconfigure.properties.PropertyMappingContextCustomizer@0, org.springframework.boot.test.autoconfigure.web.servlet.WebDriverContextCustomizerFactory$Customizer@246bee75, org.springframework.boot.test.context.filter.ExcludeFilterContextCustomizer@4d1de7c4, org.springframework.boot.test.json.DuplicateJsonObjectContextCustomizerFactory$DuplicateJsonObjectContextCustomizer@1a18d313, org.springframework.boot.test.mock.mockito.MockitoContextCustomizer@0], contextLoader = 'org.springframework.test.context.support.DelegatingSmartContextLoader', parent = [null]]]
15:50:34.812 [Test worker] DEBUG org.springframework.test.context.cache - Spring test ApplicationContext cache statistics: [DefaultContextCache@3fb0312e size = 1, maxSize = 32, parentContextCount = 0, hitCount = 46, missCount = 1]
15:50:34.812 [Test worker] DEBUG org.springframework.test.context.cache.DefaultCacheAwareContextLoaderDelegate - Retrieved ApplicationContext from cache with key [[MergedContextConfiguration@79b586a4 testClass = ElectionControllerTest, locations = '{classpath*:SpringBootVueApplication.class}', classes = '{}', contextInitializerClasses = '[]', activeProfiles = '{}', propertySourceLocations = '{}', propertySourceProperties = '{}', contextCustomizers = set[org.springframework.boot.test.autoconfigure.properties.PropertyMappingContextCustomizer@0, org.springframework.boot.test.autoconfigure.web.servlet.WebDriverContextCustomizerFactory$Customizer@246bee75, org.springframework.boot.test.context.filter.ExcludeFilterContextCustomizer@4d1de7c4, org.springframework.boot.test.json.DuplicateJsonObjectContextCustomizerFactory$DuplicateJsonObjectContextCustomizer@1a18d313, org.springframework.boot.test.mock.mockito.MockitoContextCustomizer@0], contextLoader = 'org.springframework.test.context.support.DelegatingSmartContextLoader', parent = [null]]]
15:50:34.812 [Test worker] DEBUG org.springframework.test.context.cache - Spring test ApplicationContext cache statistics: [DefaultContextCache@3fb0312e size = 1, maxSize = 32, parentContextCount = 0, hitCount = 47, missCount = 1]
15:50:34.814 [Test worker] DEBUG org.springframework.test.context.support.AbstractDirtiesContextTestExecutionListener - After test method: context [DefaultTestContext@61746312 testClass = ElectionControllerTest, testInstance = com.okta.springbootvue.SpringBootVueApplication.Controller.ElectionControllerTest@13d64764, testMethod = listAllElections@ElectionControllerTest, testException = [null], mergedContextConfiguration = [MergedContextConfiguration@79b586a4 testClass = ElectionControllerTest, locations = '{classpath*:SpringBootVueApplication.class}', classes = '{}', contextInitializerClasses = '[]', activeProfiles = '{}', propertySourceLocations = '{}', propertySourceProperties = '{}', contextCustomizers = set[org.springframework.boot.test.autoconfigure.properties.PropertyMappingContextCustomizer@0, org.springframework.boot.test.autoconfigure.web.servlet.WebDriverContextCustomizerFactory$Customizer@246bee75, org.springframework.boot.test.context.filter.ExcludeFilterContextCustomizer@4d1de7c4, org.springframework.boot.test.json.DuplicateJsonObjectContextCustomizerFactory$DuplicateJsonObjectContextCustomizer@1a18d313, org.springframework.boot.test.mock.mockito.MockitoContextCustomizer@0], contextLoader = 'org.springframework.test.context.support.DelegatingSmartContextLoader', parent = [null]], attributes = map[[empty]]], class annotated with @DirtiesContext [false] with mode [null], method annotated with @DirtiesContext [false] with mode [null].
15:50:34.815 [Test worker] DEBUG org.springframework.test.annotation.ProfileValueUtils - Retrieved @ProfileValueSourceConfiguration [null] for test class [com.okta.springbootvue.SpringBootVueApplication.Controller.ElectionControllerTest]
15:50:34.815 [Test worker] DEBUG org.springframework.test.annotation.ProfileValueUtils - Retrieved ProfileValueSource type [class org.springframework.test.annotation.SystemProfileValueSource] for class [com.okta.springbootvue.SpringBootVueApplication.Controller.ElectionControllerTest]
15:50:34.816 [Test worker] DEBUG org.springframework.test.context.support.DependencyInjectionTestExecutionListener - Performing dependency injection for test context [[DefaultTestContext@61746312 testClass = ElectionControllerTest, testInstance = com.okta.springbootvue.SpringBootVueApplication.Controller.ElectionControllerTest@6a74c41, testMethod = [null], testException = [null], mergedContextConfiguration = [MergedContextConfiguration@79b586a4 testClass = ElectionControllerTest, locations = '{classpath*:SpringBootVueApplication.class}', classes = '{}', contextInitializerClasses = '[]', activeProfiles = '{}', propertySourceLocations = '{}', propertySourceProperties = '{}', contextCustomizers = set[org.springframework.boot.test.autoconfigure.properties.PropertyMappingContextCustomizer@0, org.springframework.boot.test.autoconfigure.web.servlet.WebDriverContextCustomizerFactory$Customizer@246bee75, org.springframework.boot.test.context.filter.ExcludeFilterContextCustomizer@4d1de7c4, org.springframework.boot.test.json.DuplicateJsonObjectContextCustomizerFactory$DuplicateJsonObjectContextCustomizer@1a18d313, org.springframework.boot.test.mock.mockito.MockitoContextCustomizer@0], contextLoader = 'org.springframework.test.context.support.DelegatingSmartContextLoader', parent = [null]], attributes = map[[empty]]]].
15:50:34.817 [Test worker] DEBUG org.springframework.test.context.cache.DefaultCacheAwareContextLoaderDelegate - Retrieved ApplicationContext from cache with key [[MergedContextConfiguration@79b586a4 testClass = ElectionControllerTest, locations = '{classpath*:SpringBootVueApplication.class}', classes = '{}', contextInitializerClasses = '[]', activeProfiles = '{}', propertySourceLocations = '{}', propertySourceProperties = '{}', contextCustomizers = set[org.springframework.boot.test.autoconfigure.properties.PropertyMappingContextCustomizer@0, org.springframework.boot.test.autoconfigure.web.servlet.WebDriverContextCustomizerFactory$Customizer@246bee75, org.springframework.boot.test.context.filter.ExcludeFilterContextCustomizer@4d1de7c4, org.springframework.boot.test.json.DuplicateJsonObjectContextCustomizerFactory$DuplicateJsonObjectContextCustomizer@1a18d313, org.springframework.boot.test.mock.mockito.MockitoContextCustomizer@0], contextLoader = 'org.springframework.test.context.support.DelegatingSmartContextLoader', parent = [null]]]
15:50:34.817 [Test worker] DEBUG org.springframework.test.context.cache - Spring test ApplicationContext cache statistics: [DefaultContextCache@3fb0312e size = 1, maxSize = 32, parentContextCount = 0, hitCount = 48, missCount = 1]
15:50:34.818 [Test worker] DEBUG org.springframework.test.context.support.AbstractDirtiesContextTestExecutionListener - Before test method: context [DefaultTestContext@61746312 testClass = ElectionControllerTest, testInstance = com.okta.springbootvue.SpringBootVueApplication.Controller.ElectionControllerTest@6a74c41, testMethod = modifyElection@ElectionControllerTest, testException = [null], mergedContextConfiguration = [MergedContextConfiguration@79b586a4 testClass = ElectionControllerTest, locations = '{classpath*:SpringBootVueApplication.class}', classes = '{}', contextInitializerClasses = '[]', activeProfiles = '{}', propertySourceLocations = '{}', propertySourceProperties = '{}', contextCustomizers = set[org.springframework.boot.test.autoconfigure.properties.PropertyMappingContextCustomizer@0, org.springframework.boot.test.autoconfigure.web.servlet.WebDriverContextCustomizerFactory$Customizer@246bee75, org.springframework.boot.test.context.filter.ExcludeFilterContextCustomizer@4d1de7c4, org.springframework.boot.test.json.DuplicateJsonObjectContextCustomizerFactory$DuplicateJsonObjectContextCustomizer@1a18d313, org.springframework.boot.test.mock.mockito.MockitoContextCustomizer@0], contextLoader = 'org.springframework.test.context.support.DelegatingSmartContextLoader', parent = [null]], attributes = map[[empty]]], class annotated with @DirtiesContext [false] with mode [null], method annotated with @DirtiesContext [false] with mode [null].
15:50:34.820 [Test worker] DEBUG org.springframework.test.context.cache.DefaultCacheAwareContextLoaderDelegate - Retrieved ApplicationContext from cache with key [[MergedContextConfiguration@79b586a4 testClass = ElectionControllerTest, locations = '{classpath*:SpringBootVueApplication.class}', classes = '{}', contextInitializerClasses = '[]', activeProfiles = '{}', propertySourceLocations = '{}', propertySourceProperties = '{}', contextCustomizers = set[org.springframework.boot.test.autoconfigure.properties.PropertyMappingContextCustomizer@0, org.springframework.boot.test.autoconfigure.web.servlet.WebDriverContextCustomizerFactory$Customizer@246bee75, org.springframework.boot.test.context.filter.ExcludeFilterContextCustomizer@4d1de7c4, org.springframework.boot.test.json.DuplicateJsonObjectContextCustomizerFactory$DuplicateJsonObjectContextCustomizer@1a18d313, org.springframework.boot.test.mock.mockito.MockitoContextCustomizer@0], contextLoader = 'org.springframework.test.context.support.DelegatingSmartContextLoader', parent = [null]]]
15:50:34.820 [Test worker] DEBUG org.springframework.test.context.cache - Spring test ApplicationContext cache statistics: [DefaultContextCache@3fb0312e size = 1, maxSize = 32, parentContextCount = 0, hitCount = 49, missCount = 1]
15:50:34.822 [Test worker] DEBUG org.springframework.test.context.cache.DefaultCacheAwareContextLoaderDelegate - Retrieved ApplicationContext from cache with key [[MergedContextConfiguration@79b586a4 testClass = ElectionControllerTest, locations = '{classpath*:SpringBootVueApplication.class}', classes = '{}', contextInitializerClasses = '[]', activeProfiles = '{}', propertySourceLocations = '{}', propertySourceProperties = '{}', contextCustomizers = set[org.springframework.boot.test.autoconfigure.properties.PropertyMappingContextCustomizer@0, org.springframework.boot.test.autoconfigure.web.servlet.WebDriverContextCustomizerFactory$Customizer@246bee75, org.springframework.boot.test.context.filter.ExcludeFilterContextCustomizer@4d1de7c4, org.springframework.boot.test.json.DuplicateJsonObjectContextCustomizerFactory$DuplicateJsonObjectContextCustomizer@1a18d313, org.springframework.boot.test.mock.mockito.MockitoContextCustomizer@0], contextLoader = 'org.springframework.test.context.support.DelegatingSmartContextLoader', parent = [null]]]
15:50:34.822 [Test worker] DEBUG org.springframework.test.context.cache - Spring test ApplicationContext cache statistics: [DefaultContextCache@3fb0312e size = 1, maxSize = 32, parentContextCount = 0, hitCount = 50, missCount = 1]
15:50:34.822 [Test worker] DEBUG org.springframework.test.context.cache.DefaultCacheAwareContextLoaderDelegate - Retrieved ApplicationContext from cache with key [[MergedContextConfiguration@79b586a4 testClass = ElectionControllerTest, locations = '{classpath*:SpringBootVueApplication.class}', classes = '{}', contextInitializerClasses = '[]', activeProfiles = '{}', propertySourceLocations = '{}', propertySourceProperties = '{}', contextCustomizers = set[org.springframework.boot.test.autoconfigure.properties.PropertyMappingContextCustomizer@0, org.springframework.boot.test.autoconfigure.web.servlet.WebDriverContextCustomizerFactory$Customizer@246bee75, org.springframework.boot.test.context.filter.ExcludeFilterContextCustomizer@4d1de7c4, org.springframework.boot.test.json.DuplicateJsonObjectContextCustomizerFactory$DuplicateJsonObjectContextCustomizer@1a18d313, org.springframework.boot.test.mock.mockito.MockitoContextCustomizer@0], contextLoader = 'org.springframework.test.context.support.DelegatingSmartContextLoader', parent = [null]]]
15:50:34.822 [Test worker] DEBUG org.springframework.test.context.cache - Spring test ApplicationContext cache statistics: [DefaultContextCache@3fb0312e size = 1, maxSize = 32, parentContextCount = 0, hitCount = 51, missCount = 1]
15:50:34.823 [Test worker] DEBUG org.springframework.test.context.cache.DefaultCacheAwareContextLoaderDelegate - Retrieved ApplicationContext from cache with key [[MergedContextConfiguration@79b586a4 testClass = ElectionControllerTest, locations = '{classpath*:SpringBootVueApplication.class}', classes = '{}', contextInitializerClasses = '[]', activeProfiles = '{}', propertySourceLocations = '{}', propertySourceProperties = '{}', contextCustomizers = set[org.springframework.boot.test.autoconfigure.properties.PropertyMappingContextCustomizer@0, org.springframework.boot.test.autoconfigure.web.servlet.WebDriverContextCustomizerFactory$Customizer@246bee75, org.springframework.boot.test.context.filter.ExcludeFilterContextCustomizer@4d1de7c4, org.springframework.boot.test.json.DuplicateJsonObjectContextCustomizerFactory$DuplicateJsonObjectContextCustomizer@1a18d313, org.springframework.boot.test.mock.mockito.MockitoContextCustomizer@0], contextLoader = 'org.springframework.test.context.support.DelegatingSmartContextLoader', parent = [null]]]
15:50:34.823 [Test worker] DEBUG org.springframework.test.context.cache - Spring test ApplicationContext cache statistics: [DefaultContextCache@3fb0312e size = 1, maxSize = 32, parentContextCount = 0, hitCount = 52, missCount = 1]
15:50:34.823 [Test worker] DEBUG org.springframework.test.context.cache.DefaultCacheAwareContextLoaderDelegate - Retrieved ApplicationContext from cache with key [[MergedContextConfiguration@79b586a4 testClass = ElectionControllerTest, locations = '{classpath*:SpringBootVueApplication.class}', classes = '{}', contextInitializerClasses = '[]', activeProfiles = '{}', propertySourceLocations = '{}', propertySourceProperties = '{}', contextCustomizers = set[org.springframework.boot.test.autoconfigure.properties.PropertyMappingContextCustomizer@0, org.springframework.boot.test.autoconfigure.web.servlet.WebDriverContextCustomizerFactory$Customizer@246bee75, org.springframework.boot.test.context.filter.ExcludeFilterContextCustomizer@4d1de7c4, org.springframework.boot.test.json.DuplicateJsonObjectContextCustomizerFactory$DuplicateJsonObjectContextCustomizer@1a18d313, org.springframework.boot.test.mock.mockito.MockitoContextCustomizer@0], contextLoader = 'org.springframework.test.context.support.DelegatingSmartContextLoader', parent = [null]]]
15:50:34.823 [Test worker] DEBUG org.springframework.test.context.cache - Spring test ApplicationContext cache statistics: [DefaultContextCache@3fb0312e size = 1, maxSize = 32, parentContextCount = 0, hitCount = 53, missCount = 1]
15:50:34.824 [Test worker] DEBUG org.springframework.test.context.support.AbstractDirtiesContextTestExecutionListener - After test method: context [DefaultTestContext@61746312 testClass = ElectionControllerTest, testInstance = com.okta.springbootvue.SpringBootVueApplication.Controller.ElectionControllerTest@6a74c41, testMethod = modifyElection@ElectionControllerTest, testException = [null], mergedContextConfiguration = [MergedContextConfiguration@79b586a4 testClass = ElectionControllerTest, locations = '{classpath*:SpringBootVueApplication.class}', classes = '{}', contextInitializerClasses = '[]', activeProfiles = '{}', propertySourceLocations = '{}', propertySourceProperties = '{}', contextCustomizers = set[org.springframework.boot.test.autoconfigure.properties.PropertyMappingContextCustomizer@0, org.springframework.boot.test.autoconfigure.web.servlet.WebDriverContextCustomizerFactory$Customizer@246bee75, org.springframework.boot.test.context.filter.ExcludeFilterContextCustomizer@4d1de7c4, org.springframework.boot.test.json.DuplicateJsonObjectContextCustomizerFactory$DuplicateJsonObjectContextCustomizer@1a18d313, org.springframework.boot.test.mock.mockito.MockitoContextCustomizer@0], contextLoader = 'org.springframework.test.context.support.DelegatingSmartContextLoader', parent = [null]], attributes = map[[empty]]], class annotated with @DirtiesContext [false] with mode [null], method annotated with @DirtiesContext [false] with mode [null].
15:50:34.825 [Test worker] DEBUG org.springframework.test.annotation.ProfileValueUtils - Retrieved @ProfileValueSourceConfiguration [null] for test class [com.okta.springbootvue.SpringBootVueApplication.Controller.ElectionControllerTest]
15:50:34.825 [Test worker] DEBUG org.springframework.test.annotation.ProfileValueUtils - Retrieved ProfileValueSource type [class org.springframework.test.annotation.SystemProfileValueSource] for class [com.okta.springbootvue.SpringBootVueApplication.Controller.ElectionControllerTest]
15:50:34.826 [Test worker] DEBUG org.springframework.test.context.support.DependencyInjectionTestExecutionListener - Performing dependency injection for test context [[DefaultTestContext@61746312 testClass = ElectionControllerTest, testInstance = com.okta.springbootvue.SpringBootVueApplication.Controller.ElectionControllerTest@30f30da3, testMethod = [null], testException = [null], mergedContextConfiguration = [MergedContextConfiguration@79b586a4 testClass = ElectionControllerTest, locations = '{classpath*:SpringBootVueApplication.class}', classes = '{}', contextInitializerClasses = '[]', activeProfiles = '{}', propertySourceLocations = '{}', propertySourceProperties = '{}', contextCustomizers = set[org.springframework.boot.test.autoconfigure.properties.PropertyMappingContextCustomizer@0, org.springframework.boot.test.autoconfigure.web.servlet.WebDriverContextCustomizerFactory$Customizer@246bee75, org.springframework.boot.test.context.filter.ExcludeFilterContextCustomizer@4d1de7c4, org.springframework.boot.test.json.DuplicateJsonObjectContextCustomizerFactory$DuplicateJsonObjectContextCustomizer@1a18d313, org.springframework.boot.test.mock.mockito.MockitoContextCustomizer@0], contextLoader = 'org.springframework.test.context.support.DelegatingSmartContextLoader', parent = [null]], attributes = map[[empty]]]].
15:50:34.827 [Test worker] DEBUG org.springframework.test.context.cache.DefaultCacheAwareContextLoaderDelegate - Retrieved ApplicationContext from cache with key [[MergedContextConfiguration@79b586a4 testClass = ElectionControllerTest, locations = '{classpath*:SpringBootVueApplication.class}', classes = '{}', contextInitializerClasses = '[]', activeProfiles = '{}', propertySourceLocations = '{}', propertySourceProperties = '{}', contextCustomizers = set[org.springframework.boot.test.autoconfigure.properties.PropertyMappingContextCustomizer@0, org.springframework.boot.test.autoconfigure.web.servlet.WebDriverContextCustomizerFactory$Customizer@246bee75, org.springframework.boot.test.context.filter.ExcludeFilterContextCustomizer@4d1de7c4, org.springframework.boot.test.json.DuplicateJsonObjectContextCustomizerFactory$DuplicateJsonObjectContextCustomizer@1a18d313, org.springframework.boot.test.mock.mockito.MockitoContextCustomizer@0], contextLoader = 'org.springframework.test.context.support.DelegatingSmartContextLoader', parent = [null]]]
15:50:34.827 [Test worker] DEBUG org.springframework.test.context.cache - Spring test ApplicationContext cache statistics: [DefaultContextCache@3fb0312e size = 1, maxSize = 32, parentContextCount = 0, hitCount = 54, missCount = 1]
15:50:34.828 [Test worker] DEBUG org.springframework.test.context.support.AbstractDirtiesContextTestExecutionListener - Before test method: context [DefaultTestContext@61746312 testClass = ElectionControllerTest, testInstance = com.okta.springbootvue.SpringBootVueApplication.Controller.ElectionControllerTest@30f30da3, testMethod = newElection@ElectionControllerTest, testException = [null], mergedContextConfiguration = [MergedContextConfiguration@79b586a4 testClass = ElectionControllerTest, locations = '{classpath*:SpringBootVueApplication.class}', classes = '{}', contextInitializerClasses = '[]', activeProfiles = '{}', propertySourceLocations = '{}', propertySourceProperties = '{}', contextCustomizers = set[org.springframework.boot.test.autoconfigure.properties.PropertyMappingContextCustomizer@0, org.springframework.boot.test.autoconfigure.web.servlet.WebDriverContextCustomizerFactory$Customizer@246bee75, org.springframework.boot.test.context.filter.ExcludeFilterContextCustomizer@4d1de7c4, org.springframework.boot.test.json.DuplicateJsonObjectContextCustomizerFactory$DuplicateJsonObjectContextCustomizer@1a18d313, org.springframework.boot.test.mock.mockito.MockitoContextCustomizer@0], contextLoader = 'org.springframework.test.context.support.DelegatingSmartContextLoader', parent = [null]], attributes = map[[empty]]], class annotated with @DirtiesContext [false] with mode [null], method annotated with @DirtiesContext [false] with mode [null].
15:50:34.829 [Test worker] DEBUG org.springframework.test.context.cache.DefaultCacheAwareContextLoaderDelegate - Retrieved ApplicationContext from cache with key [[MergedContextConfiguration@79b586a4 testClass = ElectionControllerTest, locations = '{classpath*:SpringBootVueApplication.class}', classes = '{}', contextInitializerClasses = '[]', activeProfiles = '{}', propertySourceLocations = '{}', propertySourceProperties = '{}', contextCustomizers = set[org.springframework.boot.test.autoconfigure.properties.PropertyMappingContextCustomizer@0, org.springframework.boot.test.autoconfigure.web.servlet.WebDriverContextCustomizerFactory$Customizer@246bee75, org.springframework.boot.test.context.filter.ExcludeFilterContextCustomizer@4d1de7c4, org.springframework.boot.test.json.DuplicateJsonObjectContextCustomizerFactory$DuplicateJsonObjectContextCustomizer@1a18d313, org.springframework.boot.test.mock.mockito.MockitoContextCustomizer@0], contextLoader = 'org.springframework.test.context.support.DelegatingSmartContextLoader', parent = [null]]]
15:50:34.829 [Test worker] DEBUG org.springframework.test.context.cache - Spring test ApplicationContext cache statistics: [DefaultContextCache@3fb0312e size = 1, maxSize = 32, parentContextCount = 0, hitCount = 55, missCount = 1]
15:50:34.830 [Test worker] DEBUG org.springframework.test.context.cache.DefaultCacheAwareContextLoaderDelegate - Retrieved ApplicationContext from cache with key [[MergedContextConfiguration@79b586a4 testClass = ElectionControllerTest, locations = '{classpath*:SpringBootVueApplication.class}', classes = '{}', contextInitializerClasses = '[]', activeProfiles = '{}', propertySourceLocations = '{}', propertySourceProperties = '{}', contextCustomizers = set[org.springframework.boot.test.autoconfigure.properties.PropertyMappingContextCustomizer@0, org.springframework.boot.test.autoconfigure.web.servlet.WebDriverContextCustomizerFactory$Customizer@246bee75, org.springframework.boot.test.context.filter.ExcludeFilterContextCustomizer@4d1de7c4, org.springframework.boot.test.json.DuplicateJsonObjectContextCustomizerFactory$DuplicateJsonObjectContextCustomizer@1a18d313, org.springframework.boot.test.mock.mockito.MockitoContextCustomizer@0], contextLoader = 'org.springframework.test.context.support.DelegatingSmartContextLoader', parent = [null]]]
15:50:34.830 [Test worker] DEBUG org.springframework.test.context.cache - Spring test ApplicationContext cache statistics: [DefaultContextCache@3fb0312e size = 1, maxSize = 32, parentContextCount = 0, hitCount = 56, missCount = 1]
15:50:34.831 [Test worker] DEBUG org.springframework.test.context.cache.DefaultCacheAwareContextLoaderDelegate - Retrieved ApplicationContext from cache with key [[MergedContextConfiguration@79b586a4 testClass = ElectionControllerTest, locations = '{classpath*:SpringBootVueApplication.class}', classes = '{}', contextInitializerClasses = '[]', activeProfiles = '{}', propertySourceLocations = '{}', propertySourceProperties = '{}', contextCustomizers = set[org.springframework.boot.test.autoconfigure.properties.PropertyMappingContextCustomizer@0, org.springframework.boot.test.autoconfigure.web.servlet.WebDriverContextCustomizerFactory$Customizer@246bee75, org.springframework.boot.test.context.filter.ExcludeFilterContextCustomizer@4d1de7c4, org.springframework.boot.test.json.DuplicateJsonObjectContextCustomizerFactory$DuplicateJsonObjectContextCustomizer@1a18d313, org.springframework.boot.test.mock.mockito.MockitoContextCustomizer@0], contextLoader = 'org.springframework.test.context.support.DelegatingSmartContextLoader', parent = [null]]]
15:50:34.831 [Test worker] DEBUG org.springframework.test.context.cache - Spring test ApplicationContext cache statistics: [DefaultContextCache@3fb0312e size = 1, maxSize = 32, parentContextCount = 0, hitCount = 57, missCount = 1]
15:50:34.831 [Test worker] DEBUG org.springframework.test.context.cache.DefaultCacheAwareContextLoaderDelegate - Retrieved ApplicationContext from cache with key [[MergedContextConfiguration@79b586a4 testClass = ElectionControllerTest, locations = '{classpath*:SpringBootVueApplication.class}', classes = '{}', contextInitializerClasses = '[]', activeProfiles = '{}', propertySourceLocations = '{}', propertySourceProperties = '{}', contextCustomizers = set[org.springframework.boot.test.autoconfigure.properties.PropertyMappingContextCustomizer@0, org.springframework.boot.test.autoconfigure.web.servlet.WebDriverContextCustomizerFactory$Customizer@246bee75, org.springframework.boot.test.context.filter.ExcludeFilterContextCustomizer@4d1de7c4, org.springframework.boot.test.json.DuplicateJsonObjectContextCustomizerFactory$DuplicateJsonObjectContextCustomizer@1a18d313, org.springframework.boot.test.mock.mockito.MockitoContextCustomizer@0], contextLoader = 'org.springframework.test.context.support.DelegatingSmartContextLoader', parent = [null]]]
15:50:34.831 [Test worker] DEBUG org.springframework.test.context.cache - Spring test ApplicationContext cache statistics: [DefaultContextCache@3fb0312e size = 1, maxSize = 32, parentContextCount = 0, hitCount = 58, missCount = 1]
15:50:34.831 [Test worker] DEBUG org.springframework.test.context.cache.DefaultCacheAwareContextLoaderDelegate - Retrieved ApplicationContext from cache with key [[MergedContextConfiguration@79b586a4 testClass = ElectionControllerTest, locations = '{classpath*:SpringBootVueApplication.class}', classes = '{}', contextInitializerClasses = '[]', activeProfiles = '{}', propertySourceLocations = '{}', propertySourceProperties = '{}', contextCustomizers = set[org.springframework.boot.test.autoconfigure.properties.PropertyMappingContextCustomizer@0, org.springframework.boot.test.autoconfigure.web.servlet.WebDriverContextCustomizerFactory$Customizer@246bee75, org.springframework.boot.test.context.filter.ExcludeFilterContextCustomizer@4d1de7c4, org.springframework.boot.test.json.DuplicateJsonObjectContextCustomizerFactory$DuplicateJsonObjectContextCustomizer@1a18d313, org.springframework.boot.test.mock.mockito.MockitoContextCustomizer@0], contextLoader = 'org.springframework.test.context.support.DelegatingSmartContextLoader', parent = [null]]]
15:50:34.831 [Test worker] DEBUG org.springframework.test.context.cache - Spring test ApplicationContext cache statistics: [DefaultContextCache@3fb0312e size = 1, maxSize = 32, parentContextCount = 0, hitCount = 59, missCount = 1]
15:50:34.833 [Test worker] DEBUG org.springframework.test.context.support.AbstractDirtiesContextTestExecutionListener - After test method: context [DefaultTestContext@61746312 testClass = ElectionControllerTest, testInstance = com.okta.springbootvue.SpringBootVueApplication.Controller.ElectionControllerTest@30f30da3, testMethod = newElection@ElectionControllerTest, testException = [null], mergedContextConfiguration = [MergedContextConfiguration@79b586a4 testClass = ElectionControllerTest, locations = '{classpath*:SpringBootVueApplication.class}', classes = '{}', contextInitializerClasses = '[]', activeProfiles = '{}', propertySourceLocations = '{}', propertySourceProperties = '{}', contextCustomizers = set[org.springframework.boot.test.autoconfigure.properties.PropertyMappingContextCustomizer@0, org.springframework.boot.test.autoconfigure.web.servlet.WebDriverContextCustomizerFactory$Customizer@246bee75, org.springframework.boot.test.context.filter.ExcludeFilterContextCustomizer@4d1de7c4, org.springframework.boot.test.json.DuplicateJsonObjectContextCustomizerFactory$DuplicateJsonObjectContextCustomizer@1a18d313, org.springframework.boot.test.mock.mockito.MockitoContextCustomizer@0], contextLoader = 'org.springframework.test.context.support.DelegatingSmartContextLoader', parent = [null]], attributes = map[[empty]]], class annotated with @DirtiesContext [false] with mode [null], method annotated with @DirtiesContext [false] with mode [null].
15:50:34.833 [Test worker] DEBUG org.springframework.test.annotation.ProfileValueUtils - Retrieved @ProfileValueSourceConfiguration [null] for test class [com.okta.springbootvue.SpringBootVueApplication.Controller.ElectionControllerTest]
15:50:34.833 [Test worker] DEBUG org.springframework.test.annotation.ProfileValueUtils - Retrieved ProfileValueSource type [class org.springframework.test.annotation.SystemProfileValueSource] for class [com.okta.springbootvue.SpringBootVueApplication.Controller.ElectionControllerTest]
15:50:34.835 [Test worker] DEBUG org.springframework.test.context.support.DependencyInjectionTestExecutionListener - Performing dependency injection for test context [[DefaultTestContext@61746312 testClass = ElectionControllerTest, testInstance = com.okta.springbootvue.SpringBootVueApplication.Controller.ElectionControllerTest@7e02570, testMethod = [null], testException = [null], mergedContextConfiguration = [MergedContextConfiguration@79b586a4 testClass = ElectionControllerTest, locations = '{classpath*:SpringBootVueApplication.class}', classes = '{}', contextInitializerClasses = '[]', activeProfiles = '{}', propertySourceLocations = '{}', propertySourceProperties = '{}', contextCustomizers = set[org.springframework.boot.test.autoconfigure.properties.PropertyMappingContextCustomizer@0, org.springframework.boot.test.autoconfigure.web.servlet.WebDriverContextCustomizerFactory$Customizer@246bee75, org.springframework.boot.test.context.filter.ExcludeFilterContextCustomizer@4d1de7c4, org.springframework.boot.test.json.DuplicateJsonObjectContextCustomizerFactory$DuplicateJsonObjectContextCustomizer@1a18d313, org.springframework.boot.test.mock.mockito.MockitoContextCustomizer@0], contextLoader = 'org.springframework.test.context.support.DelegatingSmartContextLoader', parent = [null]], attributes = map[[empty]]]].
15:50:34.835 [Test worker] DEBUG org.springframework.test.context.cache.DefaultCacheAwareContextLoaderDelegate - Retrieved ApplicationContext from cache with key [[MergedContextConfiguration@79b586a4 testClass = ElectionControllerTest, locations = '{classpath*:SpringBootVueApplication.class}', classes = '{}', contextInitializerClasses = '[]', activeProfiles = '{}', propertySourceLocations = '{}', propertySourceProperties = '{}', contextCustomizers = set[org.springframework.boot.test.autoconfigure.properties.PropertyMappingContextCustomizer@0, org.springframework.boot.test.autoconfigure.web.servlet.WebDriverContextCustomizerFactory$Customizer@246bee75, org.springframework.boot.test.context.filter.ExcludeFilterContextCustomizer@4d1de7c4, org.springframework.boot.test.json.DuplicateJsonObjectContextCustomizerFactory$DuplicateJsonObjectContextCustomizer@1a18d313, org.springframework.boot.test.mock.mockito.MockitoContextCustomizer@0], contextLoader = 'org.springframework.test.context.support.DelegatingSmartContextLoader', parent = [null]]]
15:50:34.838 [Test worker] DEBUG org.springframework.test.context.cache - Spring test ApplicationContext cache statistics: [DefaultContextCache@3fb0312e size = 1, maxSize = 32, parentContextCount = 0, hitCount = 60, missCount = 1]
15:50:34.840 [Test worker] DEBUG org.springframework.test.context.support.AbstractDirtiesContextTestExecutionListener - Before test method: context [DefaultTestContext@61746312 testClass = ElectionControllerTest, testInstance = com.okta.springbootvue.SpringBootVueApplication.Controller.ElectionControllerTest@7e02570, testMethod = getElection@ElectionControllerTest, testException = [null], mergedContextConfiguration = [MergedContextConfiguration@79b586a4 testClass = ElectionControllerTest, locations = '{classpath*:SpringBootVueApplication.class}', classes = '{}', contextInitializerClasses = '[]', activeProfiles = '{}', propertySourceLocations = '{}', propertySourceProperties = '{}', contextCustomizers = set[org.springframework.boot.test.autoconfigure.properties.PropertyMappingContextCustomizer@0, org.springframework.boot.test.autoconfigure.web.servlet.WebDriverContextCustomizerFactory$Customizer@246bee75, org.springframework.boot.test.context.filter.ExcludeFilterContextCustomizer@4d1de7c4, org.springframework.boot.test.json.DuplicateJsonObjectContextCustomizerFactory$DuplicateJsonObjectContextCustomizer@1a18d313, org.springframework.boot.test.mock.mockito.MockitoContextCustomizer@0], contextLoader = 'org.springframework.test.context.support.DelegatingSmartContextLoader', parent = [null]], attributes = map[[empty]]], class annotated with @DirtiesContext [false] with mode [null], method annotated with @DirtiesContext [false] with mode [null].
15:50:34.842 [Test worker] DEBUG org.springframework.test.context.cache.DefaultCacheAwareContextLoaderDelegate - Retrieved ApplicationContext from cache with key [[MergedContextConfiguration@79b586a4 testClass = ElectionControllerTest, locations = '{classpath*:SpringBootVueApplication.class}', classes = '{}', contextInitializerClasses = '[]', activeProfiles = '{}', propertySourceLocations = '{}', propertySourceProperties = '{}', contextCustomizers = set[org.springframework.boot.test.autoconfigure.properties.PropertyMappingContextCustomizer@0, org.springframework.boot.test.autoconfigure.web.servlet.WebDriverContextCustomizerFactory$Customizer@246bee75, org.springframework.boot.test.context.filter.ExcludeFilterContextCustomizer@4d1de7c4, org.springframework.boot.test.json.DuplicateJsonObjectContextCustomizerFactory$DuplicateJsonObjectContextCustomizer@1a18d313, org.springframework.boot.test.mock.mockito.MockitoContextCustomizer@0], contextLoader = 'org.springframework.test.context.support.DelegatingSmartContextLoader', parent = [null]]]
15:50:34.842 [Test worker] DEBUG org.springframework.test.context.cache - Spring test ApplicationContext cache statistics: [DefaultContextCache@3fb0312e size = 1, maxSize = 32, parentContextCount = 0, hitCount = 61, missCount = 1]
15:50:34.844 [Test worker] DEBUG org.springframework.test.context.cache.DefaultCacheAwareContextLoaderDelegate - Retrieved ApplicationContext from cache with key [[MergedContextConfiguration@79b586a4 testClass = ElectionControllerTest, locations = '{classpath*:SpringBootVueApplication.class}', classes = '{}', contextInitializerClasses = '[]', activeProfiles = '{}', propertySourceLocations = '{}', propertySourceProperties = '{}', contextCustomizers = set[org.springframework.boot.test.autoconfigure.properties.PropertyMappingContextCustomizer@0, org.springframework.boot.test.autoconfigure.web.servlet.WebDriverContextCustomizerFactory$Customizer@246bee75, org.springframework.boot.test.context.filter.ExcludeFilterContextCustomizer@4d1de7c4, org.springframework.boot.test.json.DuplicateJsonObjectContextCustomizerFactory$DuplicateJsonObjectContextCustomizer@1a18d313, org.springframework.boot.test.mock.mockito.MockitoContextCustomizer@0], contextLoader = 'org.springframework.test.context.support.DelegatingSmartContextLoader', parent = [null]]]
15:50:34.844 [Test worker] DEBUG org.springframework.test.context.cache - Spring test ApplicationContext cache statistics: [DefaultContextCache@3fb0312e size = 1, maxSize = 32, parentContextCount = 0, hitCount = 62, missCount = 1]
15:50:34.844 [Test worker] DEBUG org.springframework.test.context.cache.DefaultCacheAwareContextLoaderDelegate - Retrieved ApplicationContext from cache with key [[MergedContextConfiguration@79b586a4 testClass = ElectionControllerTest, locations = '{classpath*:SpringBootVueApplication.class}', classes = '{}', contextInitializerClasses = '[]', activeProfiles = '{}', propertySourceLocations = '{}', propertySourceProperties = '{}', contextCustomizers = set[org.springframework.boot.test.autoconfigure.properties.PropertyMappingContextCustomizer@0, org.springframework.boot.test.autoconfigure.web.servlet.WebDriverContextCustomizerFactory$Customizer@246bee75, org.springframework.boot.test.context.filter.ExcludeFilterContextCustomizer@4d1de7c4, org.springframework.boot.test.json.DuplicateJsonObjectContextCustomizerFactory$DuplicateJsonObjectContextCustomizer@1a18d313, org.springframework.boot.test.mock.mockito.MockitoContextCustomizer@0], contextLoader = 'org.springframework.test.context.support.DelegatingSmartContextLoader', parent = [null]]]
15:50:34.844 [Test worker] DEBUG org.springframework.test.context.cache - Spring test ApplicationContext cache statistics: [DefaultContextCache@3fb0312e size = 1, maxSize = 32, parentContextCount = 0, hitCount = 63, missCount = 1]
15:50:34.845 [Test worker] DEBUG org.springframework.test.context.cache.DefaultCacheAwareContextLoaderDelegate - Retrieved ApplicationContext from cache with key [[MergedContextConfiguration@79b586a4 testClass = ElectionControllerTest, locations = '{classpath*:SpringBootVueApplication.class}', classes = '{}', contextInitializerClasses = '[]', activeProfiles = '{}', propertySourceLocations = '{}', propertySourceProperties = '{}', contextCustomizers = set[org.springframework.boot.test.autoconfigure.properties.PropertyMappingContextCustomizer@0, org.springframework.boot.test.autoconfigure.web.servlet.WebDriverContextCustomizerFactory$Customizer@246bee75, org.springframework.boot.test.context.filter.ExcludeFilterContextCustomizer@4d1de7c4, org.springframework.boot.test.json.DuplicateJsonObjectContextCustomizerFactory$DuplicateJsonObjectContextCustomizer@1a18d313, org.springframework.boot.test.mock.mockito.MockitoContextCustomizer@0], contextLoader = 'org.springframework.test.context.support.DelegatingSmartContextLoader', parent = [null]]]
15:50:34.845 [Test worker] DEBUG org.springframework.test.context.cache - Spring test ApplicationContext cache statistics: [DefaultContextCache@3fb0312e size = 1, maxSize = 32, parentContextCount = 0, hitCount = 64, missCount = 1]
15:50:34.845 [Test worker] DEBUG org.springframework.test.context.cache.DefaultCacheAwareContextLoaderDelegate - Retrieved ApplicationContext from cache with key [[MergedContextConfiguration@79b586a4 testClass = ElectionControllerTest, locations = '{classpath*:SpringBootVueApplication.class}', classes = '{}', contextInitializerClasses = '[]', activeProfiles = '{}', propertySourceLocations = '{}', propertySourceProperties = '{}', contextCustomizers = set[org.springframework.boot.test.autoconfigure.properties.PropertyMappingContextCustomizer@0, org.springframework.boot.test.autoconfigure.web.servlet.WebDriverContextCustomizerFactory$Customizer@246bee75, org.springframework.boot.test.context.filter.ExcludeFilterContextCustomizer@4d1de7c4, org.springframework.boot.test.json.DuplicateJsonObjectContextCustomizerFactory$DuplicateJsonObjectContextCustomizer@1a18d313, org.springframework.boot.test.mock.mockito.MockitoContextCustomizer@0], contextLoader = 'org.springframework.test.context.support.DelegatingSmartContextLoader', parent = [null]]]
15:50:34.845 [Test worker] DEBUG org.springframework.test.context.cache - Spring test ApplicationContext cache statistics: [DefaultContextCache@3fb0312e size = 1, maxSize = 32, parentContextCount = 0, hitCount = 65, missCount = 1]
15:50:34.846 [Test worker] DEBUG org.springframework.test.context.support.AbstractDirtiesContextTestExecutionListener - After test method: context [DefaultTestContext@61746312 testClass = ElectionControllerTest, testInstance = com.okta.springbootvue.SpringBootVueApplication.Controller.ElectionControllerTest@7e02570, testMethod = getElection@ElectionControllerTest, testException = [null], mergedContextConfiguration = [MergedContextConfiguration@79b586a4 testClass = ElectionControllerTest, locations = '{classpath*:SpringBootVueApplication.class}', classes = '{}', contextInitializerClasses = '[]', activeProfiles = '{}', propertySourceLocations = '{}', propertySourceProperties = '{}', contextCustomizers = set[org.springframework.boot.test.autoconfigure.properties.PropertyMappingContextCustomizer@0, org.springframework.boot.test.autoconfigure.web.servlet.WebDriverContextCustomizerFactory$Customizer@246bee75, org.springframework.boot.test.context.filter.ExcludeFilterContextCustomizer@4d1de7c4, org.springframework.boot.test.json.DuplicateJsonObjectContextCustomizerFactory$DuplicateJsonObjectContextCustomizer@1a18d313, org.springframework.boot.test.mock.mockito.MockitoContextCustomizer@0], contextLoader = 'org.springframework.test.context.support.DelegatingSmartContextLoader', parent = [null]], attributes = map[[empty]]], class annotated with @DirtiesContext [false] with mode [null], method annotated with @DirtiesContext [false] with mode [null].
15:50:34.847 [Test worker] DEBUG org.springframework.test.context.support.AbstractDirtiesContextTestExecutionListener - After test class: context [DefaultTestContext@61746312 testClass = ElectionControllerTest, testInstance = [null], testMethod = [null], testException = [null], mergedContextConfiguration = [MergedContextConfiguration@79b586a4 testClass = ElectionControllerTest, locations = '{classpath*:SpringBootVueApplication.class}', classes = '{}', contextInitializerClasses = '[]', activeProfiles = '{}', propertySourceLocations = '{}', propertySourceProperties = '{}', contextCustomizers = set[org.springframework.boot.test.autoconfigure.properties.PropertyMappingContextCustomizer@0, org.springframework.boot.test.autoconfigure.web.servlet.WebDriverContextCustomizerFactory$Customizer@246bee75, org.springframework.boot.test.context.filter.ExcludeFilterContextCustomizer@4d1de7c4, org.springframework.boot.test.json.DuplicateJsonObjectContextCustomizerFactory$DuplicateJsonObjectContextCustomizer@1a18d313, org.springframework.boot.test.mock.mockito.MockitoContextCustomizer@0], contextLoader = 'org.springframework.test.context.support.DelegatingSmartContextLoader', parent = [null]], attributes = map[[empty]]], class annotated with @DirtiesContext [false] with mode [null].
]]></system-out>
  <system-err><![CDATA[]]></system-err>
</testsuite>
